#
# A fatal error has been detected by the Java Runtime Environment:
#
#  EXCEPTION_ACCESS_VIOLATION (0xc0000005) at pc=0x0000000000000000, pid=18688, tid=8272
#
# JRE version: Java(TM) SE Runtime Environment (21.0.6+8) (build 21.0.6+8-LTS-188)
# Java VM: Java HotSpot(TM) 64-Bit Server VM (21.0.6+8-LTS-188, mixed mode, sharing, tiered, compressed oops, compressed class ptrs, g1 gc, windows-amd64)
# Problematic frame:
# j  Inher.Child.<init>()V+1
#
# No core dump will be written. Minidumps are not enabled by default on client versions of Windows
#
# If you would like to submit a bug report, please visit:
#   https://bugreport.java.com/bugreport/crash.jsp
#

---------------  S U M M A R Y ------------

Command Line: -Xverify:none Inher.Test

Host: AMD Ryzen 5 5500U with Radeon Graphics         , 12 cores, 15G,  Windows 10 , 64 bit Build 19041 (10.0.19041.5915)
Time: Thu Jan 22 13:56:45 2026 RTZ 2 (s 10 , 64 bit Build 19041 (10.0.19041.5915) elapsed time: 0.064970 seconds (0d 0h 0m 0s)

---------------  T H R E A D  ---------------

Current thread (0x0000023efec4d940):  JavaThread "main"             [_thread_in_Java, id=8272, stack(0x000000ecc7d00000,0x000000ecc7e00000) (1024K)]

Stack: [0x000000ecc7d00000,0x000000ecc7e00000],  sp=0x000000ecc7dff608,  free space=1021k
Native frames: (J=compiled Java code, j=interpreted, Vv=VM code, C=native code)


siginfo: EXCEPTION_ACCESS_VIOLATION (0xc0000005), data execution prevention violation at address 0x0000000000000000


Registers:
RAX=0x0000000000000000, RBX=0x0000023ee24007c8, RCX=0x0000000719de6fe0, RDX=0x0000023e90d08860
RSP=0x000000ecc7dff600, RBP=0x000000ecc7dff658, RSI=0x000000ecc7dffac0, RDI=0x000000ecc7dffac8
R8 =0x0000000000000002, R9 =0x0000000000000002, R10=0x00007ffc242ddb20, R11=0x000000ecc7dff5c0
R12=0x0000000000000000, R13=0x000000ecc7dff608, R14=0x000000ecc7dff668, R15=0x0000023efec4d940
RIP=0x0000000000000000, EFLAGS=0x0000000000010246


Register to memory mapping:

RAX=0x0 is null
RBX={method} {0x0000023ee24007d0} '<init>' '()V' in 'Inher/Parent'
RCX=0x0000000719de6fe0 is an oop: Inher.Child 
{0x0000000719de6fe0} - klass: 'Inher/Child'
 - ---- fields (total size 2 words):
RDX=0x0000023e90d08860 is at code_begin+1184 in an Interpreter codelet
return entry points  [0x0000023e90d083c0, 0x0000023e90d08f60]  2976 bytes
RSP=0x000000ecc7dff600 is pointing into the stack for thread: 0x0000023efec4d940
RBP=0x000000ecc7dff658 is pointing into the stack for thread: 0x0000023efec4d940
RSI=0x000000ecc7dffac0 is pointing into the stack for thread: 0x0000023efec4d940
RDI=0x000000ecc7dffac8 is pointing into the stack for thread: 0x0000023efec4d940
R8 =0x0000000000000002 is an unknown value
R9 =0x0000000000000002 is an unknown value
R10=0x00007ffc242ddb20 jvm.dll
R11=0x000000ecc7dff5c0 is pointing into the stack for thread: 0x0000023efec4d940
R12=0x0 is null
R13=0x000000ecc7dff608 is pointing into the stack for thread: 0x0000023efec4d940
R14=0x000000ecc7dff668 is pointing into the stack for thread: 0x0000023efec4d940
R15=0x0000023efec4d940 is a thread

Top of Stack: (sp=0x000000ecc7dff600)
0x000000ecc7dff600:   0000023e90d08860 0000000719de6fe0
0x000000ecc7dff610:   000000ecc7dff610 0000023ee24004f9
0x000000ecc7dff620:   0000000000000002 0000023ee2400610
0x000000ecc7dff630:   0000000000000000 0000000719de6ef8
0x000000ecc7dff640:   0000023ee2400500 000000ecc7dff608
0x000000ecc7dff650:   000000ecc7dff668 000000ecc7dff6c0
0x000000ecc7dff660:   0000023e90d08860 0000000719de6fe0
0x000000ecc7dff670:   0000000719de6fe0 000000ecc7dff678
0x000000ecc7dff680:   0000023ee2400244 0000000000000004
0x000000ecc7dff690:   0000023ee24002d0 0000000000000000
0x000000ecc7dff6a0:   0000000719de6050 0000023ee2400258
0x000000ecc7dff6b0:   000000ecc7dff668 000000ecc7dff6e0
0x000000ecc7dff6c0:   000000ecc7dff8c0 0000023e90d0100d
0x000000ecc7dff6d0:   0000000000000000 0000000000000000
0x000000ecc7dff6e0:   0000000719de6730 00007ffcc25fb86b
0x000000ecc7dff6f0:   0000000000000000 0000023efed20fc0
0x000000ecc7dff700:   0000023ea03aa6a0 0000023efed20000
0x000000ecc7dff710:   0000023efed202b4 0000023efec4d940
0x000000ecc7dff720:   0000000000000050 0000023efed20cc0
0x000000ecc7dff730:   00000000000001c0 0000000000000000
0x000000ecc7dff740:   0000000000000000 0000000000000050
0x000000ecc7dff750:   0000000000000040 0000000000000020
0x000000ecc7dff760:   0000023efec20000 000000ecc7dff829
0x000000ecc7dff770:   0000000000000005 00007ffcc25fb3c7
0x000000ecc7dff780:   0000023efed20000 0000000000000000
0x000000ecc7dff790:   0000000000000040 000000ec00000000
0x000000ecc7dff7a0:   0000000000000002 00007ffcc25fb3c7
0x000000ecc7dff7b0:   00000002fed20000 0000000000000001
0x000000ecc7dff7c0:   0000000000000018 00007ffc23994b69
0x000000ecc7dff7d0:   0000000000000000 0000000000000000
0x000000ecc7dff7e0:   0000000200000000 0000000000000000
0x000000ecc7dff7f0:   0000000000000000 0000000000000000 

Instructions: (pc=0x0000023e90d08860)
0x0000023e90d08760:   ff 00 00 00 48 8d 24 dc 41 0f b6 5d 02 49 83 c5
0x0000023e90d08770:   02 49 ba 10 fc 2d 24 fc 7f 00 00 41 ff 24 da 48
0x0000023e90d08780:   8b 65 f0 48 c7 45 f0 00 00 00 00 4c 8b 6d c0 4c
0x0000023e90d08790:   8b 75 c8 4e 8d 74 f5 00 48 8b 5d d8 48 85 db 0f
0x0000023e90d087a0:   84 8a 00 00 00 41 80 7d 00 ba 0f 84 1b 00 00 00
0x0000023e90d087b0:   41 80 7d 00 e9 0f 84 10 00 00 00 48 8b 4d e8 66
0x0000023e90d087c0:   81 79 34 8e 01 0f 85 64 00 00 00 48 8b c8 48 85
0x0000023e90d087d0:   c9 75 0e f6 43 f8 01 75 56 f0 48 83 4b f8 01 eb
0x0000023e90d087e0:   4e 8b 49 08 49 ba 00 00 00 a1 3e 02 00 00 49 03
0x0000023e90d087f0:   ca 4c 8b d1 48 33 4b f8 48 f7 c1 fc ff ff ff 74
0x0000023e90d08800:   2e f6 c1 02 75 29 48 83 7b f8 00 74 1e 48 83 7b
0x0000023e90d08810:   f8 01 74 17 49 8b ca 48 33 4b f8 48 f7 c1 fc ff
0x0000023e90d08820:   ff ff 74 0b 48 83 4b f8 02 eb 04 48 89 4b f8 41
0x0000023e90d08830:   0f b7 4d 01 48 8b 5d d0 c1 e1 02 8b 5c cb 50 81
0x0000023e90d08840:   e3 ff 00 00 00 48 8d 24 dc 41 0f b6 5d 02 49 83
0x0000023e90d08850:   c5 02 49 ba 10 1c 2e 24 fc 7f 00 00 41 ff 24 da
0x0000023e90d08860:   48 8b 65 f0 48 c7 45 f0 00 00 00 00 4c 8b 6d c0
0x0000023e90d08870:   4c 8b 75 c8 4e 8d 74 f5 00 41 0f b7 4d 01 48 8b
0x0000023e90d08880:   5d d0 c1 e1 02 8b 5c cb 50 81 e3 ff 00 00 00 48
0x0000023e90d08890:   8d 24 dc 41 0f b6 5d 03 49 83 c5 03 49 ba 10 24
0x0000023e90d088a0:   2e 24 fc 7f 00 00 41 ff 24 da 48 8b 65 f0 48 c7
0x0000023e90d088b0:   45 f0 00 00 00 00 4c 8b 6d c0 4c 8b 75 c8 4e 8d
0x0000023e90d088c0:   74 f5 00 41 0f b7 4d 01 48 8b 5d d0 c1 e1 02 8b
0x0000023e90d088d0:   5c cb 50 81 e3 ff 00 00 00 48 8d 24 dc 41 0f b6
0x0000023e90d088e0:   5d 03 49 83 c5 03 49 ba 10 14 2e 24 fc 7f 00 00
0x0000023e90d088f0:   41 ff 24 da 48 8b 65 f0 48 c7 45 f0 00 00 00 00
0x0000023e90d08900:   4c 8b 6d c0 4c 8b 75 c8 4e 8d 74 f5 00 41 0f b7
0x0000023e90d08910:   4d 01 48 8b 5d d0 c1 e1 02 8b 5c cb 50 81 e3 ff
0x0000023e90d08920:   00 00 00 48 8d 24 dc 41 0f b6 5d 03 49 83 c5 03
0x0000023e90d08930:   49 ba 10 0c 2e 24 fc 7f 00 00 41 ff 24 da 48 8b
0x0000023e90d08940:   65 f0 48 c7 45 f0 00 00 00 00 4c 8b 6d c0 4c 8b
0x0000023e90d08950:   75 c8 4e 8d 74 f5 00 41 0f b7 4d 01 48 8b 5d d0 


Stack slot to memory mapping:

stack at sp + 0 slots: 0x0000000719de6fe0 is an oop: Inher.Child 
{0x0000000719de6fe0} - klass: 'Inher/Child'
 - ---- fields (total size 2 words):
stack at sp + 1 slots: 0x000000ecc7dff610 is pointing into the stack for thread: 0x0000023efec4d940
stack at sp + 2 slots: 0x0000023ee24004f9 is pointing into metadata
stack at sp + 3 slots: 0x0000000000000002 is an unknown value
stack at sp + 4 slots: 0x0000023ee2400610 is pointing into metadata
stack at sp + 5 slots: 0x0 is null
stack at sp + 6 slots: 0x0000000719de6ef8 is an oop: java.lang.Class 
{0x0000000719de6ef8} - klass: 'java/lang/Class'
 - ---- fields (total size 14 words):
 - private volatile transient 'classRedefinedCount' 'I' @12  0 (0x00000000)
 - injected 'klass' 'J' @16  2468029139448 (0x0000023ea20009f8)
 - injected 'array_klass' 'J' @24  0 (0x0000000000000000)
 - injected 'oop_size' 'I' @32  14 (0x0000000e)
 - injected 'static_oop_field_count' 'I' @36  0 (0x00000000)
 - private volatile transient 'cachedConstructor' 'Ljava/lang/reflect/Constructor;' @40  null (0x00000000)
 - private transient 'name' 'Ljava/lang/String;' @44  "Inher.Child"{0x0000000719de6f78} (0xe33bcdef)
 - private transient 'module' 'Ljava/lang/Module;' @48  a 'java/lang/Module'{0x0000000719c63ab0} (0xe338c756)
 - private final 'classLoader' 'Ljava/lang/ClassLoader;' @52  a 'jdk/internal/loader/ClassLoaders$AppClassLoader'{0x0000000719c638f0} (0xe338c71e)
 - private transient 'classData' 'Ljava/lang/Object;' @56  null (0x00000000)
 - private transient 'packageName' 'Ljava/lang/String;' @60  "Inher"{0x0000000719de3998} (0xe33bc733)
 - private final 'componentType' 'Ljava/lang/Class;' @64  null (0x00000000)
 - private volatile transient 'reflectionData' 'Ljava/lang/ref/SoftReference;' @68  null (0x00000000)
 - private volatile transient 'genericInfo' 'Lsun/reflect/generics/repository/ClassRepository;' @72  null (0x00000000)
 - private volatile transient 'enumConstants' '[Ljava/lang/Object;' @76  null (0x00000000)
 - private volatile transient 'enumConstantDirectory' 'Ljava/util/Map;' @80  null (0x00000000)
 - private volatile transient 'annotationData' 'Ljava/lang/Class$AnnotationData;' @84  null (0x00000000)
 - private volatile transient 'annotationType' 'Lsun/reflect/annotation/AnnotationType;' @88  null (0x00000000)
 - transient 'classValueMap' 'Ljava/lang/ClassValue$ClassValueMap;' @92  null (0x00000000)
 - injected 'protection_domain' 'Ljava/lang/Object;' @96  a 'java/security/ProtectionDomain'{0x0000000719de59a0} (0xe33bcb34)
 - injected 'signers_name' 'Ljava/lang/Object;' @100  null (0x00000000)
 - injected 'source_file' 'Ljava/lang/Object;' @104  null (0x00000000)
 - injected '<init_lock>' 'Ljava/lang/Object;' @108  null (0x00000000)
 - signature: LInher/Child;
 - ---- static fields (0):
stack at sp + 7 slots: {method} {0x0000023ee2400508} '<init>' '()V' in 'Inher/Child'


---------------  P R O C E S S  ---------------

Threads class SMR info:
_java_thread_list=0x0000023ea044d4b0, length=11, elements={
0x0000023efec4d940, 0x0000023ea0167ba0, 0x0000023ea01684c0, 0x0000023ea0169c90,
0x0000023ea016a2f0, 0x0000023ea0172960, 0x0000023ea019a760, 0x0000023ea019b910,
0x0000023ea019dfc0, 0x0000023ea0443370, 0x0000023ea0432950
}

Java Threads: ( => current thread )
=>0x0000023efec4d940 JavaThread "main"                              [_thread_in_Java, id=8272, stack(0x000000ecc7d00000,0x000000ecc7e00000) (1024K)]
  0x0000023ea0167ba0 JavaThread "Reference Handler"          daemon [_thread_blocked, id=18540, stack(0x000000ecc8500000,0x000000ecc8600000) (1024K)]
  0x0000023ea01684c0 JavaThread "Finalizer"                  daemon [_thread_blocked, id=780, stack(0x000000ecc8600000,0x000000ecc8700000) (1024K)]
  0x0000023ea0169c90 JavaThread "Signal Dispatcher"          daemon [_thread_blocked, id=1396, stack(0x000000ecc8700000,0x000000ecc8800000) (1024K)]
  0x0000023ea016a2f0 JavaThread "Attach Listener"            daemon [_thread_blocked, id=11120, stack(0x000000ecc8800000,0x000000ecc8900000) (1024K)]
  0x0000023ea0172960 JavaThread "Service Thread"             daemon [_thread_blocked, id=3096, stack(0x000000ecc8900000,0x000000ecc8a00000) (1024K)]
  0x0000023ea019a760 JavaThread "Monitor Deflation Thread"   daemon [_thread_blocked, id=13796, stack(0x000000ecc8a00000,0x000000ecc8b00000) (1024K)]
  0x0000023ea019b910 JavaThread "C2 CompilerThread0"         daemon [_thread_blocked, id=7976, stack(0x000000ecc8b00000,0x000000ecc8c00000) (1024K)]
  0x0000023ea019dfc0 JavaThread "C1 CompilerThread0"         daemon [_thread_blocked, id=18988, stack(0x000000ecc8c00000,0x000000ecc8d00000) (1024K)]
  0x0000023ea0443370 JavaThread "Notification Thread"        daemon [_thread_blocked, id=9828, stack(0x000000ecc8d00000,0x000000ecc8e00000) (1024K)]
  0x0000023ea0432950 JavaThread "Common-Cleaner"             daemon [_thread_blocked, id=19684, stack(0x000000ecc8e00000,0x000000ecc8f00000) (1024K)]
Total: 11

Other Threads:
  0x0000023ea0149d80 VMThread "VM Thread"                           [id=11124, stack(0x000000ecc8400000,0x000000ecc8500000) (1024K)]
  0x0000023ea013af40 WatcherThread "VM Periodic Task Thread"        [id=12504, stack(0x000000ecc8300000,0x000000ecc8400000) (1024K)]
  0x0000023efee8f3a0 WorkerThread "GC Thread#0"                     [id=19096, stack(0x000000ecc7e00000,0x000000ecc7f00000) (1024K)]
  0x0000023efeea2730 ConcurrentGCThread "G1 Main Marker"            [id=19372, stack(0x000000ecc7f00000,0x000000ecc8000000) (1024K)]
  0x0000023efeea3040 WorkerThread "G1 Conc#0"                       [id=18620, stack(0x000000ecc8000000,0x000000ecc8100000) (1024K)]
  0x0000023ea000b940 ConcurrentGCThread "G1 Refine#0"               [id=9992, stack(0x000000ecc8100000,0x000000ecc8200000) (1024K)]
  0x0000023ea000dee0 ConcurrentGCThread "G1 Service"                [id=972, stack(0x000000ecc8200000,0x000000ecc8300000) (1024K)]
Total: 7

Threads with active compile tasks:
Total: 0

VM state: not at safepoint (normal execution)

VM Mutex/Monitor currently owned by a thread: None

Heap address: 0x000000070a800000, size: 3928 MB, Compressed Oops mode: Zero based, Oop shift amount: 3

CDS archive(s) mapped at: [0x0000023ea1000000-0x0000023ea1c90000-0x0000023ea1c90000), size 13172736, SharedBaseAddress: 0x0000023ea1000000, ArchiveRelocationMode: 1.
Compressed class space mapped at: 0x0000023ea2000000-0x0000023ee2000000, reserved size: 1073741824
Narrow klass base: 0x0000023ea1000000, Narrow klass shift: 0, Narrow klass range: 0x100000000

GC Precious Log:
 CardTable entry size: 512
 Card Set container configuration: InlinePtr #cards 4 size 8 Array Of Cards #cards 16 size 48 Howl #buckets 8 coarsen threshold 3686 Howl Bitmap #cards 512 size 80 coarsen threshold 460 Card regions per heap region 1 cards per card region 4096
 CPUs: 12 total, 12 available
 Memory: 15706M
 Large Page Support: Disabled
 NUMA Support: Disabled
 Compressed Oops: Enabled (Zero based)
 Heap Region Size: 2M
 Heap Min Capacity: 8M
 Heap Initial Capacity: 246M
 Heap Max Capacity: 3928M
 Pre-touch: Disabled
 Parallel Workers: 10
 Concurrent Workers: 3
 Concurrent Refinement Workers: 10
 Periodic GC: Disabled

Heap:
 garbage-first heap   total 251904K, used 2048K [0x000000070a800000, 0x0000000800000000)
  region size 2048K, 2 young (4096K), 0 survivors (0K)
 Metaspace       used 146K, committed 384K, reserved 1114112K
  class space    used 6K, committed 128K, reserved 1048576K

Heap Regions: E=young(eden), S=young(survivor), O=old, HS=humongous(starts), HC=humongous(continues), CS=collection set, F=free, TAMS=top-at-mark-start, PB=parsable bottom
|   0|0x000000070a800000, 0x000000070a800000, 0x000000070aa00000|  0%| F|  |TAMS 0x000000070a800000| PB 0x000000070a800000| Untracked 
|   1|0x000000070aa00000, 0x000000070aa00000, 0x000000070ac00000|  0%| F|  |TAMS 0x000000070aa00000| PB 0x000000070aa00000| Untracked 
|   2|0x000000070ac00000, 0x000000070ac00000, 0x000000070ae00000|  0%| F|  |TAMS 0x000000070ac00000| PB 0x000000070ac00000| Untracked 
|   3|0x000000070ae00000, 0x000000070ae00000, 0x000000070b000000|  0%| F|  |TAMS 0x000000070ae00000| PB 0x000000070ae00000| Untracked 
|   4|0x000000070b000000, 0x000000070b000000, 0x000000070b200000|  0%| F|  |TAMS 0x000000070b000000| PB 0x000000070b000000| Untracked 
|   5|0x000000070b200000, 0x000000070b200000, 0x000000070b400000|  0%| F|  |TAMS 0x000000070b200000| PB 0x000000070b200000| Untracked 
|   6|0x000000070b400000, 0x000000070b400000, 0x000000070b600000|  0%| F|  |TAMS 0x000000070b400000| PB 0x000000070b400000| Untracked 
|   7|0x000000070b600000, 0x000000070b600000, 0x000000070b800000|  0%| F|  |TAMS 0x000000070b600000| PB 0x000000070b600000| Untracked 
|   8|0x000000070b800000, 0x000000070b800000, 0x000000070ba00000|  0%| F|  |TAMS 0x000000070b800000| PB 0x000000070b800000| Untracked 
|   9|0x000000070ba00000, 0x000000070ba00000, 0x000000070bc00000|  0%| F|  |TAMS 0x000000070ba00000| PB 0x000000070ba00000| Untracked 
|  10|0x000000070bc00000, 0x000000070bc00000, 0x000000070be00000|  0%| F|  |TAMS 0x000000070bc00000| PB 0x000000070bc00000| Untracked 
|  11|0x000000070be00000, 0x000000070be00000, 0x000000070c000000|  0%| F|  |TAMS 0x000000070be00000| PB 0x000000070be00000| Untracked 
|  12|0x000000070c000000, 0x000000070c000000, 0x000000070c200000|  0%| F|  |TAMS 0x000000070c000000| PB 0x000000070c000000| Untracked 
|  13|0x000000070c200000, 0x000000070c200000, 0x000000070c400000|  0%| F|  |TAMS 0x000000070c200000| PB 0x000000070c200000| Untracked 
|  14|0x000000070c400000, 0x000000070c400000, 0x000000070c600000|  0%| F|  |TAMS 0x000000070c400000| PB 0x000000070c400000| Untracked 
|  15|0x000000070c600000, 0x000000070c600000, 0x000000070c800000|  0%| F|  |TAMS 0x000000070c600000| PB 0x000000070c600000| Untracked 
|  16|0x000000070c800000, 0x000000070c800000, 0x000000070ca00000|  0%| F|  |TAMS 0x000000070c800000| PB 0x000000070c800000| Untracked 
|  17|0x000000070ca00000, 0x000000070ca00000, 0x000000070cc00000|  0%| F|  |TAMS 0x000000070ca00000| PB 0x000000070ca00000| Untracked 
|  18|0x000000070cc00000, 0x000000070cc00000, 0x000000070ce00000|  0%| F|  |TAMS 0x000000070cc00000| PB 0x000000070cc00000| Untracked 
|  19|0x000000070ce00000, 0x000000070ce00000, 0x000000070d000000|  0%| F|  |TAMS 0x000000070ce00000| PB 0x000000070ce00000| Untracked 
|  20|0x000000070d000000, 0x000000070d000000, 0x000000070d200000|  0%| F|  |TAMS 0x000000070d000000| PB 0x000000070d000000| Untracked 
|  21|0x000000070d200000, 0x000000070d200000, 0x000000070d400000|  0%| F|  |TAMS 0x000000070d200000| PB 0x000000070d200000| Untracked 
|  22|0x000000070d400000, 0x000000070d400000, 0x000000070d600000|  0%| F|  |TAMS 0x000000070d400000| PB 0x000000070d400000| Untracked 
|  23|0x000000070d600000, 0x000000070d600000, 0x000000070d800000|  0%| F|  |TAMS 0x000000070d600000| PB 0x000000070d600000| Untracked 
|  24|0x000000070d800000, 0x000000070d800000, 0x000000070da00000|  0%| F|  |TAMS 0x000000070d800000| PB 0x000000070d800000| Untracked 
|  25|0x000000070da00000, 0x000000070da00000, 0x000000070dc00000|  0%| F|  |TAMS 0x000000070da00000| PB 0x000000070da00000| Untracked 
|  26|0x000000070dc00000, 0x000000070dc00000, 0x000000070de00000|  0%| F|  |TAMS 0x000000070dc00000| PB 0x000000070dc00000| Untracked 
|  27|0x000000070de00000, 0x000000070de00000, 0x000000070e000000|  0%| F|  |TAMS 0x000000070de00000| PB 0x000000070de00000| Untracked 
|  28|0x000000070e000000, 0x000000070e000000, 0x000000070e200000|  0%| F|  |TAMS 0x000000070e000000| PB 0x000000070e000000| Untracked 
|  29|0x000000070e200000, 0x000000070e200000, 0x000000070e400000|  0%| F|  |TAMS 0x000000070e200000| PB 0x000000070e200000| Untracked 
|  30|0x000000070e400000, 0x000000070e400000, 0x000000070e600000|  0%| F|  |TAMS 0x000000070e400000| PB 0x000000070e400000| Untracked 
|  31|0x000000070e600000, 0x000000070e600000, 0x000000070e800000|  0%| F|  |TAMS 0x000000070e600000| PB 0x000000070e600000| Untracked 
|  32|0x000000070e800000, 0x000000070e800000, 0x000000070ea00000|  0%| F|  |TAMS 0x000000070e800000| PB 0x000000070e800000| Untracked 
|  33|0x000000070ea00000, 0x000000070ea00000, 0x000000070ec00000|  0%| F|  |TAMS 0x000000070ea00000| PB 0x000000070ea00000| Untracked 
|  34|0x000000070ec00000, 0x000000070ec00000, 0x000000070ee00000|  0%| F|  |TAMS 0x000000070ec00000| PB 0x000000070ec00000| Untracked 
|  35|0x000000070ee00000, 0x000000070ee00000, 0x000000070f000000|  0%| F|  |TAMS 0x000000070ee00000| PB 0x000000070ee00000| Untracked 
|  36|0x000000070f000000, 0x000000070f000000, 0x000000070f200000|  0%| F|  |TAMS 0x000000070f000000| PB 0x000000070f000000| Untracked 
|  37|0x000000070f200000, 0x000000070f200000, 0x000000070f400000|  0%| F|  |TAMS 0x000000070f200000| PB 0x000000070f200000| Untracked 
|  38|0x000000070f400000, 0x000000070f400000, 0x000000070f600000|  0%| F|  |TAMS 0x000000070f400000| PB 0x000000070f400000| Untracked 
|  39|0x000000070f600000, 0x000000070f600000, 0x000000070f800000|  0%| F|  |TAMS 0x000000070f600000| PB 0x000000070f600000| Untracked 
|  40|0x000000070f800000, 0x000000070f800000, 0x000000070fa00000|  0%| F|  |TAMS 0x000000070f800000| PB 0x000000070f800000| Untracked 
|  41|0x000000070fa00000, 0x000000070fa00000, 0x000000070fc00000|  0%| F|  |TAMS 0x000000070fa00000| PB 0x000000070fa00000| Untracked 
|  42|0x000000070fc00000, 0x000000070fc00000, 0x000000070fe00000|  0%| F|  |TAMS 0x000000070fc00000| PB 0x000000070fc00000| Untracked 
|  43|0x000000070fe00000, 0x000000070fe00000, 0x0000000710000000|  0%| F|  |TAMS 0x000000070fe00000| PB 0x000000070fe00000| Untracked 
|  44|0x0000000710000000, 0x0000000710000000, 0x0000000710200000|  0%| F|  |TAMS 0x0000000710000000| PB 0x0000000710000000| Untracked 
|  45|0x0000000710200000, 0x0000000710200000, 0x0000000710400000|  0%| F|  |TAMS 0x0000000710200000| PB 0x0000000710200000| Untracked 
|  46|0x0000000710400000, 0x0000000710400000, 0x0000000710600000|  0%| F|  |TAMS 0x0000000710400000| PB 0x0000000710400000| Untracked 
|  47|0x0000000710600000, 0x0000000710600000, 0x0000000710800000|  0%| F|  |TAMS 0x0000000710600000| PB 0x0000000710600000| Untracked 
|  48|0x0000000710800000, 0x0000000710800000, 0x0000000710a00000|  0%| F|  |TAMS 0x0000000710800000| PB 0x0000000710800000| Untracked 
|  49|0x0000000710a00000, 0x0000000710a00000, 0x0000000710c00000|  0%| F|  |TAMS 0x0000000710a00000| PB 0x0000000710a00000| Untracked 
|  50|0x0000000710c00000, 0x0000000710c00000, 0x0000000710e00000|  0%| F|  |TAMS 0x0000000710c00000| PB 0x0000000710c00000| Untracked 
|  51|0x0000000710e00000, 0x0000000710e00000, 0x0000000711000000|  0%| F|  |TAMS 0x0000000710e00000| PB 0x0000000710e00000| Untracked 
|  52|0x0000000711000000, 0x0000000711000000, 0x0000000711200000|  0%| F|  |TAMS 0x0000000711000000| PB 0x0000000711000000| Untracked 
|  53|0x0000000711200000, 0x0000000711200000, 0x0000000711400000|  0%| F|  |TAMS 0x0000000711200000| PB 0x0000000711200000| Untracked 
|  54|0x0000000711400000, 0x0000000711400000, 0x0000000711600000|  0%| F|  |TAMS 0x0000000711400000| PB 0x0000000711400000| Untracked 
|  55|0x0000000711600000, 0x0000000711600000, 0x0000000711800000|  0%| F|  |TAMS 0x0000000711600000| PB 0x0000000711600000| Untracked 
|  56|0x0000000711800000, 0x0000000711800000, 0x0000000711a00000|  0%| F|  |TAMS 0x0000000711800000| PB 0x0000000711800000| Untracked 
|  57|0x0000000711a00000, 0x0000000711a00000, 0x0000000711c00000|  0%| F|  |TAMS 0x0000000711a00000| PB 0x0000000711a00000| Untracked 
|  58|0x0000000711c00000, 0x0000000711c00000, 0x0000000711e00000|  0%| F|  |TAMS 0x0000000711c00000| PB 0x0000000711c00000| Untracked 
|  59|0x0000000711e00000, 0x0000000711e00000, 0x0000000712000000|  0%| F|  |TAMS 0x0000000711e00000| PB 0x0000000711e00000| Untracked 
|  60|0x0000000712000000, 0x0000000712000000, 0x0000000712200000|  0%| F|  |TAMS 0x0000000712000000| PB 0x0000000712000000| Untracked 
|  61|0x0000000712200000, 0x0000000712200000, 0x0000000712400000|  0%| F|  |TAMS 0x0000000712200000| PB 0x0000000712200000| Untracked 
|  62|0x0000000712400000, 0x0000000712400000, 0x0000000712600000|  0%| F|  |TAMS 0x0000000712400000| PB 0x0000000712400000| Untracked 
|  63|0x0000000712600000, 0x0000000712600000, 0x0000000712800000|  0%| F|  |TAMS 0x0000000712600000| PB 0x0000000712600000| Untracked 
|  64|0x0000000712800000, 0x0000000712800000, 0x0000000712a00000|  0%| F|  |TAMS 0x0000000712800000| PB 0x0000000712800000| Untracked 
|  65|0x0000000712a00000, 0x0000000712a00000, 0x0000000712c00000|  0%| F|  |TAMS 0x0000000712a00000| PB 0x0000000712a00000| Untracked 
|  66|0x0000000712c00000, 0x0000000712c00000, 0x0000000712e00000|  0%| F|  |TAMS 0x0000000712c00000| PB 0x0000000712c00000| Untracked 
|  67|0x0000000712e00000, 0x0000000712e00000, 0x0000000713000000|  0%| F|  |TAMS 0x0000000712e00000| PB 0x0000000712e00000| Untracked 
|  68|0x0000000713000000, 0x0000000713000000, 0x0000000713200000|  0%| F|  |TAMS 0x0000000713000000| PB 0x0000000713000000| Untracked 
|  69|0x0000000713200000, 0x0000000713200000, 0x0000000713400000|  0%| F|  |TAMS 0x0000000713200000| PB 0x0000000713200000| Untracked 
|  70|0x0000000713400000, 0x0000000713400000, 0x0000000713600000|  0%| F|  |TAMS 0x0000000713400000| PB 0x0000000713400000| Untracked 
|  71|0x0000000713600000, 0x0000000713600000, 0x0000000713800000|  0%| F|  |TAMS 0x0000000713600000| PB 0x0000000713600000| Untracked 
|  72|0x0000000713800000, 0x0000000713800000, 0x0000000713a00000|  0%| F|  |TAMS 0x0000000713800000| PB 0x0000000713800000| Untracked 
|  73|0x0000000713a00000, 0x0000000713a00000, 0x0000000713c00000|  0%| F|  |TAMS 0x0000000713a00000| PB 0x0000000713a00000| Untracked 
|  74|0x0000000713c00000, 0x0000000713c00000, 0x0000000713e00000|  0%| F|  |TAMS 0x0000000713c00000| PB 0x0000000713c00000| Untracked 
|  75|0x0000000713e00000, 0x0000000713e00000, 0x0000000714000000|  0%| F|  |TAMS 0x0000000713e00000| PB 0x0000000713e00000| Untracked 
|  76|0x0000000714000000, 0x0000000714000000, 0x0000000714200000|  0%| F|  |TAMS 0x0000000714000000| PB 0x0000000714000000| Untracked 
|  77|0x0000000714200000, 0x0000000714200000, 0x0000000714400000|  0%| F|  |TAMS 0x0000000714200000| PB 0x0000000714200000| Untracked 
|  78|0x0000000714400000, 0x0000000714400000, 0x0000000714600000|  0%| F|  |TAMS 0x0000000714400000| PB 0x0000000714400000| Untracked 
|  79|0x0000000714600000, 0x0000000714600000, 0x0000000714800000|  0%| F|  |TAMS 0x0000000714600000| PB 0x0000000714600000| Untracked 
|  80|0x0000000714800000, 0x0000000714800000, 0x0000000714a00000|  0%| F|  |TAMS 0x0000000714800000| PB 0x0000000714800000| Untracked 
|  81|0x0000000714a00000, 0x0000000714a00000, 0x0000000714c00000|  0%| F|  |TAMS 0x0000000714a00000| PB 0x0000000714a00000| Untracked 
|  82|0x0000000714c00000, 0x0000000714c00000, 0x0000000714e00000|  0%| F|  |TAMS 0x0000000714c00000| PB 0x0000000714c00000| Untracked 
|  83|0x0000000714e00000, 0x0000000714e00000, 0x0000000715000000|  0%| F|  |TAMS 0x0000000714e00000| PB 0x0000000714e00000| Untracked 
|  84|0x0000000715000000, 0x0000000715000000, 0x0000000715200000|  0%| F|  |TAMS 0x0000000715000000| PB 0x0000000715000000| Untracked 
|  85|0x0000000715200000, 0x0000000715200000, 0x0000000715400000|  0%| F|  |TAMS 0x0000000715200000| PB 0x0000000715200000| Untracked 
|  86|0x0000000715400000, 0x0000000715400000, 0x0000000715600000|  0%| F|  |TAMS 0x0000000715400000| PB 0x0000000715400000| Untracked 
|  87|0x0000000715600000, 0x0000000715600000, 0x0000000715800000|  0%| F|  |TAMS 0x0000000715600000| PB 0x0000000715600000| Untracked 
|  88|0x0000000715800000, 0x0000000715800000, 0x0000000715a00000|  0%| F|  |TAMS 0x0000000715800000| PB 0x0000000715800000| Untracked 
|  89|0x0000000715a00000, 0x0000000715a00000, 0x0000000715c00000|  0%| F|  |TAMS 0x0000000715a00000| PB 0x0000000715a00000| Untracked 
|  90|0x0000000715c00000, 0x0000000715c00000, 0x0000000715e00000|  0%| F|  |TAMS 0x0000000715c00000| PB 0x0000000715c00000| Untracked 
|  91|0x0000000715e00000, 0x0000000715e00000, 0x0000000716000000|  0%| F|  |TAMS 0x0000000715e00000| PB 0x0000000715e00000| Untracked 
|  92|0x0000000716000000, 0x0000000716000000, 0x0000000716200000|  0%| F|  |TAMS 0x0000000716000000| PB 0x0000000716000000| Untracked 
|  93|0x0000000716200000, 0x0000000716200000, 0x0000000716400000|  0%| F|  |TAMS 0x0000000716200000| PB 0x0000000716200000| Untracked 
|  94|0x0000000716400000, 0x0000000716400000, 0x0000000716600000|  0%| F|  |TAMS 0x0000000716400000| PB 0x0000000716400000| Untracked 
|  95|0x0000000716600000, 0x0000000716600000, 0x0000000716800000|  0%| F|  |TAMS 0x0000000716600000| PB 0x0000000716600000| Untracked 
|  96|0x0000000716800000, 0x0000000716800000, 0x0000000716a00000|  0%| F|  |TAMS 0x0000000716800000| PB 0x0000000716800000| Untracked 
|  97|0x0000000716a00000, 0x0000000716a00000, 0x0000000716c00000|  0%| F|  |TAMS 0x0000000716a00000| PB 0x0000000716a00000| Untracked 
|  98|0x0000000716c00000, 0x0000000716c00000, 0x0000000716e00000|  0%| F|  |TAMS 0x0000000716c00000| PB 0x0000000716c00000| Untracked 
|  99|0x0000000716e00000, 0x0000000716e00000, 0x0000000717000000|  0%| F|  |TAMS 0x0000000716e00000| PB 0x0000000716e00000| Untracked 
| 100|0x0000000717000000, 0x0000000717000000, 0x0000000717200000|  0%| F|  |TAMS 0x0000000717000000| PB 0x0000000717000000| Untracked 
| 101|0x0000000717200000, 0x0000000717200000, 0x0000000717400000|  0%| F|  |TAMS 0x0000000717200000| PB 0x0000000717200000| Untracked 
| 102|0x0000000717400000, 0x0000000717400000, 0x0000000717600000|  0%| F|  |TAMS 0x0000000717400000| PB 0x0000000717400000| Untracked 
| 103|0x0000000717600000, 0x0000000717600000, 0x0000000717800000|  0%| F|  |TAMS 0x0000000717600000| PB 0x0000000717600000| Untracked 
| 104|0x0000000717800000, 0x0000000717800000, 0x0000000717a00000|  0%| F|  |TAMS 0x0000000717800000| PB 0x0000000717800000| Untracked 
| 105|0x0000000717a00000, 0x0000000717a00000, 0x0000000717c00000|  0%| F|  |TAMS 0x0000000717a00000| PB 0x0000000717a00000| Untracked 
| 106|0x0000000717c00000, 0x0000000717c00000, 0x0000000717e00000|  0%| F|  |TAMS 0x0000000717c00000| PB 0x0000000717c00000| Untracked 
| 107|0x0000000717e00000, 0x0000000717e00000, 0x0000000718000000|  0%| F|  |TAMS 0x0000000717e00000| PB 0x0000000717e00000| Untracked 
| 108|0x0000000718000000, 0x0000000718000000, 0x0000000718200000|  0%| F|  |TAMS 0x0000000718000000| PB 0x0000000718000000| Untracked 
| 109|0x0000000718200000, 0x0000000718200000, 0x0000000718400000|  0%| F|  |TAMS 0x0000000718200000| PB 0x0000000718200000| Untracked 
| 110|0x0000000718400000, 0x0000000718400000, 0x0000000718600000|  0%| F|  |TAMS 0x0000000718400000| PB 0x0000000718400000| Untracked 
| 111|0x0000000718600000, 0x0000000718600000, 0x0000000718800000|  0%| F|  |TAMS 0x0000000718600000| PB 0x0000000718600000| Untracked 
| 112|0x0000000718800000, 0x0000000718800000, 0x0000000718a00000|  0%| F|  |TAMS 0x0000000718800000| PB 0x0000000718800000| Untracked 
| 113|0x0000000718a00000, 0x0000000718a00000, 0x0000000718c00000|  0%| F|  |TAMS 0x0000000718a00000| PB 0x0000000718a00000| Untracked 
| 114|0x0000000718c00000, 0x0000000718c00000, 0x0000000718e00000|  0%| F|  |TAMS 0x0000000718c00000| PB 0x0000000718c00000| Untracked 
| 115|0x0000000718e00000, 0x0000000718e00000, 0x0000000719000000|  0%| F|  |TAMS 0x0000000718e00000| PB 0x0000000718e00000| Untracked 
| 116|0x0000000719000000, 0x0000000719000000, 0x0000000719200000|  0%| F|  |TAMS 0x0000000719000000| PB 0x0000000719000000| Untracked 
| 117|0x0000000719200000, 0x0000000719200000, 0x0000000719400000|  0%| F|  |TAMS 0x0000000719200000| PB 0x0000000719200000| Untracked 
| 118|0x0000000719400000, 0x0000000719400000, 0x0000000719600000|  0%| F|  |TAMS 0x0000000719400000| PB 0x0000000719400000| Untracked 
| 119|0x0000000719600000, 0x0000000719600000, 0x0000000719800000|  0%| F|  |TAMS 0x0000000719600000| PB 0x0000000719600000| Untracked 
| 120|0x0000000719800000, 0x0000000719800000, 0x0000000719a00000|  0%| F|  |TAMS 0x0000000719800000| PB 0x0000000719800000| Untracked 
| 121|0x0000000719a00000, 0x0000000719a712c0, 0x0000000719c00000| 22%| E|  |TAMS 0x0000000719a00000| PB 0x0000000719a00000| Complete 
| 122|0x0000000719c00000, 0x0000000719e00000, 0x0000000719e00000|100%| E|CS|TAMS 0x0000000719c00000| PB 0x0000000719c00000| Complete 

Card table byte_map: [0x0000023e98f80000,0x0000023e99730000] _byte_map_base: 0x0000023e9572c000

Marking Bits: (CMBitMap*) 0x0000023efee928d0
 Bits: [0x0000023e99730000, 0x0000023e9d490000)

Polling page: 0x0000023efebf0000

Metaspace:

Usage:
  Non-class:    139.77 KB used.
      Class:      6.79 KB used.
       Both:    146.55 KB used.

Virtual space:
  Non-class space:       64.00 MB reserved,     256.00 KB ( <1%) committed,  1 nodes.
      Class space:        1.00 GB reserved,     128.00 KB ( <1%) committed,  1 nodes.
             Both:        1.06 GB reserved,     384.00 KB ( <1%) committed. 

Chunk freelists:
   Non-Class:  12.00 MB
       Class:  15.75 MB
        Both:  27.74 MB

MaxMetaspaceSize: unlimited
CompressedClassSpaceSize: 1.00 GB
Initial GC threshold: 21.00 MB
Current GC threshold: 21.00 MB
CDS: on
 - commit_granule_bytes: 65536.
 - commit_granule_words: 8192.
 - virtual_space_node_default_size: 8388608.
 - enlarge_chunks_in_place: 1.
 - use_allocation_guard: 0.


Internal statistics:

num_allocs_failed_limit: 0.
num_arena_births: 4.
num_arena_deaths: 0.
num_vsnodes_births: 2.
num_vsnodes_deaths: 0.
num_space_committed: 6.
num_space_uncommitted: 0.
num_chunks_returned_to_freelist: 0.
num_chunks_taken_from_freelist: 5.
num_chunk_merges: 0.
num_chunk_splits: 3.
num_chunks_enlarged: 0.
num_inconsistent_stats: 0.

CodeHeap 'non-profiled nmethods': size=120000Kb used=18Kb max_used=18Kb free=119981Kb
 bounds [0x0000023e912a0000, 0x0000023e91510000, 0x0000023e987d0000]
CodeHeap 'profiled nmethods': size=120000Kb used=83Kb max_used=83Kb free=119916Kb
 bounds [0x0000023e897d0000, 0x0000023e89a40000, 0x0000023e90d00000]
CodeHeap 'non-nmethods': size=5760Kb used=1173Kb max_used=1178Kb free=4586Kb
 bounds [0x0000023e90d00000, 0x0000023e90f70000, 0x0000023e912a0000]
 total_blobs=374 nmethods=68 adapters=211
 compilation: enabled
              stopped_count=0, restarted_count=0
 full_count=0

Compilation events (20 events):
Event: 0.045 Thread 0x0000023ea019dfc0   49       3       java.util.concurrent.ConcurrentHashMap::casTabAt (21 bytes)
Event: 0.045 Thread 0x0000023ea019dfc0 nmethod 49 0x0000023e897e3290 code [0x0000023e897e3420, 0x0000023e897e3598]
Event: 0.045 Thread 0x0000023ea019dfc0   64       1       java.util.ImmutableCollections$Set12::isEmpty (2 bytes)
Event: 0.045 Thread 0x0000023ea019dfc0 nmethod 64 0x0000023e912a3d10 code [0x0000023e912a3ea0, 0x0000023e912a3f68]
Event: 0.045 Thread 0x0000023ea019dfc0   63       1       java.lang.module.ModuleDescriptor$Exports::targets (5 bytes)
Event: 0.045 Thread 0x0000023ea019dfc0 nmethod 63 0x0000023e912a4010 code [0x0000023e912a41a0, 0x0000023e912a4270]
Event: 0.045 Thread 0x0000023ea019dfc0   39       3       java.util.ImmutableCollections$MapN::get (35 bytes)
Event: 0.045 Thread 0x0000023ea019dfc0 nmethod 39 0x0000023e897e3610 code [0x0000023e897e3800, 0x0000023e897e3bb8]
Event: 0.045 Thread 0x0000023ea019dfc0   52       1       java.lang.module.ModuleDescriptor::isAutomatic (5 bytes)
Event: 0.045 Thread 0x0000023ea019dfc0 nmethod 52 0x0000023e912a4310 code [0x0000023e912a44a0, 0x0000023e912a4570]
Event: 0.045 Thread 0x0000023ea019dfc0   60       1       java.lang.module.ResolvedModule::configuration (5 bytes)
Event: 0.046 Thread 0x0000023ea019dfc0 nmethod 60 0x0000023e912a4610 code [0x0000023e912a47a0, 0x0000023e912a4870]
Event: 0.046 Thread 0x0000023ea019dfc0   65       3       java.lang.Math::min (11 bytes)
Event: 0.046 Thread 0x0000023ea019dfc0 nmethod 65 0x0000023e897e3d10 code [0x0000023e897e3ea0, 0x0000023e897e3fe0]
Event: 0.046 Thread 0x0000023ea019dfc0   66       3       java.lang.AbstractStringBuilder::ensureCapacityInternal (39 bytes)
Event: 0.046 Thread 0x0000023ea019dfc0 nmethod 66 0x0000023e897e4090 code [0x0000023e897e4260, 0x0000023e897e44a0]
Event: 0.047 Thread 0x0000023ea019dfc0   67       3       java.lang.String::isEmpty (14 bytes)
Event: 0.047 Thread 0x0000023ea019dfc0 nmethod 67 0x0000023e897e4590 code [0x0000023e897e4740, 0x0000023e897e48b0]
Event: 0.055 Thread 0x0000023ea019dfc0   68       3       java.lang.StringLatin1::canEncode (13 bytes)
Event: 0.055 Thread 0x0000023ea019dfc0 nmethod 68 0x0000023e897e4990 code [0x0000023e897e4b20, 0x0000023e897e4c68]

GC Heap History (0 events):
No events

Dll operation events (2 events):
Event: 0.006 Loaded shared library C:\Program Files\Java\jdk-21\bin\java.dll
Event: 0.035 Loaded shared library C:\Program Files\Java\jdk-21\bin\jsvml.dll

Deoptimization events (0 events):
No events

Classes loaded (12 events):
Event: 0.029 Loading class sun/nio/cs/MS1251
Event: 0.030 Loading class sun/nio/cs/MS1251 done
Event: 0.030 Loading class sun/nio/cs/MS1251$Holder
Event: 0.030 Loading class sun/nio/cs/MS1251$Holder done
Event: 0.031 Loading class sun/nio/cs/IBM866
Event: 0.031 Loading class sun/nio/cs/IBM866 done
Event: 0.032 Loading class sun/nio/cs/IBM866$Holder
Event: 0.032 Loading class sun/nio/cs/IBM866$Holder done
Event: 0.046 Loading class jdk/internal/loader/URLClassPath$FileLoader
Event: 0.046 Loading class jdk/internal/loader/URLClassPath$FileLoader done
Event: 0.047 Loading class jdk/internal/loader/URLClassPath$FileLoader$1
Event: 0.047 Loading class jdk/internal/loader/URLClassPath$FileLoader$1 done

Classes unloaded (0 events):
No events

Classes redefined (0 events):
No events

Internal exceptions (0 events):
No events

ZGC Phase Switch (0 events):
No events

VM Operations (0 events):
No events

Events (11 events):
Event: 0.019 Thread 0x0000023efec4d940 Thread added: 0x0000023efec4d940
Event: 0.033 Thread 0x0000023ea0167ba0 Thread added: 0x0000023ea0167ba0
Event: 0.033 Thread 0x0000023ea01684c0 Thread added: 0x0000023ea01684c0
Event: 0.033 Thread 0x0000023ea0169c90 Thread added: 0x0000023ea0169c90
Event: 0.033 Thread 0x0000023ea016a2f0 Thread added: 0x0000023ea016a2f0
Event: 0.033 Thread 0x0000023ea0172960 Thread added: 0x0000023ea0172960
Event: 0.033 Thread 0x0000023ea019a760 Thread added: 0x0000023ea019a760
Event: 0.033 Thread 0x0000023ea019b910 Thread added: 0x0000023ea019b910
Event: 0.033 Thread 0x0000023ea019dfc0 Thread added: 0x0000023ea019dfc0
Event: 0.045 Thread 0x0000023ea0443370 Thread added: 0x0000023ea0443370
Event: 0.051 Thread 0x0000023ea0432950 Thread added: 0x0000023ea0432950


Dynamic libraries:
0x00007ff6ae6d0000 - 0x00007ff6ae6e0000 	C:\Program Files\Java\jdk-21\bin\java.exe
0x00007ffcc25d0000 - 0x00007ffcc27c8000 	C:\Windows\SYSTEM32\ntdll.dll
0x00007ffcc0a80000 - 0x00007ffcc0b42000 	C:\Windows\System32\KERNEL32.DLL
0x00007ffcbff30000 - 0x00007ffcc0226000 	C:\Windows\System32\KERNELBASE.dll
0x00007ffcc04c0000 - 0x00007ffcc05c0000 	C:\Windows\System32\ucrtbase.dll
0x00007ffcbbae0000 - 0x00007ffcbbaf9000 	C:\Program Files\Java\jdk-21\bin\jli.dll
0x00007ffcc15b0000 - 0x00007ffcc1661000 	C:\Windows\System32\ADVAPI32.dll
0x00007ffcada30000 - 0x00007ffcada4b000 	C:\Program Files\Java\jdk-21\bin\VCRUNTIME140.dll
0x00007ffcc24c0000 - 0x00007ffcc255e000 	C:\Windows\System32\msvcrt.dll
0x00007ffcc09d0000 - 0x00007ffcc0a6f000 	C:\Windows\System32\sechost.dll
0x00007ffcc1670000 - 0x00007ffcc1790000 	C:\Windows\System32\RPCRT4.dll
0x00007ffcbfc30000 - 0x00007ffcbfc57000 	C:\Windows\System32\bcrypt.dll
0x00007ffcc0c40000 - 0x00007ffcc0de1000 	C:\Windows\System32\USER32.dll
0x00007ffcbff00000 - 0x00007ffcbff22000 	C:\Windows\System32\win32u.dll
0x00007ffcabe70000 - 0x00007ffcac10b000 	C:\Windows\WinSxS\amd64_microsoft.windows.common-controls_6595b64144ccf1df_6.0.19041.6456_none_60b8a6cb71f64256\COMCTL32.dll
0x00007ffcc1060000 - 0x00007ffcc108b000 	C:\Windows\System32\GDI32.dll
0x00007ffcc0230000 - 0x00007ffcc0349000 	C:\Windows\System32\gdi32full.dll
0x00007ffcc03a0000 - 0x00007ffcc043d000 	C:\Windows\System32\msvcp_win.dll
0x00007ffcb69a0000 - 0x00007ffcb69aa000 	C:\Windows\SYSTEM32\VERSION.dll
0x00007ffcc07d0000 - 0x00007ffcc07ff000 	C:\Windows\System32\IMM32.DLL
0x00007ffcba1d0000 - 0x00007ffcba1dc000 	C:\Program Files\Java\jdk-21\bin\vcruntime140_1.dll
0x00007ffc96ff0000 - 0x00007ffc9707e000 	C:\Program Files\Java\jdk-21\bin\msvcp140.dll
0x00007ffc23690000 - 0x00007ffc243aa000 	C:\Program Files\Java\jdk-21\bin\server\jvm.dll
0x00007ffcc0ff0000 - 0x00007ffcc105b000 	C:\Windows\System32\WS2_32.dll
0x00007ffcb33b0000 - 0x00007ffcb33d7000 	C:\Windows\SYSTEM32\WINMM.dll
0x00007ffcbf640000 - 0x00007ffcbf68b000 	C:\Windows\SYSTEM32\POWRPROF.dll
0x00007ffcbf620000 - 0x00007ffcbf632000 	C:\Windows\SYSTEM32\UMPDC.dll
0x00007ffcbe400000 - 0x00007ffcbe412000 	C:\Windows\SYSTEM32\kernel.appcore.dll
0x00007ffcb1340000 - 0x00007ffcb134a000 	C:\Program Files\Java\jdk-21\bin\jimage.dll
0x00007ffcbd6b0000 - 0x00007ffcbd8b1000 	C:\Windows\SYSTEM32\DBGHELP.DLL
0x00007ffcb93c0000 - 0x00007ffcb93f4000 	C:\Windows\SYSTEM32\dbgcore.DLL
0x00007ffcbfc60000 - 0x00007ffcbfce2000 	C:\Windows\System32\bcryptPrimitives.dll
0x00007ffcacfb0000 - 0x00007ffcacfcf000 	C:\Program Files\Java\jdk-21\bin\java.dll
0x00007ffcc19f0000 - 0x00007ffcc2160000 	C:\Windows\System32\SHELL32.dll
0x00007ffcbdc40000 - 0x00007ffcbe3e5000 	C:\Windows\SYSTEM32\windows.storage.dll
0x00007ffcc2160000 - 0x00007ffcc24b4000 	C:\Windows\System32\combase.dll
0x00007ffcbf4a0000 - 0x00007ffcbf4cb000 	C:\Windows\SYSTEM32\Wldp.dll
0x00007ffcc1790000 - 0x00007ffcc185d000 	C:\Windows\System32\OLEAUT32.dll
0x00007ffcc1090000 - 0x00007ffcc113d000 	C:\Windows\System32\SHCORE.dll
0x00007ffcc1860000 - 0x00007ffcc18bb000 	C:\Windows\System32\shlwapi.dll
0x00007ffcbfb60000 - 0x00007ffcbfb84000 	C:\Windows\SYSTEM32\profapi.dll
0x00007ffc96ba0000 - 0x00007ffc96c77000 	C:\Program Files\Java\jdk-21\bin\jsvml.dll

dbghelp: loaded successfully - version: 4.0.5 - missing functions: none
symbol engine: initialized successfully - sym options: 0x614 - pdb path: .;C:\Program Files\Java\jdk-21\bin;C:\Windows\SYSTEM32;C:\Windows\WinSxS\amd64_microsoft.windows.common-controls_6595b64144ccf1df_6.0.19041.6456_none_60b8a6cb71f64256;C:\Program Files\Java\jdk-21\bin\server

VM Arguments:
jvm_args: -Xverify:none 
java_command: Inher.Test
java_class_path (initial): Output
Launcher Type: SUN_STANDARD

[Global flags]
     intx CICompilerCount                          = 4                                         {product} {ergonomic}
     uint ConcGCThreads                            = 3                                         {product} {ergonomic}
     uint G1ConcRefinementThreads                  = 10                                        {product} {ergonomic}
   size_t G1HeapRegionSize                         = 2097152                                   {product} {ergonomic}
    uintx GCDrainStackTargetSize                   = 64                                        {product} {ergonomic}
   size_t InitialHeapSize                          = 257949696                                 {product} {ergonomic}
   size_t MarkStackSize                            = 4194304                                   {product} {ergonomic}
   size_t MaxHeapSize                              = 4118806528                                {product} {ergonomic}
   size_t MaxNewSize                               = 2470445056                                {product} {ergonomic}
   size_t MinHeapDeltaBytes                        = 2097152                                   {product} {ergonomic}
   size_t MinHeapSize                              = 8388608                                   {product} {ergonomic}
    uintx NonNMethodCodeHeapSize                   = 5839372                                {pd product} {ergonomic}
    uintx NonProfiledCodeHeapSize                  = 122909434                              {pd product} {ergonomic}
    uintx ProfiledCodeHeapSize                     = 122909434                              {pd product} {ergonomic}
    uintx ReservedCodeCacheSize                    = 251658240                              {pd product} {ergonomic}
     bool SegmentedCodeCache                       = true                                      {product} {ergonomic}
   size_t SoftMaxHeapSize                          = 4118806528                             {manageable} {ergonomic}
     bool UseCompressedOops                        = true                           {product lp64_product} {ergonomic}
     bool UseG1GC                                  = true                                      {product} {ergonomic}
     bool UseLargePagesIndividualAllocation        = false                                  {pd product} {ergonomic}

Logging:
Log output configuration:
 #0: stdout all=warning uptime,level,tags foldmultilines=false
 #1: stderr all=off uptime,level,tags foldmultilines=false

Environment Variables:
CLASSPATH=C:\LINGO64_20\Lingo20.jar
PATH=C:\Program Files\Common Files\Oracle\Java\javapath;C:\VulkanSDK\1.3.275.0\Bin;C:\ProgramData\Oracle\Java\javapath;C:\Windows\system32;C:\Windows;C:\Windows\System32\Wbem;C:\Windows\System32\WindowsPowerShell\v1.0\;C:\Windows\System32\OpenSSH\;C:\Program Files (x86)\dotnet\;C:\Program Files (x86)\HP\Common\HPDestPlgIn\;C:\Program Files\dotnet\;c:\altera\90sp2\quartus\bin;C:\Strawberry\c\bin;C:\Strawberry\perl\site\bin;C:\Strawberry\perl\bin;C:\Program Files\doxygen\bin;C:\Program Files (x86)\NVIDIA Corporation\PhysX\Common;C:\Program Files\Git\cmd;C:\Program Files\NVIDIA Corporation\NVIDIA app\NvDLISR;C:\Program Files\TortoiseHg\;C:\Program Files\PuTTY\;C:\LINGO64_20\;C:\Program Files\nodejs\;C:\Program Files\Docker\Docker\resources\bin;C:\Program Files\MySQL\MySQL Shell 8.0\bin\;C:\Users\Acer\AppData\Local\Programs\Python\Python312\Scripts\;C:\Users\Acer\AppData\Local\Programs\Python\Python312\;C:\Users\Acer\AppData\Local\Microsoft\WindowsApps;C:\Program Files (x86)\HP\Common\HPDestPlgIn\;C:\Program Files\heroku\bin;C:\Program Files\doxygen\bin;C:\Users\Acer\.dotnet\tools;C:\Users\Acer\AppData\Local\GitHubDesktop\bin;C:\Users\Acer\AppData\Local\Programs\Microsoft VS Code\bin;C:\Program Files\apache-maven-3.9.9-bin\apache-maven-3.9.9\bin;C:\Users\Acer\AppData\Roaming\npm;C:\Program Files (x86)\GnuWin32\bin;C:\GnuWin32\bin;C:\Program Files\JetBrains\CLion 2025.3\bin;C:\Program Files\Java\jdk-21\bin;
USERNAME=Acer
OS=Windows_NT
PROCESSOR_IDENTIFIER=AMD64 Family 23 Model 104 Stepping 1, AuthenticAMD
TMP=C:\Users\Acer\AppData\Local\Temp
TEMP=C:\Users\Acer\AppData\Local\Temp




Periodic native trim disabled

---------------  S Y S T E M  ---------------

OS:
 Windows 10 , 64 bit Build 19041 (10.0.19041.5915)
OS uptime: 0 days 4:57 hours
Hyper-V role detected

CPU: total 12 (initial active 12) (12 cores per cpu, 2 threads per core) family 23 model 104 stepping 1 microcode 0x0, cx8, cmov, fxsr, ht, mmx, 3dnowpref, sse, sse2, sse3, ssse3, sse4a, sse4.1, sse4.2, popcnt, lzcnt, tsc, tscinvbit, avx, avx2, aes, clmul, bmi1, bmi2, adx, sha, fma, vzeroupper, clflush, clflushopt, hv, rdtscp, rdpid, f16c
Processor Information for all 12 processors :
  Max Mhz: 2100, Current Mhz: 2100, Mhz Limit: 2100

Memory: 4k page, system-wide physical 15706M (4688M free)
TotalPageFile size 19290M (AvailPageFile size 5128M)
current process WorkingSet (physical memory assigned to process): 34M, peak: 34M
current process commit charge ("private bytes"): 333M, peak: 333M

vm_info: Java HotSpot(TM) 64-Bit Server VM (21.0.6+8-LTS-188) for windows-amd64 JRE (21.0.6+8-LTS-188), built on 2024-12-03T10:50:54Z by "mach5one" with MS VC++ 17.6 (VS2022)

END.
