#
# A fatal error has been detected by the Java Runtime Environment:
#
#  EXCEPTION_ACCESS_VIOLATION (0xc0000005) at pc=0x0000000000000000, pid=4592, tid=12648
#
# JRE version: Java(TM) SE Runtime Environment (21.0.6+8) (build 21.0.6+8-LTS-188)
# Java VM: Java HotSpot(TM) 64-Bit Server VM (21.0.6+8-LTS-188, mixed mode, sharing, tiered, compressed oops, compressed class ptrs, g1 gc, windows-amd64)
# Problematic frame:
# j  Inher.Child.<init>()V+1
#
# No core dump will be written. Minidumps are not enabled by default on client versions of Windows
#
# If you would like to submit a bug report, please visit:
#   https://bugreport.java.com/bugreport/crash.jsp
#

---------------  S U M M A R Y ------------

Command Line: -Xverify:none Inher.Test

Host: AMD Ryzen 5 5500U with Radeon Graphics         , 12 cores, 15G,  Windows 10 , 64 bit Build 19041 (10.0.19041.5915)
Time: Thu Jan 22 13:46:08 2026 RTZ 2 (s 10 , 64 bit Build 19041 (10.0.19041.5915) elapsed time: 0.060443 seconds (0d 0h 0m 0s)

---------------  T H R E A D  ---------------

Current thread (0x00000182f41d0c40):  JavaThread "main"             [_thread_in_Java, id=12648, stack(0x00000023e8d00000,0x00000023e8e00000) (1024K)]

Stack: [0x00000023e8d00000,0x00000023e8e00000],  sp=0x00000023e8dff528,  free space=1021k
Native frames: (J=compiled Java code, j=interpreted, Vv=VM code, C=native code)


siginfo: EXCEPTION_ACCESS_VIOLATION (0xc0000005), data execution prevention violation at address 0x0000000000000000


Registers:
RAX=0x0000000000000000, RBX=0x00000182d7400808, RCX=0x0000000719de6ff8, RDX=0x0000018287538860
RSP=0x00000023e8dff520, RBP=0x00000023e8dff578, RSI=0x00000023e8dff9e0, RDI=0x00000023e8dff9e8
R8 =0x0000000000000002, R9 =0x0000000000000002, R10=0x00007ffc2479db20, R11=0x00000023e8dff4e0
R12=0x0000000000000000, R13=0x00000023e8dff528, R14=0x00000023e8dff588, R15=0x00000182f41d0c40
RIP=0x0000000000000000, EFLAGS=0x0000000000010246


Register to memory mapping:

RAX=0x0 is null
RBX={method} {0x00000182d7400810} '<init>' '()V' in 'Inher/Parent'
RCX=0x0000000719de6ff8 is an oop: Inher.Child 
{0x0000000719de6ff8} - klass: 'Inher/Child'
 - ---- fields (total size 2 words):
RDX=0x0000018287538860 is at code_begin+1184 in an Interpreter codelet
return entry points  [0x00000182875383c0, 0x0000018287538f60]  2976 bytes
RSP=0x00000023e8dff520 is pointing into the stack for thread: 0x00000182f41d0c40
RBP=0x00000023e8dff578 is pointing into the stack for thread: 0x00000182f41d0c40
RSI=0x00000023e8dff9e0 is pointing into the stack for thread: 0x00000182f41d0c40
RDI=0x00000023e8dff9e8 is pointing into the stack for thread: 0x00000182f41d0c40
R8 =0x0000000000000002 is an unknown value
R9 =0x0000000000000002 is an unknown value
R10=0x00007ffc2479db20 jvm.dll
R11=0x00000023e8dff4e0 is pointing into the stack for thread: 0x00000182f41d0c40
R12=0x0 is null
R13=0x00000023e8dff528 is pointing into the stack for thread: 0x00000182f41d0c40
R14=0x00000023e8dff588 is pointing into the stack for thread: 0x00000182f41d0c40
R15=0x00000182f41d0c40 is a thread

Top of Stack: (sp=0x00000023e8dff520)
0x00000023e8dff520:   0000018287538860 0000000719de6ff8
0x00000023e8dff530:   00000023e8dff530 00000182d7400511
0x00000023e8dff540:   0000000000000002 00000182d7400630
0x00000023e8dff550:   0000000000000000 0000000719de6f10
0x00000023e8dff560:   00000182d7400518 00000023e8dff528
0x00000023e8dff570:   00000023e8dff588 00000023e8dff5e0
0x00000023e8dff580:   0000018287538860 0000000719de6ff8
0x00000023e8dff590:   0000000719de6ff8 00000023e8dff598
0x00000023e8dff5a0:   00000182d7400244 0000000000000004
0x00000023e8dff5b0:   00000182d74002d0 0000000000000000
0x00000023e8dff5c0:   0000000719de6050 00000182d7400258
0x00000023e8dff5d0:   00000023e8dff588 00000023e8dff600
0x00000023e8dff5e0:   00000023e8dff7e0 000001828753100d
0x00000023e8dff5f0:   0000000000000000 0000000000000000
0x00000023e8dff600:   0000000719de6730 00007ffcc25fb86b
0x00000023e8dff610:   0000000000000000 00000182f4371080
0x00000023e8dff620:   0000018295b79a20 00000182f4370000
0x00000023e8dff630:   00000182f43702b4 00000182f41d0c40
0x00000023e8dff640:   0000000000000050 00000182f4370cc0
0x00000023e8dff650:   00000000000001c0 0000000000000000
0x00000023e8dff660:   0000000000000000 0000000000000050
0x00000023e8dff670:   0000000000000040 0000000000000020
0x00000023e8dff680:   00000182f41a0000 00000023e8dff749
0x00000023e8dff690:   0000000000000005 00007ffcc25fb3c7
0x00000023e8dff6a0:   00000182f4370000 0000000000000000
0x00000023e8dff6b0:   0000000000000040 0000002300000000
0x00000023e8dff6c0:   0000000000000002 00007ffcc25fb3c7
0x00000023e8dff6d0:   00000002f4370000 0000000000000003
0x00000023e8dff6e0:   0000000000000018 00007ffc23e54b69
0x00000023e8dff6f0:   0000000000000000 0000000000000000
0x00000023e8dff700:   0000000200000000 0000000000000000
0x00000023e8dff710:   0000000000000000 0000000000000000 

Instructions: (pc=0x0000018287538860)
0x0000018287538760:   ff 00 00 00 48 8d 24 dc 41 0f b6 5d 02 49 83 c5
0x0000018287538770:   02 49 ba 10 fc 79 24 fc 7f 00 00 41 ff 24 da 48
0x0000018287538780:   8b 65 f0 48 c7 45 f0 00 00 00 00 4c 8b 6d c0 4c
0x0000018287538790:   8b 75 c8 4e 8d 74 f5 00 48 8b 5d d8 48 85 db 0f
0x00000182875387a0:   84 8a 00 00 00 41 80 7d 00 ba 0f 84 1b 00 00 00
0x00000182875387b0:   41 80 7d 00 e9 0f 84 10 00 00 00 48 8b 4d e8 66
0x00000182875387c0:   81 79 34 8e 01 0f 85 64 00 00 00 48 8b c8 48 85
0x00000182875387d0:   c9 75 0e f6 43 f8 01 75 56 f0 48 83 4b f8 01 eb
0x00000182875387e0:   4e 8b 49 08 49 ba 00 00 00 96 82 01 00 00 49 03
0x00000182875387f0:   ca 4c 8b d1 48 33 4b f8 48 f7 c1 fc ff ff ff 74
0x0000018287538800:   2e f6 c1 02 75 29 48 83 7b f8 00 74 1e 48 83 7b
0x0000018287538810:   f8 01 74 17 49 8b ca 48 33 4b f8 48 f7 c1 fc ff
0x0000018287538820:   ff ff 74 0b 48 83 4b f8 02 eb 04 48 89 4b f8 41
0x0000018287538830:   0f b7 4d 01 48 8b 5d d0 c1 e1 02 8b 5c cb 50 81
0x0000018287538840:   e3 ff 00 00 00 48 8d 24 dc 41 0f b6 5d 02 49 83
0x0000018287538850:   c5 02 49 ba 10 1c 7a 24 fc 7f 00 00 41 ff 24 da
0x0000018287538860:   48 8b 65 f0 48 c7 45 f0 00 00 00 00 4c 8b 6d c0
0x0000018287538870:   4c 8b 75 c8 4e 8d 74 f5 00 41 0f b7 4d 01 48 8b
0x0000018287538880:   5d d0 c1 e1 02 8b 5c cb 50 81 e3 ff 00 00 00 48
0x0000018287538890:   8d 24 dc 41 0f b6 5d 03 49 83 c5 03 49 ba 10 24
0x00000182875388a0:   7a 24 fc 7f 00 00 41 ff 24 da 48 8b 65 f0 48 c7
0x00000182875388b0:   45 f0 00 00 00 00 4c 8b 6d c0 4c 8b 75 c8 4e 8d
0x00000182875388c0:   74 f5 00 41 0f b7 4d 01 48 8b 5d d0 c1 e1 02 8b
0x00000182875388d0:   5c cb 50 81 e3 ff 00 00 00 48 8d 24 dc 41 0f b6
0x00000182875388e0:   5d 03 49 83 c5 03 49 ba 10 14 7a 24 fc 7f 00 00
0x00000182875388f0:   41 ff 24 da 48 8b 65 f0 48 c7 45 f0 00 00 00 00
0x0000018287538900:   4c 8b 6d c0 4c 8b 75 c8 4e 8d 74 f5 00 41 0f b7
0x0000018287538910:   4d 01 48 8b 5d d0 c1 e1 02 8b 5c cb 50 81 e3 ff
0x0000018287538920:   00 00 00 48 8d 24 dc 41 0f b6 5d 03 49 83 c5 03
0x0000018287538930:   49 ba 10 0c 7a 24 fc 7f 00 00 41 ff 24 da 48 8b
0x0000018287538940:   65 f0 48 c7 45 f0 00 00 00 00 4c 8b 6d c0 4c 8b
0x0000018287538950:   75 c8 4e 8d 74 f5 00 41 0f b7 4d 01 48 8b 5d d0 


Stack slot to memory mapping:

stack at sp + 0 slots: 0x0000000719de6ff8 is an oop: Inher.Child 
{0x0000000719de6ff8} - klass: 'Inher/Child'
 - ---- fields (total size 2 words):
stack at sp + 1 slots: 0x00000023e8dff530 is pointing into the stack for thread: 0x00000182f41d0c40
stack at sp + 2 slots: 0x00000182d7400511 is pointing into metadata
stack at sp + 3 slots: 0x0000000000000002 is an unknown value
stack at sp + 4 slots: 0x00000182d7400630 is pointing into metadata
stack at sp + 5 slots: 0x0 is null
stack at sp + 6 slots: 0x0000000719de6f10 is an oop: java.lang.Class 
{0x0000000719de6f10} - klass: 'java/lang/Class'
 - ---- fields (total size 14 words):
 - private volatile transient 'classRedefinedCount' 'I' @12  0 (0x00000000)
 - injected 'klass' 'J' @16  1660390738424 (0x00000182970009f8)
 - injected 'array_klass' 'J' @24  0 (0x0000000000000000)
 - injected 'oop_size' 'I' @32  14 (0x0000000e)
 - injected 'static_oop_field_count' 'I' @36  0 (0x00000000)
 - private volatile transient 'cachedConstructor' 'Ljava/lang/reflect/Constructor;' @40  null (0x00000000)
 - private transient 'name' 'Ljava/lang/String;' @44  "Inher.Child"{0x0000000719de6f90} (0xe33bcdf2)
 - private transient 'module' 'Ljava/lang/Module;' @48  a 'java/lang/Module'{0x0000000719c63ab0} (0xe338c756)
 - private final 'classLoader' 'Ljava/lang/ClassLoader;' @52  a 'jdk/internal/loader/ClassLoaders$AppClassLoader'{0x0000000719c638f0} (0xe338c71e)
 - private transient 'classData' 'Ljava/lang/Object;' @56  null (0x00000000)
 - private transient 'packageName' 'Ljava/lang/String;' @60  "Inher"{0x0000000719de3998} (0xe33bc733)
 - private final 'componentType' 'Ljava/lang/Class;' @64  null (0x00000000)
 - private volatile transient 'reflectionData' 'Ljava/lang/ref/SoftReference;' @68  null (0x00000000)
 - private volatile transient 'genericInfo' 'Lsun/reflect/generics/repository/ClassRepository;' @72  null (0x00000000)
 - private volatile transient 'enumConstants' '[Ljava/lang/Object;' @76  null (0x00000000)
 - private volatile transient 'enumConstantDirectory' 'Ljava/util/Map;' @80  null (0x00000000)
 - private volatile transient 'annotationData' 'Ljava/lang/Class$AnnotationData;' @84  null (0x00000000)
 - private volatile transient 'annotationType' 'Lsun/reflect/annotation/AnnotationType;' @88  null (0x00000000)
 - transient 'classValueMap' 'Ljava/lang/ClassValue$ClassValueMap;' @92  null (0x00000000)
 - injected 'protection_domain' 'Ljava/lang/Object;' @96  a 'java/security/ProtectionDomain'{0x0000000719de59a0} (0xe33bcb34)
 - injected 'signers_name' 'Ljava/lang/Object;' @100  null (0x00000000)
 - injected 'source_file' 'Ljava/lang/Object;' @104  null (0x00000000)
 - injected '<init_lock>' 'Ljava/lang/Object;' @108  null (0x00000000)
 - signature: LInher/Child;
 - ---- static fields (0):
stack at sp + 7 slots: {method} {0x00000182d7400520} '<init>' '()V' in 'Inher/Child'


---------------  P R O C E S S  ---------------

Threads class SMR info:
_java_thread_list=0x0000018295b80f80, length=11, elements={
0x00000182f41d0c40, 0x0000018295894250, 0x0000018295894f60, 0x0000018295896b20,
0x0000018295897570, 0x0000018295897fc0, 0x0000018295898a10, 0x0000018295899790,
0x00000182958a0450, 0x0000018295ba7240, 0x0000018295baceb0
}

Java Threads: ( => current thread )
=>0x00000182f41d0c40 JavaThread "main"                              [_thread_in_Java, id=12648, stack(0x00000023e8d00000,0x00000023e8e00000) (1024K)]
  0x0000018295894250 JavaThread "Reference Handler"          daemon [_thread_blocked, id=6096, stack(0x00000023e9500000,0x00000023e9600000) (1024K)]
  0x0000018295894f60 JavaThread "Finalizer"                  daemon [_thread_blocked, id=5896, stack(0x00000023e9600000,0x00000023e9700000) (1024K)]
  0x0000018295896b20 JavaThread "Signal Dispatcher"          daemon [_thread_blocked, id=20196, stack(0x00000023e9700000,0x00000023e9800000) (1024K)]
  0x0000018295897570 JavaThread "Attach Listener"            daemon [_thread_blocked, id=8848, stack(0x00000023e9800000,0x00000023e9900000) (1024K)]
  0x0000018295897fc0 JavaThread "Service Thread"             daemon [_thread_blocked, id=11240, stack(0x00000023e9900000,0x00000023e9a00000) (1024K)]
  0x0000018295898a10 JavaThread "Monitor Deflation Thread"   daemon [_thread_blocked, id=11408, stack(0x00000023e9a00000,0x00000023e9b00000) (1024K)]
  0x0000018295899790 JavaThread "C2 CompilerThread0"         daemon [_thread_blocked, id=17516, stack(0x00000023e9b00000,0x00000023e9c00000) (1024K)]
  0x00000182958a0450 JavaThread "C1 CompilerThread0"         daemon [_thread_blocked, id=20240, stack(0x00000023e9c00000,0x00000023e9d00000) (1024K)]
  0x0000018295ba7240 JavaThread "Notification Thread"        daemon [_thread_blocked, id=14284, stack(0x00000023e9d00000,0x00000023e9e00000) (1024K)]
  0x0000018295baceb0 JavaThread "Common-Cleaner"             daemon [_thread_blocked, id=11916, stack(0x00000023e9e00000,0x00000023e9f00000) (1024K)]
Total: 11

Other Threads:
  0x00000182958746a0 VMThread "VM Thread"                           [id=4084, stack(0x00000023e9400000,0x00000023e9500000) (1024K)]
  0x0000018295868450 WatcherThread "VM Periodic Task Thread"        [id=12792, stack(0x00000023e9300000,0x00000023e9400000) (1024K)]
  0x00000182f65a0b60 WorkerThread "GC Thread#0"                     [id=12696, stack(0x00000023e8e00000,0x00000023e8f00000) (1024K)]
  0x00000182f65b1ee0 ConcurrentGCThread "G1 Main Marker"            [id=5292, stack(0x00000023e8f00000,0x00000023e9000000) (1024K)]
  0x00000182f65b29a0 WorkerThread "G1 Conc#0"                       [id=13488, stack(0x00000023e9000000,0x00000023e9100000) (1024K)]
  0x0000018295739540 ConcurrentGCThread "G1 Refine#0"               [id=944, stack(0x00000023e9100000,0x00000023e9200000) (1024K)]
  0x0000018295739d60 ConcurrentGCThread "G1 Service"                [id=10400, stack(0x00000023e9200000,0x00000023e9300000) (1024K)]
Total: 7

Threads with active compile tasks:
Total: 0

VM state: not at safepoint (normal execution)

VM Mutex/Monitor currently owned by a thread: None

Heap address: 0x000000070a800000, size: 3928 MB, Compressed Oops mode: Zero based, Oop shift amount: 3

CDS archive(s) mapped at: [0x0000018296000000-0x0000018296c90000-0x0000018296c90000), size 13172736, SharedBaseAddress: 0x0000018296000000, ArchiveRelocationMode: 1.
Compressed class space mapped at: 0x0000018297000000-0x00000182d7000000, reserved size: 1073741824
Narrow klass base: 0x0000018296000000, Narrow klass shift: 0, Narrow klass range: 0x100000000

GC Precious Log:
 CardTable entry size: 512
 Card Set container configuration: InlinePtr #cards 4 size 8 Array Of Cards #cards 16 size 48 Howl #buckets 8 coarsen threshold 3686 Howl Bitmap #cards 512 size 80 coarsen threshold 460 Card regions per heap region 1 cards per card region 4096
 CPUs: 12 total, 12 available
 Memory: 15706M
 Large Page Support: Disabled
 NUMA Support: Disabled
 Compressed Oops: Enabled (Zero based)
 Heap Region Size: 2M
 Heap Min Capacity: 8M
 Heap Initial Capacity: 246M
 Heap Max Capacity: 3928M
 Pre-touch: Disabled
 Parallel Workers: 10
 Concurrent Workers: 3
 Concurrent Refinement Workers: 10
 Periodic GC: Disabled

Heap:
 garbage-first heap   total 251904K, used 2048K [0x000000070a800000, 0x0000000800000000)
  region size 2048K, 2 young (4096K), 0 survivors (0K)
 Metaspace       used 144K, committed 384K, reserved 1114112K
  class space    used 6K, committed 128K, reserved 1048576K

Heap Regions: E=young(eden), S=young(survivor), O=old, HS=humongous(starts), HC=humongous(continues), CS=collection set, F=free, TAMS=top-at-mark-start, PB=parsable bottom
|   0|0x000000070a800000, 0x000000070a800000, 0x000000070aa00000|  0%| F|  |TAMS 0x000000070a800000| PB 0x000000070a800000| Untracked 
|   1|0x000000070aa00000, 0x000000070aa00000, 0x000000070ac00000|  0%| F|  |TAMS 0x000000070aa00000| PB 0x000000070aa00000| Untracked 
|   2|0x000000070ac00000, 0x000000070ac00000, 0x000000070ae00000|  0%| F|  |TAMS 0x000000070ac00000| PB 0x000000070ac00000| Untracked 
|   3|0x000000070ae00000, 0x000000070ae00000, 0x000000070b000000|  0%| F|  |TAMS 0x000000070ae00000| PB 0x000000070ae00000| Untracked 
|   4|0x000000070b000000, 0x000000070b000000, 0x000000070b200000|  0%| F|  |TAMS 0x000000070b000000| PB 0x000000070b000000| Untracked 
|   5|0x000000070b200000, 0x000000070b200000, 0x000000070b400000|  0%| F|  |TAMS 0x000000070b200000| PB 0x000000070b200000| Untracked 
|   6|0x000000070b400000, 0x000000070b400000, 0x000000070b600000|  0%| F|  |TAMS 0x000000070b400000| PB 0x000000070b400000| Untracked 
|   7|0x000000070b600000, 0x000000070b600000, 0x000000070b800000|  0%| F|  |TAMS 0x000000070b600000| PB 0x000000070b600000| Untracked 
|   8|0x000000070b800000, 0x000000070b800000, 0x000000070ba00000|  0%| F|  |TAMS 0x000000070b800000| PB 0x000000070b800000| Untracked 
|   9|0x000000070ba00000, 0x000000070ba00000, 0x000000070bc00000|  0%| F|  |TAMS 0x000000070ba00000| PB 0x000000070ba00000| Untracked 
|  10|0x000000070bc00000, 0x000000070bc00000, 0x000000070be00000|  0%| F|  |TAMS 0x000000070bc00000| PB 0x000000070bc00000| Untracked 
|  11|0x000000070be00000, 0x000000070be00000, 0x000000070c000000|  0%| F|  |TAMS 0x000000070be00000| PB 0x000000070be00000| Untracked 
|  12|0x000000070c000000, 0x000000070c000000, 0x000000070c200000|  0%| F|  |TAMS 0x000000070c000000| PB 0x000000070c000000| Untracked 
|  13|0x000000070c200000, 0x000000070c200000, 0x000000070c400000|  0%| F|  |TAMS 0x000000070c200000| PB 0x000000070c200000| Untracked 
|  14|0x000000070c400000, 0x000000070c400000, 0x000000070c600000|  0%| F|  |TAMS 0x000000070c400000| PB 0x000000070c400000| Untracked 
|  15|0x000000070c600000, 0x000000070c600000, 0x000000070c800000|  0%| F|  |TAMS 0x000000070c600000| PB 0x000000070c600000| Untracked 
|  16|0x000000070c800000, 0x000000070c800000, 0x000000070ca00000|  0%| F|  |TAMS 0x000000070c800000| PB 0x000000070c800000| Untracked 
|  17|0x000000070ca00000, 0x000000070ca00000, 0x000000070cc00000|  0%| F|  |TAMS 0x000000070ca00000| PB 0x000000070ca00000| Untracked 
|  18|0x000000070cc00000, 0x000000070cc00000, 0x000000070ce00000|  0%| F|  |TAMS 0x000000070cc00000| PB 0x000000070cc00000| Untracked 
|  19|0x000000070ce00000, 0x000000070ce00000, 0x000000070d000000|  0%| F|  |TAMS 0x000000070ce00000| PB 0x000000070ce00000| Untracked 
|  20|0x000000070d000000, 0x000000070d000000, 0x000000070d200000|  0%| F|  |TAMS 0x000000070d000000| PB 0x000000070d000000| Untracked 
|  21|0x000000070d200000, 0x000000070d200000, 0x000000070d400000|  0%| F|  |TAMS 0x000000070d200000| PB 0x000000070d200000| Untracked 
|  22|0x000000070d400000, 0x000000070d400000, 0x000000070d600000|  0%| F|  |TAMS 0x000000070d400000| PB 0x000000070d400000| Untracked 
|  23|0x000000070d600000, 0x000000070d600000, 0x000000070d800000|  0%| F|  |TAMS 0x000000070d600000| PB 0x000000070d600000| Untracked 
|  24|0x000000070d800000, 0x000000070d800000, 0x000000070da00000|  0%| F|  |TAMS 0x000000070d800000| PB 0x000000070d800000| Untracked 
|  25|0x000000070da00000, 0x000000070da00000, 0x000000070dc00000|  0%| F|  |TAMS 0x000000070da00000| PB 0x000000070da00000| Untracked 
|  26|0x000000070dc00000, 0x000000070dc00000, 0x000000070de00000|  0%| F|  |TAMS 0x000000070dc00000| PB 0x000000070dc00000| Untracked 
|  27|0x000000070de00000, 0x000000070de00000, 0x000000070e000000|  0%| F|  |TAMS 0x000000070de00000| PB 0x000000070de00000| Untracked 
|  28|0x000000070e000000, 0x000000070e000000, 0x000000070e200000|  0%| F|  |TAMS 0x000000070e000000| PB 0x000000070e000000| Untracked 
|  29|0x000000070e200000, 0x000000070e200000, 0x000000070e400000|  0%| F|  |TAMS 0x000000070e200000| PB 0x000000070e200000| Untracked 
|  30|0x000000070e400000, 0x000000070e400000, 0x000000070e600000|  0%| F|  |TAMS 0x000000070e400000| PB 0x000000070e400000| Untracked 
|  31|0x000000070e600000, 0x000000070e600000, 0x000000070e800000|  0%| F|  |TAMS 0x000000070e600000| PB 0x000000070e600000| Untracked 
|  32|0x000000070e800000, 0x000000070e800000, 0x000000070ea00000|  0%| F|  |TAMS 0x000000070e800000| PB 0x000000070e800000| Untracked 
|  33|0x000000070ea00000, 0x000000070ea00000, 0x000000070ec00000|  0%| F|  |TAMS 0x000000070ea00000| PB 0x000000070ea00000| Untracked 
|  34|0x000000070ec00000, 0x000000070ec00000, 0x000000070ee00000|  0%| F|  |TAMS 0x000000070ec00000| PB 0x000000070ec00000| Untracked 
|  35|0x000000070ee00000, 0x000000070ee00000, 0x000000070f000000|  0%| F|  |TAMS 0x000000070ee00000| PB 0x000000070ee00000| Untracked 
|  36|0x000000070f000000, 0x000000070f000000, 0x000000070f200000|  0%| F|  |TAMS 0x000000070f000000| PB 0x000000070f000000| Untracked 
|  37|0x000000070f200000, 0x000000070f200000, 0x000000070f400000|  0%| F|  |TAMS 0x000000070f200000| PB 0x000000070f200000| Untracked 
|  38|0x000000070f400000, 0x000000070f400000, 0x000000070f600000|  0%| F|  |TAMS 0x000000070f400000| PB 0x000000070f400000| Untracked 
|  39|0x000000070f600000, 0x000000070f600000, 0x000000070f800000|  0%| F|  |TAMS 0x000000070f600000| PB 0x000000070f600000| Untracked 
|  40|0x000000070f800000, 0x000000070f800000, 0x000000070fa00000|  0%| F|  |TAMS 0x000000070f800000| PB 0x000000070f800000| Untracked 
|  41|0x000000070fa00000, 0x000000070fa00000, 0x000000070fc00000|  0%| F|  |TAMS 0x000000070fa00000| PB 0x000000070fa00000| Untracked 
|  42|0x000000070fc00000, 0x000000070fc00000, 0x000000070fe00000|  0%| F|  |TAMS 0x000000070fc00000| PB 0x000000070fc00000| Untracked 
|  43|0x000000070fe00000, 0x000000070fe00000, 0x0000000710000000|  0%| F|  |TAMS 0x000000070fe00000| PB 0x000000070fe00000| Untracked 
|  44|0x0000000710000000, 0x0000000710000000, 0x0000000710200000|  0%| F|  |TAMS 0x0000000710000000| PB 0x0000000710000000| Untracked 
|  45|0x0000000710200000, 0x0000000710200000, 0x0000000710400000|  0%| F|  |TAMS 0x0000000710200000| PB 0x0000000710200000| Untracked 
|  46|0x0000000710400000, 0x0000000710400000, 0x0000000710600000|  0%| F|  |TAMS 0x0000000710400000| PB 0x0000000710400000| Untracked 
|  47|0x0000000710600000, 0x0000000710600000, 0x0000000710800000|  0%| F|  |TAMS 0x0000000710600000| PB 0x0000000710600000| Untracked 
|  48|0x0000000710800000, 0x0000000710800000, 0x0000000710a00000|  0%| F|  |TAMS 0x0000000710800000| PB 0x0000000710800000| Untracked 
|  49|0x0000000710a00000, 0x0000000710a00000, 0x0000000710c00000|  0%| F|  |TAMS 0x0000000710a00000| PB 0x0000000710a00000| Untracked 
|  50|0x0000000710c00000, 0x0000000710c00000, 0x0000000710e00000|  0%| F|  |TAMS 0x0000000710c00000| PB 0x0000000710c00000| Untracked 
|  51|0x0000000710e00000, 0x0000000710e00000, 0x0000000711000000|  0%| F|  |TAMS 0x0000000710e00000| PB 0x0000000710e00000| Untracked 
|  52|0x0000000711000000, 0x0000000711000000, 0x0000000711200000|  0%| F|  |TAMS 0x0000000711000000| PB 0x0000000711000000| Untracked 
|  53|0x0000000711200000, 0x0000000711200000, 0x0000000711400000|  0%| F|  |TAMS 0x0000000711200000| PB 0x0000000711200000| Untracked 
|  54|0x0000000711400000, 0x0000000711400000, 0x0000000711600000|  0%| F|  |TAMS 0x0000000711400000| PB 0x0000000711400000| Untracked 
|  55|0x0000000711600000, 0x0000000711600000, 0x0000000711800000|  0%| F|  |TAMS 0x0000000711600000| PB 0x0000000711600000| Untracked 
|  56|0x0000000711800000, 0x0000000711800000, 0x0000000711a00000|  0%| F|  |TAMS 0x0000000711800000| PB 0x0000000711800000| Untracked 
|  57|0x0000000711a00000, 0x0000000711a00000, 0x0000000711c00000|  0%| F|  |TAMS 0x0000000711a00000| PB 0x0000000711a00000| Untracked 
|  58|0x0000000711c00000, 0x0000000711c00000, 0x0000000711e00000|  0%| F|  |TAMS 0x0000000711c00000| PB 0x0000000711c00000| Untracked 
|  59|0x0000000711e00000, 0x0000000711e00000, 0x0000000712000000|  0%| F|  |TAMS 0x0000000711e00000| PB 0x0000000711e00000| Untracked 
|  60|0x0000000712000000, 0x0000000712000000, 0x0000000712200000|  0%| F|  |TAMS 0x0000000712000000| PB 0x0000000712000000| Untracked 
|  61|0x0000000712200000, 0x0000000712200000, 0x0000000712400000|  0%| F|  |TAMS 0x0000000712200000| PB 0x0000000712200000| Untracked 
|  62|0x0000000712400000, 0x0000000712400000, 0x0000000712600000|  0%| F|  |TAMS 0x0000000712400000| PB 0x0000000712400000| Untracked 
|  63|0x0000000712600000, 0x0000000712600000, 0x0000000712800000|  0%| F|  |TAMS 0x0000000712600000| PB 0x0000000712600000| Untracked 
|  64|0x0000000712800000, 0x0000000712800000, 0x0000000712a00000|  0%| F|  |TAMS 0x0000000712800000| PB 0x0000000712800000| Untracked 
|  65|0x0000000712a00000, 0x0000000712a00000, 0x0000000712c00000|  0%| F|  |TAMS 0x0000000712a00000| PB 0x0000000712a00000| Untracked 
|  66|0x0000000712c00000, 0x0000000712c00000, 0x0000000712e00000|  0%| F|  |TAMS 0x0000000712c00000| PB 0x0000000712c00000| Untracked 
|  67|0x0000000712e00000, 0x0000000712e00000, 0x0000000713000000|  0%| F|  |TAMS 0x0000000712e00000| PB 0x0000000712e00000| Untracked 
|  68|0x0000000713000000, 0x0000000713000000, 0x0000000713200000|  0%| F|  |TAMS 0x0000000713000000| PB 0x0000000713000000| Untracked 
|  69|0x0000000713200000, 0x0000000713200000, 0x0000000713400000|  0%| F|  |TAMS 0x0000000713200000| PB 0x0000000713200000| Untracked 
|  70|0x0000000713400000, 0x0000000713400000, 0x0000000713600000|  0%| F|  |TAMS 0x0000000713400000| PB 0x0000000713400000| Untracked 
|  71|0x0000000713600000, 0x0000000713600000, 0x0000000713800000|  0%| F|  |TAMS 0x0000000713600000| PB 0x0000000713600000| Untracked 
|  72|0x0000000713800000, 0x0000000713800000, 0x0000000713a00000|  0%| F|  |TAMS 0x0000000713800000| PB 0x0000000713800000| Untracked 
|  73|0x0000000713a00000, 0x0000000713a00000, 0x0000000713c00000|  0%| F|  |TAMS 0x0000000713a00000| PB 0x0000000713a00000| Untracked 
|  74|0x0000000713c00000, 0x0000000713c00000, 0x0000000713e00000|  0%| F|  |TAMS 0x0000000713c00000| PB 0x0000000713c00000| Untracked 
|  75|0x0000000713e00000, 0x0000000713e00000, 0x0000000714000000|  0%| F|  |TAMS 0x0000000713e00000| PB 0x0000000713e00000| Untracked 
|  76|0x0000000714000000, 0x0000000714000000, 0x0000000714200000|  0%| F|  |TAMS 0x0000000714000000| PB 0x0000000714000000| Untracked 
|  77|0x0000000714200000, 0x0000000714200000, 0x0000000714400000|  0%| F|  |TAMS 0x0000000714200000| PB 0x0000000714200000| Untracked 
|  78|0x0000000714400000, 0x0000000714400000, 0x0000000714600000|  0%| F|  |TAMS 0x0000000714400000| PB 0x0000000714400000| Untracked 
|  79|0x0000000714600000, 0x0000000714600000, 0x0000000714800000|  0%| F|  |TAMS 0x0000000714600000| PB 0x0000000714600000| Untracked 
|  80|0x0000000714800000, 0x0000000714800000, 0x0000000714a00000|  0%| F|  |TAMS 0x0000000714800000| PB 0x0000000714800000| Untracked 
|  81|0x0000000714a00000, 0x0000000714a00000, 0x0000000714c00000|  0%| F|  |TAMS 0x0000000714a00000| PB 0x0000000714a00000| Untracked 
|  82|0x0000000714c00000, 0x0000000714c00000, 0x0000000714e00000|  0%| F|  |TAMS 0x0000000714c00000| PB 0x0000000714c00000| Untracked 
|  83|0x0000000714e00000, 0x0000000714e00000, 0x0000000715000000|  0%| F|  |TAMS 0x0000000714e00000| PB 0x0000000714e00000| Untracked 
|  84|0x0000000715000000, 0x0000000715000000, 0x0000000715200000|  0%| F|  |TAMS 0x0000000715000000| PB 0x0000000715000000| Untracked 
|  85|0x0000000715200000, 0x0000000715200000, 0x0000000715400000|  0%| F|  |TAMS 0x0000000715200000| PB 0x0000000715200000| Untracked 
|  86|0x0000000715400000, 0x0000000715400000, 0x0000000715600000|  0%| F|  |TAMS 0x0000000715400000| PB 0x0000000715400000| Untracked 
|  87|0x0000000715600000, 0x0000000715600000, 0x0000000715800000|  0%| F|  |TAMS 0x0000000715600000| PB 0x0000000715600000| Untracked 
|  88|0x0000000715800000, 0x0000000715800000, 0x0000000715a00000|  0%| F|  |TAMS 0x0000000715800000| PB 0x0000000715800000| Untracked 
|  89|0x0000000715a00000, 0x0000000715a00000, 0x0000000715c00000|  0%| F|  |TAMS 0x0000000715a00000| PB 0x0000000715a00000| Untracked 
|  90|0x0000000715c00000, 0x0000000715c00000, 0x0000000715e00000|  0%| F|  |TAMS 0x0000000715c00000| PB 0x0000000715c00000| Untracked 
|  91|0x0000000715e00000, 0x0000000715e00000, 0x0000000716000000|  0%| F|  |TAMS 0x0000000715e00000| PB 0x0000000715e00000| Untracked 
|  92|0x0000000716000000, 0x0000000716000000, 0x0000000716200000|  0%| F|  |TAMS 0x0000000716000000| PB 0x0000000716000000| Untracked 
|  93|0x0000000716200000, 0x0000000716200000, 0x0000000716400000|  0%| F|  |TAMS 0x0000000716200000| PB 0x0000000716200000| Untracked 
|  94|0x0000000716400000, 0x0000000716400000, 0x0000000716600000|  0%| F|  |TAMS 0x0000000716400000| PB 0x0000000716400000| Untracked 
|  95|0x0000000716600000, 0x0000000716600000, 0x0000000716800000|  0%| F|  |TAMS 0x0000000716600000| PB 0x0000000716600000| Untracked 
|  96|0x0000000716800000, 0x0000000716800000, 0x0000000716a00000|  0%| F|  |TAMS 0x0000000716800000| PB 0x0000000716800000| Untracked 
|  97|0x0000000716a00000, 0x0000000716a00000, 0x0000000716c00000|  0%| F|  |TAMS 0x0000000716a00000| PB 0x0000000716a00000| Untracked 
|  98|0x0000000716c00000, 0x0000000716c00000, 0x0000000716e00000|  0%| F|  |TAMS 0x0000000716c00000| PB 0x0000000716c00000| Untracked 
|  99|0x0000000716e00000, 0x0000000716e00000, 0x0000000717000000|  0%| F|  |TAMS 0x0000000716e00000| PB 0x0000000716e00000| Untracked 
| 100|0x0000000717000000, 0x0000000717000000, 0x0000000717200000|  0%| F|  |TAMS 0x0000000717000000| PB 0x0000000717000000| Untracked 
| 101|0x0000000717200000, 0x0000000717200000, 0x0000000717400000|  0%| F|  |TAMS 0x0000000717200000| PB 0x0000000717200000| Untracked 
| 102|0x0000000717400000, 0x0000000717400000, 0x0000000717600000|  0%| F|  |TAMS 0x0000000717400000| PB 0x0000000717400000| Untracked 
| 103|0x0000000717600000, 0x0000000717600000, 0x0000000717800000|  0%| F|  |TAMS 0x0000000717600000| PB 0x0000000717600000| Untracked 
| 104|0x0000000717800000, 0x0000000717800000, 0x0000000717a00000|  0%| F|  |TAMS 0x0000000717800000| PB 0x0000000717800000| Untracked 
| 105|0x0000000717a00000, 0x0000000717a00000, 0x0000000717c00000|  0%| F|  |TAMS 0x0000000717a00000| PB 0x0000000717a00000| Untracked 
| 106|0x0000000717c00000, 0x0000000717c00000, 0x0000000717e00000|  0%| F|  |TAMS 0x0000000717c00000| PB 0x0000000717c00000| Untracked 
| 107|0x0000000717e00000, 0x0000000717e00000, 0x0000000718000000|  0%| F|  |TAMS 0x0000000717e00000| PB 0x0000000717e00000| Untracked 
| 108|0x0000000718000000, 0x0000000718000000, 0x0000000718200000|  0%| F|  |TAMS 0x0000000718000000| PB 0x0000000718000000| Untracked 
| 109|0x0000000718200000, 0x0000000718200000, 0x0000000718400000|  0%| F|  |TAMS 0x0000000718200000| PB 0x0000000718200000| Untracked 
| 110|0x0000000718400000, 0x0000000718400000, 0x0000000718600000|  0%| F|  |TAMS 0x0000000718400000| PB 0x0000000718400000| Untracked 
| 111|0x0000000718600000, 0x0000000718600000, 0x0000000718800000|  0%| F|  |TAMS 0x0000000718600000| PB 0x0000000718600000| Untracked 
| 112|0x0000000718800000, 0x0000000718800000, 0x0000000718a00000|  0%| F|  |TAMS 0x0000000718800000| PB 0x0000000718800000| Untracked 
| 113|0x0000000718a00000, 0x0000000718a00000, 0x0000000718c00000|  0%| F|  |TAMS 0x0000000718a00000| PB 0x0000000718a00000| Untracked 
| 114|0x0000000718c00000, 0x0000000718c00000, 0x0000000718e00000|  0%| F|  |TAMS 0x0000000718c00000| PB 0x0000000718c00000| Untracked 
| 115|0x0000000718e00000, 0x0000000718e00000, 0x0000000719000000|  0%| F|  |TAMS 0x0000000718e00000| PB 0x0000000718e00000| Untracked 
| 116|0x0000000719000000, 0x0000000719000000, 0x0000000719200000|  0%| F|  |TAMS 0x0000000719000000| PB 0x0000000719000000| Untracked 
| 117|0x0000000719200000, 0x0000000719200000, 0x0000000719400000|  0%| F|  |TAMS 0x0000000719200000| PB 0x0000000719200000| Untracked 
| 118|0x0000000719400000, 0x0000000719400000, 0x0000000719600000|  0%| F|  |TAMS 0x0000000719400000| PB 0x0000000719400000| Untracked 
| 119|0x0000000719600000, 0x0000000719600000, 0x0000000719800000|  0%| F|  |TAMS 0x0000000719600000| PB 0x0000000719600000| Untracked 
| 120|0x0000000719800000, 0x0000000719800000, 0x0000000719a00000|  0%| F|  |TAMS 0x0000000719800000| PB 0x0000000719800000| Untracked 
| 121|0x0000000719a00000, 0x0000000719a712c0, 0x0000000719c00000| 22%| E|  |TAMS 0x0000000719a00000| PB 0x0000000719a00000| Complete 
| 122|0x0000000719c00000, 0x0000000719e00000, 0x0000000719e00000|100%| E|CS|TAMS 0x0000000719c00000| PB 0x0000000719c00000| Complete 

Card table byte_map: [0x00000182ff6e0000,0x00000182ffe90000] _byte_map_base: 0x00000182fbe8c000

Marking Bits: (CMBitMap*) 0x00000182f65a2080
 Bits: [0x000001828f000000, 0x0000018292d60000)

Polling page: 0x00000182f4480000

Metaspace:

Usage:
  Non-class:    137.71 KB used.
      Class:      6.79 KB used.
       Both:    144.50 KB used.

Virtual space:
  Non-class space:       64.00 MB reserved,     256.00 KB ( <1%) committed,  1 nodes.
      Class space:        1.00 GB reserved,     128.00 KB ( <1%) committed,  1 nodes.
             Both:        1.06 GB reserved,     384.00 KB ( <1%) committed. 

Chunk freelists:
   Non-Class:  12.00 MB
       Class:  15.75 MB
        Both:  27.74 MB

MaxMetaspaceSize: unlimited
CompressedClassSpaceSize: 1.00 GB
Initial GC threshold: 21.00 MB
Current GC threshold: 21.00 MB
CDS: on
 - commit_granule_bytes: 65536.
 - commit_granule_words: 8192.
 - virtual_space_node_default_size: 8388608.
 - enlarge_chunks_in_place: 1.
 - use_allocation_guard: 0.


Internal statistics:

num_allocs_failed_limit: 0.
num_arena_births: 4.
num_arena_deaths: 0.
num_vsnodes_births: 2.
num_vsnodes_deaths: 0.
num_space_committed: 6.
num_space_uncommitted: 0.
num_chunks_returned_to_freelist: 0.
num_chunks_taken_from_freelist: 5.
num_chunk_merges: 0.
num_chunk_splits: 3.
num_chunks_enlarged: 0.
num_inconsistent_stats: 0.

CodeHeap 'non-profiled nmethods': size=120000Kb used=18Kb max_used=18Kb free=119981Kb
 bounds [0x0000018287ad0000, 0x0000018287d40000, 0x000001828f000000]
CodeHeap 'profiled nmethods': size=120000Kb used=83Kb max_used=83Kb free=119916Kb
 bounds [0x0000018280000000, 0x0000018280270000, 0x0000018287530000]
CodeHeap 'non-nmethods': size=5760Kb used=1173Kb max_used=1177Kb free=4587Kb
 bounds [0x0000018287530000, 0x00000182877a0000, 0x0000018287ad0000]
 total_blobs=375 nmethods=69 adapters=211
 compilation: enabled
              stopped_count=0, restarted_count=0
 full_count=0

Compilation events (20 events):
Event: 0.041 Thread 0x00000182958a0450   40       3       java.util.ImmutableCollections$SetN$SetNIterator::<init> (36 bytes)
Event: 0.041 Thread 0x00000182958a0450 nmethod 40 0x0000018280013a90 code [0x0000018280013c40, 0x0000018280013e48]
Event: 0.041 Thread 0x00000182958a0450   57       1       java.lang.module.ModuleDescriptor::isAutomatic (5 bytes)
Event: 0.041 Thread 0x00000182958a0450 nmethod 57 0x0000018287ad3a10 code [0x0000018287ad3ba0, 0x0000018287ad3c70]
Event: 0.041 Thread 0x00000182958a0450   49       1       java.lang.module.ResolvedModule::reference (5 bytes)
Event: 0.041 Thread 0x00000182958a0450 nmethod 49 0x0000018287ad3d10 code [0x0000018287ad3ea0, 0x0000018287ad3f70]
Event: 0.041 Thread 0x00000182958a0450   58       1       java.lang.module.ResolvedModule::configuration (5 bytes)
Event: 0.041 Thread 0x00000182958a0450 nmethod 58 0x0000018287ad4010 code [0x0000018287ad41a0, 0x0000018287ad4270]
Event: 0.041 Thread 0x00000182958a0450   63       1       java.lang.module.ModuleDescriptor$Exports::targets (5 bytes)
Event: 0.041 Thread 0x00000182958a0450 nmethod 63 0x0000018287ad4310 code [0x0000018287ad44a0, 0x0000018287ad4570]
Event: 0.041 Thread 0x00000182958a0450   65       1       java.util.ImmutableCollections$Set12::isEmpty (2 bytes)
Event: 0.041 Thread 0x00000182958a0450 nmethod 65 0x0000018287ad4610 code [0x0000018287ad47a0, 0x0000018287ad4868]
Event: 0.042 Thread 0x00000182958a0450   66       3       java.lang.Math::min (11 bytes)
Event: 0.042 Thread 0x00000182958a0450 nmethod 66 0x0000018280013f90 code [0x0000018280014120, 0x0000018280014260]
Event: 0.042 Thread 0x00000182958a0450   67       3       java.lang.AbstractStringBuilder::ensureCapacityInternal (39 bytes)
Event: 0.042 Thread 0x00000182958a0450 nmethod 67 0x0000018280014310 code [0x00000182800144e0, 0x0000018280014720]
Event: 0.043 Thread 0x00000182958a0450   68       3       java.lang.String::isEmpty (14 bytes)
Event: 0.043 Thread 0x00000182958a0450 nmethod 68 0x0000018280014810 code [0x00000182800149c0, 0x0000018280014b30]
Event: 0.051 Thread 0x00000182958a0450   69       3       java.lang.StringLatin1::canEncode (13 bytes)
Event: 0.051 Thread 0x00000182958a0450 nmethod 69 0x0000018280014c10 code [0x0000018280014da0, 0x0000018280014ee8]

GC Heap History (0 events):
No events

Dll operation events (2 events):
Event: 0.005 Loaded shared library C:\Program Files\Java\jdk-21\bin\java.dll
Event: 0.033 Loaded shared library C:\Program Files\Java\jdk-21\bin\jsvml.dll

Deoptimization events (0 events):
No events

Classes loaded (12 events):
Event: 0.026 Loading class sun/nio/cs/MS1251
Event: 0.026 Loading class sun/nio/cs/MS1251 done
Event: 0.027 Loading class sun/nio/cs/MS1251$Holder
Event: 0.027 Loading class sun/nio/cs/MS1251$Holder done
Event: 0.028 Loading class sun/nio/cs/IBM866
Event: 0.028 Loading class sun/nio/cs/IBM866 done
Event: 0.028 Loading class sun/nio/cs/IBM866$Holder
Event: 0.028 Loading class sun/nio/cs/IBM866$Holder done
Event: 0.042 Loading class jdk/internal/loader/URLClassPath$FileLoader
Event: 0.042 Loading class jdk/internal/loader/URLClassPath$FileLoader done
Event: 0.043 Loading class jdk/internal/loader/URLClassPath$FileLoader$1
Event: 0.043 Loading class jdk/internal/loader/URLClassPath$FileLoader$1 done

Classes unloaded (0 events):
No events

Classes redefined (0 events):
No events

Internal exceptions (0 events):
No events

ZGC Phase Switch (0 events):
No events

VM Operations (0 events):
No events

Events (11 events):
Event: 0.017 Thread 0x00000182f41d0c40 Thread added: 0x00000182f41d0c40
Event: 0.029 Thread 0x0000018295894250 Thread added: 0x0000018295894250
Event: 0.029 Thread 0x0000018295894f60 Thread added: 0x0000018295894f60
Event: 0.029 Thread 0x0000018295896b20 Thread added: 0x0000018295896b20
Event: 0.030 Thread 0x0000018295897570 Thread added: 0x0000018295897570
Event: 0.030 Thread 0x0000018295897fc0 Thread added: 0x0000018295897fc0
Event: 0.030 Thread 0x0000018295898a10 Thread added: 0x0000018295898a10
Event: 0.030 Thread 0x0000018295899790 Thread added: 0x0000018295899790
Event: 0.030 Thread 0x00000182958a0450 Thread added: 0x00000182958a0450
Event: 0.041 Thread 0x0000018295ba7240 Thread added: 0x0000018295ba7240
Event: 0.046 Thread 0x0000018295baceb0 Thread added: 0x0000018295baceb0


Dynamic libraries:
0x00007ff6ae6d0000 - 0x00007ff6ae6e0000 	C:\Program Files\Java\jdk-21\bin\java.exe
0x00007ffcc25d0000 - 0x00007ffcc27c8000 	C:\Windows\SYSTEM32\ntdll.dll
0x00007ffcc0a80000 - 0x00007ffcc0b42000 	C:\Windows\System32\KERNEL32.DLL
0x00007ffcbff30000 - 0x00007ffcc0226000 	C:\Windows\System32\KERNELBASE.dll
0x00007ffcc04c0000 - 0x00007ffcc05c0000 	C:\Windows\System32\ucrtbase.dll
0x00007ffcb1360000 - 0x00007ffcb137b000 	C:\Program Files\Java\jdk-21\bin\VCRUNTIME140.dll
0x00007ffcb1340000 - 0x00007ffcb1359000 	C:\Program Files\Java\jdk-21\bin\jli.dll
0x00007ffcc15b0000 - 0x00007ffcc1661000 	C:\Windows\System32\ADVAPI32.dll
0x00007ffcc24c0000 - 0x00007ffcc255e000 	C:\Windows\System32\msvcrt.dll
0x00007ffcc09d0000 - 0x00007ffcc0a6f000 	C:\Windows\System32\sechost.dll
0x00007ffcc1670000 - 0x00007ffcc1790000 	C:\Windows\System32\RPCRT4.dll
0x00007ffcbfc30000 - 0x00007ffcbfc57000 	C:\Windows\System32\bcrypt.dll
0x00007ffcc0c40000 - 0x00007ffcc0de1000 	C:\Windows\System32\USER32.dll
0x00007ffcbff00000 - 0x00007ffcbff22000 	C:\Windows\System32\win32u.dll
0x00007ffcabe70000 - 0x00007ffcac10b000 	C:\Windows\WinSxS\amd64_microsoft.windows.common-controls_6595b64144ccf1df_6.0.19041.6456_none_60b8a6cb71f64256\COMCTL32.dll
0x00007ffcc1060000 - 0x00007ffcc108b000 	C:\Windows\System32\GDI32.dll
0x00007ffcc0230000 - 0x00007ffcc0349000 	C:\Windows\System32\gdi32full.dll
0x00007ffcc03a0000 - 0x00007ffcc043d000 	C:\Windows\System32\msvcp_win.dll
0x00007ffcb69a0000 - 0x00007ffcb69aa000 	C:\Windows\SYSTEM32\VERSION.dll
0x00007ffcc07d0000 - 0x00007ffcc07ff000 	C:\Windows\System32\IMM32.DLL
0x00007ffcbcd70000 - 0x00007ffcbcd7c000 	C:\Program Files\Java\jdk-21\bin\vcruntime140_1.dll
0x00007ffca0550000 - 0x00007ffca05de000 	C:\Program Files\Java\jdk-21\bin\msvcp140.dll
0x00007ffc23b50000 - 0x00007ffc2486a000 	C:\Program Files\Java\jdk-21\bin\server\jvm.dll
0x00007ffcc0ff0000 - 0x00007ffcc105b000 	C:\Windows\System32\WS2_32.dll
0x00007ffcbf640000 - 0x00007ffcbf68b000 	C:\Windows\SYSTEM32\POWRPROF.dll
0x00007ffcb33b0000 - 0x00007ffcb33d7000 	C:\Windows\SYSTEM32\WINMM.dll
0x00007ffcbf620000 - 0x00007ffcbf632000 	C:\Windows\SYSTEM32\UMPDC.dll
0x00007ffcbe400000 - 0x00007ffcbe412000 	C:\Windows\SYSTEM32\kernel.appcore.dll
0x00007ffcacfc0000 - 0x00007ffcacfca000 	C:\Program Files\Java\jdk-21\bin\jimage.dll
0x00007ffcbd6b0000 - 0x00007ffcbd8b1000 	C:\Windows\SYSTEM32\DBGHELP.DLL
0x00007ffcb93c0000 - 0x00007ffcb93f4000 	C:\Windows\SYSTEM32\dbgcore.DLL
0x00007ffcbfc60000 - 0x00007ffcbfce2000 	C:\Windows\System32\bcryptPrimitives.dll
0x00007ffcacfa0000 - 0x00007ffcacfbf000 	C:\Program Files\Java\jdk-21\bin\java.dll
0x00007ffcc19f0000 - 0x00007ffcc2160000 	C:\Windows\System32\SHELL32.dll
0x00007ffcbdc40000 - 0x00007ffcbe3e5000 	C:\Windows\SYSTEM32\windows.storage.dll
0x00007ffcc2160000 - 0x00007ffcc24b4000 	C:\Windows\System32\combase.dll
0x00007ffcbf4a0000 - 0x00007ffcbf4cb000 	C:\Windows\SYSTEM32\Wldp.dll
0x00007ffcc1790000 - 0x00007ffcc185d000 	C:\Windows\System32\OLEAUT32.dll
0x00007ffcc1090000 - 0x00007ffcc113d000 	C:\Windows\System32\SHCORE.dll
0x00007ffcc1860000 - 0x00007ffcc18bb000 	C:\Windows\System32\shlwapi.dll
0x00007ffcbfb60000 - 0x00007ffcbfb84000 	C:\Windows\SYSTEM32\profapi.dll
0x00007ffc949f0000 - 0x00007ffc94ac7000 	C:\Program Files\Java\jdk-21\bin\jsvml.dll

dbghelp: loaded successfully - version: 4.0.5 - missing functions: none
symbol engine: initialized successfully - sym options: 0x614 - pdb path: .;C:\Program Files\Java\jdk-21\bin;C:\Windows\SYSTEM32;C:\Windows\WinSxS\amd64_microsoft.windows.common-controls_6595b64144ccf1df_6.0.19041.6456_none_60b8a6cb71f64256;C:\Program Files\Java\jdk-21\bin\server

VM Arguments:
jvm_args: -Xverify:none 
java_command: Inher.Test
java_class_path (initial): Output
Launcher Type: SUN_STANDARD

[Global flags]
     intx CICompilerCount                          = 4                                         {product} {ergonomic}
     uint ConcGCThreads                            = 3                                         {product} {ergonomic}
     uint G1ConcRefinementThreads                  = 10                                        {product} {ergonomic}
   size_t G1HeapRegionSize                         = 2097152                                   {product} {ergonomic}
    uintx GCDrainStackTargetSize                   = 64                                        {product} {ergonomic}
   size_t InitialHeapSize                          = 257949696                                 {product} {ergonomic}
   size_t MarkStackSize                            = 4194304                                   {product} {ergonomic}
   size_t MaxHeapSize                              = 4118806528                                {product} {ergonomic}
   size_t MaxNewSize                               = 2470445056                                {product} {ergonomic}
   size_t MinHeapDeltaBytes                        = 2097152                                   {product} {ergonomic}
   size_t MinHeapSize                              = 8388608                                   {product} {ergonomic}
    uintx NonNMethodCodeHeapSize                   = 5839372                                {pd product} {ergonomic}
    uintx NonProfiledCodeHeapSize                  = 122909434                              {pd product} {ergonomic}
    uintx ProfiledCodeHeapSize                     = 122909434                              {pd product} {ergonomic}
    uintx ReservedCodeCacheSize                    = 251658240                              {pd product} {ergonomic}
     bool SegmentedCodeCache                       = true                                      {product} {ergonomic}
   size_t SoftMaxHeapSize                          = 4118806528                             {manageable} {ergonomic}
     bool UseCompressedOops                        = true                           {product lp64_product} {ergonomic}
     bool UseG1GC                                  = true                                      {product} {ergonomic}
     bool UseLargePagesIndividualAllocation        = false                                  {pd product} {ergonomic}

Logging:
Log output configuration:
 #0: stdout all=warning uptime,level,tags foldmultilines=false
 #1: stderr all=off uptime,level,tags foldmultilines=false

Environment Variables:
CLASSPATH=C:\LINGO64_20\Lingo20.jar
PATH=C:\Program Files\Common Files\Oracle\Java\javapath;C:\VulkanSDK\1.3.275.0\Bin;C:\ProgramData\Oracle\Java\javapath;C:\Windows\system32;C:\Windows;C:\Windows\System32\Wbem;C:\Windows\System32\WindowsPowerShell\v1.0\;C:\Windows\System32\OpenSSH\;C:\Program Files (x86)\dotnet\;C:\Program Files (x86)\HP\Common\HPDestPlgIn\;C:\Program Files\dotnet\;c:\altera\90sp2\quartus\bin;C:\Strawberry\c\bin;C:\Strawberry\perl\site\bin;C:\Strawberry\perl\bin;C:\Program Files\doxygen\bin;C:\Program Files (x86)\NVIDIA Corporation\PhysX\Common;C:\Program Files\Git\cmd;C:\Program Files\NVIDIA Corporation\NVIDIA app\NvDLISR;C:\Program Files\TortoiseHg\;C:\Program Files\PuTTY\;C:\LINGO64_20\;C:\Program Files\nodejs\;C:\Program Files\Docker\Docker\resources\bin;C:\Program Files\MySQL\MySQL Shell 8.0\bin\;C:\Users\Acer\AppData\Local\Programs\Python\Python312\Scripts\;C:\Users\Acer\AppData\Local\Programs\Python\Python312\;C:\Users\Acer\AppData\Local\Microsoft\WindowsApps;C:\Program Files (x86)\HP\Common\HPDestPlgIn\;C:\Program Files\heroku\bin;C:\Program Files\doxygen\bin;C:\Users\Acer\.dotnet\tools;C:\Users\Acer\AppData\Local\GitHubDesktop\bin;C:\Users\Acer\AppData\Local\Programs\Microsoft VS Code\bin;C:\Program Files\apache-maven-3.9.9-bin\apache-maven-3.9.9\bin;C:\Users\Acer\AppData\Roaming\npm;C:\Program Files (x86)\GnuWin32\bin;C:\GnuWin32\bin;C:\Program Files\JetBrains\CLion 2025.3\bin;C:\Program Files\Java\jdk-21\bin;
USERNAME=Acer
OS=Windows_NT
PROCESSOR_IDENTIFIER=AMD64 Family 23 Model 104 Stepping 1, AuthenticAMD
TMP=C:\Users\Acer\AppData\Local\Temp
TEMP=C:\Users\Acer\AppData\Local\Temp




Periodic native trim disabled

---------------  S Y S T E M  ---------------

OS:
 Windows 10 , 64 bit Build 19041 (10.0.19041.5915)
OS uptime: 0 days 4:46 hours
Hyper-V role detected

CPU: total 12 (initial active 12) (12 cores per cpu, 2 threads per core) family 23 model 104 stepping 1 microcode 0x0, cx8, cmov, fxsr, ht, mmx, 3dnowpref, sse, sse2, sse3, ssse3, sse4a, sse4.1, sse4.2, popcnt, lzcnt, tsc, tscinvbit, avx, avx2, aes, clmul, bmi1, bmi2, adx, sha, fma, vzeroupper, clflush, clflushopt, hv, rdtscp, rdpid, f16c
Processor Information for all 12 processors :
  Max Mhz: 2100, Current Mhz: 2100, Mhz Limit: 2100

Memory: 4k page, system-wide physical 15706M (5609M free)
TotalPageFile size 19290M (AvailPageFile size 6193M)
current process WorkingSet (physical memory assigned to process): 34M, peak: 34M
current process commit charge ("private bytes"): 333M, peak: 333M

vm_info: Java HotSpot(TM) 64-Bit Server VM (21.0.6+8-LTS-188) for windows-amd64 JRE (21.0.6+8-LTS-188), built on 2024-12-03T10:50:54Z by "mach5one" with MS VC++ 17.6 (VS2022)

END.
