#
# A fatal error has been detected by the Java Runtime Environment:
#
#  EXCEPTION_ACCESS_VIOLATION (0xc0000005) at pc=0x00007ff9cfaabd0b, pid=21520, tid=22520
#
# JRE version: Java(TM) SE Runtime Environment (21.0.6+8) (build 21.0.6+8-LTS-188)
# Java VM: Java HotSpot(TM) 64-Bit Server VM (21.0.6+8-LTS-188, mixed mode, sharing, tiered, compressed oops, compressed class ptrs, g1 gc, windows-amd64)
# Problematic frame:
# V  [jvm.dll+0x68bd0b]
#
# No core dump will be written. Minidumps are not enabled by default on client versions of Windows
#
# If you would like to submit a bug report, please visit:
#   https://bugreport.java.com/bugreport/crash.jsp
#

---------------  S U M M A R Y ------------

Command Line: -Xverify:none FloodFill.M

Host: AMD Ryzen 5 5500U with Radeon Graphics         , 12 cores, 15G,  Windows 10 , 64 bit Build 19041 (10.0.19041.5915)
Time: Wed Jan 21 22:20:38 2026 RTZ 2 (s 10 , 64 bit Build 19041 (10.0.19041.5915) elapsed time: 0.120000 seconds (0d 0h 0m 0s)

---------------  T H R E A D  ---------------

Current thread (0x000001f99535c490):  JavaThread "C1 CompilerThread0" daemon [_thread_in_native, id=22520, stack(0x0000007a8a900000,0x0000007a8aa00000) (1024K)]


Current CompileTask:
C1:    120  213 %     3       FloodFill.M::Fill @ 88 (571 bytes)

Stack: [0x0000007a8a900000,0x0000007a8aa00000],  sp=0x0000007a8a9fe3b0,  free space=1016k
Native frames: (J=compiled Java code, j=interpreted, Vv=VM code, C=native code)
V  [jvm.dll+0x68bd0b]
V  [jvm.dll+0x68b610]
V  [jvm.dll+0x1f0e5d]
V  [jvm.dll+0x162a99]
V  [jvm.dll+0x156aac]
V  [jvm.dll+0x156dd6]
V  [jvm.dll+0x166d36]
V  [jvm.dll+0x152a50]
V  [jvm.dll+0x152dd3]
V  [jvm.dll+0x1530a4]
V  [jvm.dll+0x1524d6]
V  [jvm.dll+0x1542ad]
V  [jvm.dll+0x2554f9]
V  [jvm.dll+0x253a8a]
V  [jvm.dll+0x3ee576]
V  [jvm.dll+0x7ff2fb]
V  [jvm.dll+0x6c8dbd]
C  [ucrtbase.dll+0x21bb2]
C  [KERNEL32.DLL+0x17374]
C  [ntdll.dll+0x4cc91]


siginfo: EXCEPTION_ACCESS_VIOLATION (0xc0000005), reading address 0x0000000000000000


Registers:
RAX=0x0000007a8a9ff378, RBX=0x000001f995576180, RCX=0x0000000000000000, RDX=0x0000000000000000
RSP=0x0000007a8a9fe3b0, RBP=0x0000007a8a9fe459, RSI=0x000001f995571418, RDI=0x000000000000023b
R8 =0x000001f9955711b1, R9 =0x0000000095571118, R10=0x0000007a8a9ff378, R11=0x0000000000000000
R12=0x0000000000000000, R13=0x000001f995571380, R14=0x00007ff9cf420000, R15=0x00000000ffffffff
RIP=0x00007ff9cfaabd0b, EFLAGS=0x0000000000010282


Register to memory mapping:

RAX=0x0000007a8a9ff378 is pointing into the stack for thread: 0x000001f99535c490
RBX=0x000001f995576180 points into unknown readable memory: 0x000001f995571380 | 80 13 57 95 f9 01 00 00
RCX=0x0 is null
RDX=0x0 is null
RSP=0x0000007a8a9fe3b0 is pointing into the stack for thread: 0x000001f99535c490
RBP=0x0000007a8a9fe459 is pointing into the stack for thread: 0x000001f99535c490
RSI=0x000001f995571418 points into unknown readable memory: 0x000001f99556fca0 | a0 fc 56 95 f9 01 00 00
RDI=0x000000000000023b is an unknown value
R8 =0x000001f9955711b1 points into unknown readable memory: 04 a7 00 04 03 00 99
R9 =0x0000000095571118 is an unknown value
R10=0x0000007a8a9ff378 is pointing into the stack for thread: 0x000001f99535c490
R11=0x0 is null
R12=0x0 is null
R13=0x000001f995571380 points into unknown readable memory: 0x000001f99556fca0 | a0 fc 56 95 f9 01 00 00
R14=0x00007ff9cf420000 jvm.dll
R15=0x00000000ffffffff is an unknown value

Top of Stack: (sp=0x0000007a8a9fe3b0)
0x0000007a8a9fe3b0:   00000000000002f8 000001f995576028
0x0000007a8a9fe3c0:   000001f995573848 0000007a8a9fe459
0x0000007a8a9fe3d0:   0000007a8a9fe4d0 00007ff9cfaed14c
0x0000007a8a9fe3e0:   000001f995576180 000001f99574fbd8
0x0000007a8a9fe3f0:   000001f99574fc18 0000000000000015
0x0000007a8a9fe400:   000001f99556fca0 000001f99556fbf0
0x0000007a8a9fe410:   000001f9955711ae 0000000000000000
0x0000007a8a9fe420:   0000000000000001 000001f995571118
0x0000007a8a9fe430:   000001f995571353 000001f9955711b1
0x0000007a8a9fe440:   000000a1000000a1 0000000000000040
0x0000007a8a9fe450:   000000000000000f 0000000000000150
0x0000007a8a9fe460:   0000000000000000 0000000000000020
0x0000007a8a9fe470:   0000000000000074 0000000000000000
0x0000007a8a9fe480:   0000007a8a9fe6d0 0000000000000000
0x0000007a8a9fe490:   0000000000000058 000001f995571380
0x0000007a8a9fe4a0:   0000000000000000 000001f99556fca0
0x0000007a8a9fe4b0:   0000007a8a9fe5f9 00007ff9cfaab610
0x0000007a8a9fe4c0:   000001f995571380 0000007a0000023b
0x0000007a8a9fe4d0:   000000000000000f 000001f995571418
0x0000007a8a9fe4e0:   000001f99556fca0 00007ff9cf55d5f8
0x0000007a8a9fe4f0:   000001f995571380 000001f9955713b8
0x0000007a8a9fe500:   0000007a8a9fe5f9 00007ff9cf55e31f
0x0000007a8a9fe510:   0000007a8a9ff378 00007ff9cfaab128
0x0000007a8a9fe520:   000001f99574f9f0 00007ff9cf5768da
0x0000007a8a9fe530:   0000000000000000 0000007a8a9fe6d0
0x0000007a8a9fe540:   0000007a8a9ff378 00007ff9cf610e5d
0x0000007a8a9fe550:   000001f99556fca0 0000007a8a9fe5f9
0x0000007a8a9fe560:   0000000000000000 0000000000000000
0x0000007a8a9fe570:   000001f99574f808 00007ff9cf582a99
0x0000007a8a9fe580:   0000007a8a9fe6d0 000001f99574fbb8
0x0000007a8a9fe590:   0000000000000000 0000000200000000
0x0000007a8a9fe5a0:   000001f99574fbc8 0000000000000000 

Instructions: (pc=0x00007ff9cfaabd0b)
0x00007ff9cfaabc0b:   48 8b 04 13 48 83 c3 08 48 89 04 f1 48 8b ce 49
0x00007ff9cfaabc1b:   8b 45 38 48 8b 75 7f 48 c1 e9 06 48 8d 14 c8 48
0x00007ff9cfaabc2b:   8b 04 c8 4c 0f ab c0 48 89 02 41 8b 55 20 44 3b
0x00007ff9cfaabc3b:   f2 0f 8c 6e ff ff ff 8b 7d 6f 49 8b 5d 00 48 89
0x00007ff9cfaabc4b:   5d a7 48 85 db 75 12 4c 89 65 af 4c 89 65 df 4c
0x00007ff9cfaabc5b:   89 65 cf 4c 89 65 d7 eb 31 48 8b 43 28 48 89 45
0x00007ff9cfaabc6b:   af 48 83 7b 78 00 75 0c 48 8b cb e8 95 82 b6 ff
0x00007ff9cfaabc7b:   41 8b 55 20 48 8b 4b 78 8b 43 48 48 03 c1 48 89
0x00007ff9cfaabc8b:   4d df 48 89 45 d7 48 89 4d cf 4c 89 65 b7 4c 89
0x00007ff9cfaabc9b:   65 bf 4c 89 bc 24 c8 00 00 00 44 89 65 77 85 d2
0x00007ff9cfaabcab:   0f 8e fa 05 00 00 4d 8b fc 4c 89 65 f7 4c 8d 35
0x00007ff9cfaabcbb:   41 43 97 ff 90 49 8b 45 18 4a 8b 1c f8 48 8b 46
0x00007ff9cfaabccb:   10 48 89 5d 87 48 8b 48 08 4a 8b 04 f9 44 8b 78
0x00007ff9cfaabcdb:   0c 41 83 ff ff 75 61 48 63 43 0c 3b c7 0f 8d a0
0x00007ff9cfaabceb:   05 00 00 48 8b d0 48 89 5d 87 49 8b 45 28 48 8b
0x00007ff9cfaabcfb:   48 08 48 8b 04 d1 49 8b d4 48 8b 88 90 00 00 00
0x00007ff9cfaabd0b:   48 63 01 85 c0 7e 23 4c 8b c0 48 8b 41 08 0f 1f
0x00007ff9cfaabd1b:   80 00 00 00 00 48 39 18 0f 84 65 05 00 00 48 ff
0x00007ff9cfaabd2b:   c2 48 83 c0 08 49 3b d0 7c eb 48 8d 55 87 e8 72
0x00007ff9cfaabd3b:   dd 97 ff e9 4b 05 00 00 41 8b d7 48 8d 4d a7 e8
0x00007ff9cfaabd4b:   11 7a b7 ff 4c 8b 45 df 49 8b f0 4c 89 45 b7 4c
0x00007ff9cfaabd5b:   3b 45 d7 0f 83 26 05 00 00 41 0f b6 00 89 45 eb
0x00007ff9cfaabd6b:   49 63 bc 86 00 97 99 00 89 7d e7 81 ff ee 00 00
0x00007ff9cfaabd7b:   00 77 2f 42 0f b6 84 37 10 96 99 00 83 e0 0f 8b
0x00007ff9cfaabd8b:   c8 4c 03 c1 4c 89 45 df 85 c0 75 1d 8b d7 48 8d
0x00007ff9cfaabd9b:   4d a7 e8 9e 78 b7 ff 48 8b 75 b7 8b f8 89 45 e7
0x00007ff9cfaabdab:   eb 07 49 ff c8 4c 89 45 df 8d 87 67 ff ff ff 83
0x00007ff9cfaabdbb:   f8 30 0f 87 c4 04 00 00 48 98 41 0f b6 84 06 9c
0x00007ff9cfaabdcb:   c4 68 00 41 8b 8c 86 78 c4 68 00 49 03 ce ff e1
0x00007ff9cfaabddb:   8b 45 df 44 8b 4d cf 41 2b c1 3b 45 6f 7d 4d 48
0x00007ff9cfaabdeb:   63 d0 49 8b 45 28 48 89 5d 87 48 8b 48 08 48 8b
0x00007ff9cfaabdfb:   04 d1 49 8b d4 48 8b 88 90 00 00 00 48 63 01 85 


Stack slot to memory mapping:

stack at sp + 0 slots: 0x00000000000002f8 is an unknown value
stack at sp + 1 slots: 0x000001f995576028 points into unknown readable memory: 0x000001f995571380 | 80 13 57 95 f9 01 00 00
stack at sp + 2 slots: 0x000001f995573848 points into unknown readable memory: 0x000000570000005f | 5f 00 00 00 57 00 00 00
stack at sp + 3 slots: 0x0000007a8a9fe459 is pointing into the stack for thread: 0x000001f99535c490
stack at sp + 4 slots: 0x0000007a8a9fe4d0 is pointing into the stack for thread: 0x000001f99535c490
stack at sp + 5 slots: 0x00007ff9cfaed14c jvm.dll
stack at sp + 6 slots: 0x000001f995576180 points into unknown readable memory: 0x000001f995571380 | 80 13 57 95 f9 01 00 00
stack at sp + 7 slots: 0x000001f99574fbd8 points into unknown readable memory: 0x0000000500000000 | 00 00 00 00 05 00 00 00


---------------  P R O C E S S  ---------------

Threads class SMR info:
_java_thread_list=0x000001f9955fd6c0, length=11, elements={
0x000001f9f3d34730, 0x000001f99534c5c0, 0x000001f99534d2d0, 0x000001f99534ee90,
0x000001f99534f8e0, 0x000001f995350330, 0x000001f995350d80, 0x000001f995359e70,
0x000001f99535c490, 0x000001f99563a820, 0x000001f995665390
}

Java Threads: ( => current thread )
  0x000001f9f3d34730 JavaThread "main"                              [_thread_in_Java, id=19604, stack(0x0000007a89a00000,0x0000007a89b00000) (1024K)]
  0x000001f99534c5c0 JavaThread "Reference Handler"          daemon [_thread_blocked, id=9572, stack(0x0000007a8a200000,0x0000007a8a300000) (1024K)]
  0x000001f99534d2d0 JavaThread "Finalizer"                  daemon [_thread_blocked, id=21668, stack(0x0000007a8a300000,0x0000007a8a400000) (1024K)]
  0x000001f99534ee90 JavaThread "Signal Dispatcher"          daemon [_thread_blocked, id=18720, stack(0x0000007a8a400000,0x0000007a8a500000) (1024K)]
  0x000001f99534f8e0 JavaThread "Attach Listener"            daemon [_thread_blocked, id=9036, stack(0x0000007a8a500000,0x0000007a8a600000) (1024K)]
  0x000001f995350330 JavaThread "Service Thread"             daemon [_thread_blocked, id=22288, stack(0x0000007a8a600000,0x0000007a8a700000) (1024K)]
  0x000001f995350d80 JavaThread "Monitor Deflation Thread"   daemon [_thread_blocked, id=15428, stack(0x0000007a8a700000,0x0000007a8a800000) (1024K)]
  0x000001f995359e70 JavaThread "C2 CompilerThread0"         daemon [_thread_blocked, id=10644, stack(0x0000007a8a800000,0x0000007a8a900000) (1024K)]
=>0x000001f99535c490 JavaThread "C1 CompilerThread0"         daemon [_thread_in_native, id=22520, stack(0x0000007a8a900000,0x0000007a8aa00000) (1024K)]
  0x000001f99563a820 JavaThread "Notification Thread"        daemon [_thread_blocked, id=192, stack(0x0000007a8aa00000,0x0000007a8ab00000) (1024K)]
  0x000001f995665390 JavaThread "Common-Cleaner"             daemon [_thread_blocked, id=20376, stack(0x0000007a8ab00000,0x0000007a8ac00000) (1024K)]
Total: 11

Other Threads:
  0x000001f99532d220 VMThread "VM Thread"                           [id=4048, stack(0x0000007a8a100000,0x0000007a8a200000) (1024K)]
  0x000001f99531efb0 WatcherThread "VM Periodic Task Thread"        [id=9960, stack(0x0000007a8a000000,0x0000007a8a100000) (1024K)]
  0x000001f9f4046a00 WorkerThread "GC Thread#0"                     [id=4776, stack(0x0000007a89b00000,0x0000007a89c00000) (1024K)]
  0x000001f9f4057e80 ConcurrentGCThread "G1 Main Marker"            [id=12356, stack(0x0000007a89c00000,0x0000007a89d00000) (1024K)]
  0x000001f9f4058a40 WorkerThread "G1 Conc#0"                       [id=12964, stack(0x0000007a89d00000,0x0000007a89e00000) (1024K)]
  0x000001f9951f1570 ConcurrentGCThread "G1 Refine#0"               [id=20608, stack(0x0000007a89e00000,0x0000007a89f00000) (1024K)]
  0x000001f9951f1ef0 ConcurrentGCThread "G1 Service"                [id=6400, stack(0x0000007a89f00000,0x0000007a8a000000) (1024K)]
Total: 7

Threads with active compile tasks:
C1 CompilerThread0      137  213 %     3       FloodFill.M::Fill @ 88 (571 bytes)
Total: 1

VM state: not at safepoint (normal execution)

VM Mutex/Monitor currently owned by a thread: None

Heap address: 0x000000070a800000, size: 3928 MB, Compressed Oops mode: Zero based, Oop shift amount: 3

CDS archive(s) mapped at: [0x000001f996000000-0x000001f996c90000-0x000001f996c90000), size 13172736, SharedBaseAddress: 0x000001f996000000, ArchiveRelocationMode: 1.
Compressed class space mapped at: 0x000001f997000000-0x000001f9d7000000, reserved size: 1073741824
Narrow klass base: 0x000001f996000000, Narrow klass shift: 0, Narrow klass range: 0x100000000

GC Precious Log:
 CardTable entry size: 512
 Card Set container configuration: InlinePtr #cards 4 size 8 Array Of Cards #cards 16 size 48 Howl #buckets 8 coarsen threshold 3686 Howl Bitmap #cards 512 size 80 coarsen threshold 460 Card regions per heap region 1 cards per card region 4096
 CPUs: 12 total, 12 available
 Memory: 15706M
 Large Page Support: Disabled
 NUMA Support: Disabled
 Compressed Oops: Enabled (Zero based)
 Heap Region Size: 2M
 Heap Min Capacity: 8M
 Heap Initial Capacity: 246M
 Heap Max Capacity: 3928M
 Pre-touch: Disabled
 Parallel Workers: 10
 Concurrent Workers: 3
 Concurrent Refinement Workers: 10
 Periodic GC: Disabled

Heap:
 garbage-first heap   total 251904K, used 2048K [0x000000070a800000, 0x0000000800000000)
  region size 2048K, 2 young (4096K), 0 survivors (0K)
 Metaspace       used 476K, committed 640K, reserved 1114112K
  class space    used 28K, committed 128K, reserved 1048576K

Heap Regions: E=young(eden), S=young(survivor), O=old, HS=humongous(starts), HC=humongous(continues), CS=collection set, F=free, TAMS=top-at-mark-start, PB=parsable bottom
|   0|0x000000070a800000, 0x000000070a800000, 0x000000070aa00000|  0%| F|  |TAMS 0x000000070a800000| PB 0x000000070a800000| Untracked 
|   1|0x000000070aa00000, 0x000000070aa00000, 0x000000070ac00000|  0%| F|  |TAMS 0x000000070aa00000| PB 0x000000070aa00000| Untracked 
|   2|0x000000070ac00000, 0x000000070ac00000, 0x000000070ae00000|  0%| F|  |TAMS 0x000000070ac00000| PB 0x000000070ac00000| Untracked 
|   3|0x000000070ae00000, 0x000000070ae00000, 0x000000070b000000|  0%| F|  |TAMS 0x000000070ae00000| PB 0x000000070ae00000| Untracked 
|   4|0x000000070b000000, 0x000000070b000000, 0x000000070b200000|  0%| F|  |TAMS 0x000000070b000000| PB 0x000000070b000000| Untracked 
|   5|0x000000070b200000, 0x000000070b200000, 0x000000070b400000|  0%| F|  |TAMS 0x000000070b200000| PB 0x000000070b200000| Untracked 
|   6|0x000000070b400000, 0x000000070b400000, 0x000000070b600000|  0%| F|  |TAMS 0x000000070b400000| PB 0x000000070b400000| Untracked 
|   7|0x000000070b600000, 0x000000070b600000, 0x000000070b800000|  0%| F|  |TAMS 0x000000070b600000| PB 0x000000070b600000| Untracked 
|   8|0x000000070b800000, 0x000000070b800000, 0x000000070ba00000|  0%| F|  |TAMS 0x000000070b800000| PB 0x000000070b800000| Untracked 
|   9|0x000000070ba00000, 0x000000070ba00000, 0x000000070bc00000|  0%| F|  |TAMS 0x000000070ba00000| PB 0x000000070ba00000| Untracked 
|  10|0x000000070bc00000, 0x000000070bc00000, 0x000000070be00000|  0%| F|  |TAMS 0x000000070bc00000| PB 0x000000070bc00000| Untracked 
|  11|0x000000070be00000, 0x000000070be00000, 0x000000070c000000|  0%| F|  |TAMS 0x000000070be00000| PB 0x000000070be00000| Untracked 
|  12|0x000000070c000000, 0x000000070c000000, 0x000000070c200000|  0%| F|  |TAMS 0x000000070c000000| PB 0x000000070c000000| Untracked 
|  13|0x000000070c200000, 0x000000070c200000, 0x000000070c400000|  0%| F|  |TAMS 0x000000070c200000| PB 0x000000070c200000| Untracked 
|  14|0x000000070c400000, 0x000000070c400000, 0x000000070c600000|  0%| F|  |TAMS 0x000000070c400000| PB 0x000000070c400000| Untracked 
|  15|0x000000070c600000, 0x000000070c600000, 0x000000070c800000|  0%| F|  |TAMS 0x000000070c600000| PB 0x000000070c600000| Untracked 
|  16|0x000000070c800000, 0x000000070c800000, 0x000000070ca00000|  0%| F|  |TAMS 0x000000070c800000| PB 0x000000070c800000| Untracked 
|  17|0x000000070ca00000, 0x000000070ca00000, 0x000000070cc00000|  0%| F|  |TAMS 0x000000070ca00000| PB 0x000000070ca00000| Untracked 
|  18|0x000000070cc00000, 0x000000070cc00000, 0x000000070ce00000|  0%| F|  |TAMS 0x000000070cc00000| PB 0x000000070cc00000| Untracked 
|  19|0x000000070ce00000, 0x000000070ce00000, 0x000000070d000000|  0%| F|  |TAMS 0x000000070ce00000| PB 0x000000070ce00000| Untracked 
|  20|0x000000070d000000, 0x000000070d000000, 0x000000070d200000|  0%| F|  |TAMS 0x000000070d000000| PB 0x000000070d000000| Untracked 
|  21|0x000000070d200000, 0x000000070d200000, 0x000000070d400000|  0%| F|  |TAMS 0x000000070d200000| PB 0x000000070d200000| Untracked 
|  22|0x000000070d400000, 0x000000070d400000, 0x000000070d600000|  0%| F|  |TAMS 0x000000070d400000| PB 0x000000070d400000| Untracked 
|  23|0x000000070d600000, 0x000000070d600000, 0x000000070d800000|  0%| F|  |TAMS 0x000000070d600000| PB 0x000000070d600000| Untracked 
|  24|0x000000070d800000, 0x000000070d800000, 0x000000070da00000|  0%| F|  |TAMS 0x000000070d800000| PB 0x000000070d800000| Untracked 
|  25|0x000000070da00000, 0x000000070da00000, 0x000000070dc00000|  0%| F|  |TAMS 0x000000070da00000| PB 0x000000070da00000| Untracked 
|  26|0x000000070dc00000, 0x000000070dc00000, 0x000000070de00000|  0%| F|  |TAMS 0x000000070dc00000| PB 0x000000070dc00000| Untracked 
|  27|0x000000070de00000, 0x000000070de00000, 0x000000070e000000|  0%| F|  |TAMS 0x000000070de00000| PB 0x000000070de00000| Untracked 
|  28|0x000000070e000000, 0x000000070e000000, 0x000000070e200000|  0%| F|  |TAMS 0x000000070e000000| PB 0x000000070e000000| Untracked 
|  29|0x000000070e200000, 0x000000070e200000, 0x000000070e400000|  0%| F|  |TAMS 0x000000070e200000| PB 0x000000070e200000| Untracked 
|  30|0x000000070e400000, 0x000000070e400000, 0x000000070e600000|  0%| F|  |TAMS 0x000000070e400000| PB 0x000000070e400000| Untracked 
|  31|0x000000070e600000, 0x000000070e600000, 0x000000070e800000|  0%| F|  |TAMS 0x000000070e600000| PB 0x000000070e600000| Untracked 
|  32|0x000000070e800000, 0x000000070e800000, 0x000000070ea00000|  0%| F|  |TAMS 0x000000070e800000| PB 0x000000070e800000| Untracked 
|  33|0x000000070ea00000, 0x000000070ea00000, 0x000000070ec00000|  0%| F|  |TAMS 0x000000070ea00000| PB 0x000000070ea00000| Untracked 
|  34|0x000000070ec00000, 0x000000070ec00000, 0x000000070ee00000|  0%| F|  |TAMS 0x000000070ec00000| PB 0x000000070ec00000| Untracked 
|  35|0x000000070ee00000, 0x000000070ee00000, 0x000000070f000000|  0%| F|  |TAMS 0x000000070ee00000| PB 0x000000070ee00000| Untracked 
|  36|0x000000070f000000, 0x000000070f000000, 0x000000070f200000|  0%| F|  |TAMS 0x000000070f000000| PB 0x000000070f000000| Untracked 
|  37|0x000000070f200000, 0x000000070f200000, 0x000000070f400000|  0%| F|  |TAMS 0x000000070f200000| PB 0x000000070f200000| Untracked 
|  38|0x000000070f400000, 0x000000070f400000, 0x000000070f600000|  0%| F|  |TAMS 0x000000070f400000| PB 0x000000070f400000| Untracked 
|  39|0x000000070f600000, 0x000000070f600000, 0x000000070f800000|  0%| F|  |TAMS 0x000000070f600000| PB 0x000000070f600000| Untracked 
|  40|0x000000070f800000, 0x000000070f800000, 0x000000070fa00000|  0%| F|  |TAMS 0x000000070f800000| PB 0x000000070f800000| Untracked 
|  41|0x000000070fa00000, 0x000000070fa00000, 0x000000070fc00000|  0%| F|  |TAMS 0x000000070fa00000| PB 0x000000070fa00000| Untracked 
|  42|0x000000070fc00000, 0x000000070fc00000, 0x000000070fe00000|  0%| F|  |TAMS 0x000000070fc00000| PB 0x000000070fc00000| Untracked 
|  43|0x000000070fe00000, 0x000000070fe00000, 0x0000000710000000|  0%| F|  |TAMS 0x000000070fe00000| PB 0x000000070fe00000| Untracked 
|  44|0x0000000710000000, 0x0000000710000000, 0x0000000710200000|  0%| F|  |TAMS 0x0000000710000000| PB 0x0000000710000000| Untracked 
|  45|0x0000000710200000, 0x0000000710200000, 0x0000000710400000|  0%| F|  |TAMS 0x0000000710200000| PB 0x0000000710200000| Untracked 
|  46|0x0000000710400000, 0x0000000710400000, 0x0000000710600000|  0%| F|  |TAMS 0x0000000710400000| PB 0x0000000710400000| Untracked 
|  47|0x0000000710600000, 0x0000000710600000, 0x0000000710800000|  0%| F|  |TAMS 0x0000000710600000| PB 0x0000000710600000| Untracked 
|  48|0x0000000710800000, 0x0000000710800000, 0x0000000710a00000|  0%| F|  |TAMS 0x0000000710800000| PB 0x0000000710800000| Untracked 
|  49|0x0000000710a00000, 0x0000000710a00000, 0x0000000710c00000|  0%| F|  |TAMS 0x0000000710a00000| PB 0x0000000710a00000| Untracked 
|  50|0x0000000710c00000, 0x0000000710c00000, 0x0000000710e00000|  0%| F|  |TAMS 0x0000000710c00000| PB 0x0000000710c00000| Untracked 
|  51|0x0000000710e00000, 0x0000000710e00000, 0x0000000711000000|  0%| F|  |TAMS 0x0000000710e00000| PB 0x0000000710e00000| Untracked 
|  52|0x0000000711000000, 0x0000000711000000, 0x0000000711200000|  0%| F|  |TAMS 0x0000000711000000| PB 0x0000000711000000| Untracked 
|  53|0x0000000711200000, 0x0000000711200000, 0x0000000711400000|  0%| F|  |TAMS 0x0000000711200000| PB 0x0000000711200000| Untracked 
|  54|0x0000000711400000, 0x0000000711400000, 0x0000000711600000|  0%| F|  |TAMS 0x0000000711400000| PB 0x0000000711400000| Untracked 
|  55|0x0000000711600000, 0x0000000711600000, 0x0000000711800000|  0%| F|  |TAMS 0x0000000711600000| PB 0x0000000711600000| Untracked 
|  56|0x0000000711800000, 0x0000000711800000, 0x0000000711a00000|  0%| F|  |TAMS 0x0000000711800000| PB 0x0000000711800000| Untracked 
|  57|0x0000000711a00000, 0x0000000711a00000, 0x0000000711c00000|  0%| F|  |TAMS 0x0000000711a00000| PB 0x0000000711a00000| Untracked 
|  58|0x0000000711c00000, 0x0000000711c00000, 0x0000000711e00000|  0%| F|  |TAMS 0x0000000711c00000| PB 0x0000000711c00000| Untracked 
|  59|0x0000000711e00000, 0x0000000711e00000, 0x0000000712000000|  0%| F|  |TAMS 0x0000000711e00000| PB 0x0000000711e00000| Untracked 
|  60|0x0000000712000000, 0x0000000712000000, 0x0000000712200000|  0%| F|  |TAMS 0x0000000712000000| PB 0x0000000712000000| Untracked 
|  61|0x0000000712200000, 0x0000000712200000, 0x0000000712400000|  0%| F|  |TAMS 0x0000000712200000| PB 0x0000000712200000| Untracked 
|  62|0x0000000712400000, 0x0000000712400000, 0x0000000712600000|  0%| F|  |TAMS 0x0000000712400000| PB 0x0000000712400000| Untracked 
|  63|0x0000000712600000, 0x0000000712600000, 0x0000000712800000|  0%| F|  |TAMS 0x0000000712600000| PB 0x0000000712600000| Untracked 
|  64|0x0000000712800000, 0x0000000712800000, 0x0000000712a00000|  0%| F|  |TAMS 0x0000000712800000| PB 0x0000000712800000| Untracked 
|  65|0x0000000712a00000, 0x0000000712a00000, 0x0000000712c00000|  0%| F|  |TAMS 0x0000000712a00000| PB 0x0000000712a00000| Untracked 
|  66|0x0000000712c00000, 0x0000000712c00000, 0x0000000712e00000|  0%| F|  |TAMS 0x0000000712c00000| PB 0x0000000712c00000| Untracked 
|  67|0x0000000712e00000, 0x0000000712e00000, 0x0000000713000000|  0%| F|  |TAMS 0x0000000712e00000| PB 0x0000000712e00000| Untracked 
|  68|0x0000000713000000, 0x0000000713000000, 0x0000000713200000|  0%| F|  |TAMS 0x0000000713000000| PB 0x0000000713000000| Untracked 
|  69|0x0000000713200000, 0x0000000713200000, 0x0000000713400000|  0%| F|  |TAMS 0x0000000713200000| PB 0x0000000713200000| Untracked 
|  70|0x0000000713400000, 0x0000000713400000, 0x0000000713600000|  0%| F|  |TAMS 0x0000000713400000| PB 0x0000000713400000| Untracked 
|  71|0x0000000713600000, 0x0000000713600000, 0x0000000713800000|  0%| F|  |TAMS 0x0000000713600000| PB 0x0000000713600000| Untracked 
|  72|0x0000000713800000, 0x0000000713800000, 0x0000000713a00000|  0%| F|  |TAMS 0x0000000713800000| PB 0x0000000713800000| Untracked 
|  73|0x0000000713a00000, 0x0000000713a00000, 0x0000000713c00000|  0%| F|  |TAMS 0x0000000713a00000| PB 0x0000000713a00000| Untracked 
|  74|0x0000000713c00000, 0x0000000713c00000, 0x0000000713e00000|  0%| F|  |TAMS 0x0000000713c00000| PB 0x0000000713c00000| Untracked 
|  75|0x0000000713e00000, 0x0000000713e00000, 0x0000000714000000|  0%| F|  |TAMS 0x0000000713e00000| PB 0x0000000713e00000| Untracked 
|  76|0x0000000714000000, 0x0000000714000000, 0x0000000714200000|  0%| F|  |TAMS 0x0000000714000000| PB 0x0000000714000000| Untracked 
|  77|0x0000000714200000, 0x0000000714200000, 0x0000000714400000|  0%| F|  |TAMS 0x0000000714200000| PB 0x0000000714200000| Untracked 
|  78|0x0000000714400000, 0x0000000714400000, 0x0000000714600000|  0%| F|  |TAMS 0x0000000714400000| PB 0x0000000714400000| Untracked 
|  79|0x0000000714600000, 0x0000000714600000, 0x0000000714800000|  0%| F|  |TAMS 0x0000000714600000| PB 0x0000000714600000| Untracked 
|  80|0x0000000714800000, 0x0000000714800000, 0x0000000714a00000|  0%| F|  |TAMS 0x0000000714800000| PB 0x0000000714800000| Untracked 
|  81|0x0000000714a00000, 0x0000000714a00000, 0x0000000714c00000|  0%| F|  |TAMS 0x0000000714a00000| PB 0x0000000714a00000| Untracked 
|  82|0x0000000714c00000, 0x0000000714c00000, 0x0000000714e00000|  0%| F|  |TAMS 0x0000000714c00000| PB 0x0000000714c00000| Untracked 
|  83|0x0000000714e00000, 0x0000000714e00000, 0x0000000715000000|  0%| F|  |TAMS 0x0000000714e00000| PB 0x0000000714e00000| Untracked 
|  84|0x0000000715000000, 0x0000000715000000, 0x0000000715200000|  0%| F|  |TAMS 0x0000000715000000| PB 0x0000000715000000| Untracked 
|  85|0x0000000715200000, 0x0000000715200000, 0x0000000715400000|  0%| F|  |TAMS 0x0000000715200000| PB 0x0000000715200000| Untracked 
|  86|0x0000000715400000, 0x0000000715400000, 0x0000000715600000|  0%| F|  |TAMS 0x0000000715400000| PB 0x0000000715400000| Untracked 
|  87|0x0000000715600000, 0x0000000715600000, 0x0000000715800000|  0%| F|  |TAMS 0x0000000715600000| PB 0x0000000715600000| Untracked 
|  88|0x0000000715800000, 0x0000000715800000, 0x0000000715a00000|  0%| F|  |TAMS 0x0000000715800000| PB 0x0000000715800000| Untracked 
|  89|0x0000000715a00000, 0x0000000715a00000, 0x0000000715c00000|  0%| F|  |TAMS 0x0000000715a00000| PB 0x0000000715a00000| Untracked 
|  90|0x0000000715c00000, 0x0000000715c00000, 0x0000000715e00000|  0%| F|  |TAMS 0x0000000715c00000| PB 0x0000000715c00000| Untracked 
|  91|0x0000000715e00000, 0x0000000715e00000, 0x0000000716000000|  0%| F|  |TAMS 0x0000000715e00000| PB 0x0000000715e00000| Untracked 
|  92|0x0000000716000000, 0x0000000716000000, 0x0000000716200000|  0%| F|  |TAMS 0x0000000716000000| PB 0x0000000716000000| Untracked 
|  93|0x0000000716200000, 0x0000000716200000, 0x0000000716400000|  0%| F|  |TAMS 0x0000000716200000| PB 0x0000000716200000| Untracked 
|  94|0x0000000716400000, 0x0000000716400000, 0x0000000716600000|  0%| F|  |TAMS 0x0000000716400000| PB 0x0000000716400000| Untracked 
|  95|0x0000000716600000, 0x0000000716600000, 0x0000000716800000|  0%| F|  |TAMS 0x0000000716600000| PB 0x0000000716600000| Untracked 
|  96|0x0000000716800000, 0x0000000716800000, 0x0000000716a00000|  0%| F|  |TAMS 0x0000000716800000| PB 0x0000000716800000| Untracked 
|  97|0x0000000716a00000, 0x0000000716a00000, 0x0000000716c00000|  0%| F|  |TAMS 0x0000000716a00000| PB 0x0000000716a00000| Untracked 
|  98|0x0000000716c00000, 0x0000000716c00000, 0x0000000716e00000|  0%| F|  |TAMS 0x0000000716c00000| PB 0x0000000716c00000| Untracked 
|  99|0x0000000716e00000, 0x0000000716e00000, 0x0000000717000000|  0%| F|  |TAMS 0x0000000716e00000| PB 0x0000000716e00000| Untracked 
| 100|0x0000000717000000, 0x0000000717000000, 0x0000000717200000|  0%| F|  |TAMS 0x0000000717000000| PB 0x0000000717000000| Untracked 
| 101|0x0000000717200000, 0x0000000717200000, 0x0000000717400000|  0%| F|  |TAMS 0x0000000717200000| PB 0x0000000717200000| Untracked 
| 102|0x0000000717400000, 0x0000000717400000, 0x0000000717600000|  0%| F|  |TAMS 0x0000000717400000| PB 0x0000000717400000| Untracked 
| 103|0x0000000717600000, 0x0000000717600000, 0x0000000717800000|  0%| F|  |TAMS 0x0000000717600000| PB 0x0000000717600000| Untracked 
| 104|0x0000000717800000, 0x0000000717800000, 0x0000000717a00000|  0%| F|  |TAMS 0x0000000717800000| PB 0x0000000717800000| Untracked 
| 105|0x0000000717a00000, 0x0000000717a00000, 0x0000000717c00000|  0%| F|  |TAMS 0x0000000717a00000| PB 0x0000000717a00000| Untracked 
| 106|0x0000000717c00000, 0x0000000717c00000, 0x0000000717e00000|  0%| F|  |TAMS 0x0000000717c00000| PB 0x0000000717c00000| Untracked 
| 107|0x0000000717e00000, 0x0000000717e00000, 0x0000000718000000|  0%| F|  |TAMS 0x0000000717e00000| PB 0x0000000717e00000| Untracked 
| 108|0x0000000718000000, 0x0000000718000000, 0x0000000718200000|  0%| F|  |TAMS 0x0000000718000000| PB 0x0000000718000000| Untracked 
| 109|0x0000000718200000, 0x0000000718200000, 0x0000000718400000|  0%| F|  |TAMS 0x0000000718200000| PB 0x0000000718200000| Untracked 
| 110|0x0000000718400000, 0x0000000718400000, 0x0000000718600000|  0%| F|  |TAMS 0x0000000718400000| PB 0x0000000718400000| Untracked 
| 111|0x0000000718600000, 0x0000000718600000, 0x0000000718800000|  0%| F|  |TAMS 0x0000000718600000| PB 0x0000000718600000| Untracked 
| 112|0x0000000718800000, 0x0000000718800000, 0x0000000718a00000|  0%| F|  |TAMS 0x0000000718800000| PB 0x0000000718800000| Untracked 
| 113|0x0000000718a00000, 0x0000000718a00000, 0x0000000718c00000|  0%| F|  |TAMS 0x0000000718a00000| PB 0x0000000718a00000| Untracked 
| 114|0x0000000718c00000, 0x0000000718c00000, 0x0000000718e00000|  0%| F|  |TAMS 0x0000000718c00000| PB 0x0000000718c00000| Untracked 
| 115|0x0000000718e00000, 0x0000000718e00000, 0x0000000719000000|  0%| F|  |TAMS 0x0000000718e00000| PB 0x0000000718e00000| Untracked 
| 116|0x0000000719000000, 0x0000000719000000, 0x0000000719200000|  0%| F|  |TAMS 0x0000000719000000| PB 0x0000000719000000| Untracked 
| 117|0x0000000719200000, 0x0000000719200000, 0x0000000719400000|  0%| F|  |TAMS 0x0000000719200000| PB 0x0000000719200000| Untracked 
| 118|0x0000000719400000, 0x0000000719400000, 0x0000000719600000|  0%| F|  |TAMS 0x0000000719400000| PB 0x0000000719400000| Untracked 
| 119|0x0000000719600000, 0x0000000719600000, 0x0000000719800000|  0%| F|  |TAMS 0x0000000719600000| PB 0x0000000719600000| Untracked 
| 120|0x0000000719800000, 0x0000000719800000, 0x0000000719a00000|  0%| F|  |TAMS 0x0000000719800000| PB 0x0000000719800000| Untracked 
| 121|0x0000000719a00000, 0x0000000719b52780, 0x0000000719c00000| 66%| E|  |TAMS 0x0000000719a00000| PB 0x0000000719a00000| Complete 
| 122|0x0000000719c00000, 0x0000000719e00000, 0x0000000719e00000|100%| E|CS|TAMS 0x0000000719c00000| PB 0x0000000719c00000| Complete 

Card table byte_map: [0x000001f9ff0a0000,0x000001f9ff850000] _byte_map_base: 0x000001f9fb84c000

Marking Bits: (CMBitMap*) 0x000001f9f4048020
 Bits: [0x000001f98f000000, 0x000001f992d60000)

Polling page: 0x000001f9f3ce0000

Metaspace:

Usage:
  Non-class:    447.11 KB used.
      Class:     28.94 KB used.
       Both:    476.05 KB used.

Virtual space:
  Non-class space:       64.00 MB reserved,     512.00 KB ( <1%) committed,  1 nodes.
      Class space:        1.00 GB reserved,     128.00 KB ( <1%) committed,  1 nodes.
             Both:        1.06 GB reserved,     640.00 KB ( <1%) committed. 

Chunk freelists:
   Non-Class:  11.94 MB
       Class:  15.74 MB
        Both:  27.69 MB

MaxMetaspaceSize: unlimited
CompressedClassSpaceSize: 1.00 GB
Initial GC threshold: 21.00 MB
Current GC threshold: 21.00 MB
CDS: on
 - commit_granule_bytes: 65536.
 - commit_granule_words: 8192.
 - virtual_space_node_default_size: 8388608.
 - enlarge_chunks_in_place: 1.
 - use_allocation_guard: 0.


Internal statistics:

num_allocs_failed_limit: 0.
num_arena_births: 10.
num_arena_deaths: 0.
num_vsnodes_births: 2.
num_vsnodes_deaths: 0.
num_space_committed: 10.
num_space_uncommitted: 0.
num_chunks_returned_to_freelist: 0.
num_chunks_taken_from_freelist: 16.
num_chunk_merges: 0.
num_chunk_splits: 11.
num_chunks_enlarged: 3.
num_inconsistent_stats: 0.

CodeHeap 'non-profiled nmethods': size=120000Kb used=75Kb max_used=75Kb free=119924Kb
 bounds [0x000001f987ad0000, 0x000001f987d40000, 0x000001f98f000000]
CodeHeap 'profiled nmethods': size=120000Kb used=219Kb max_used=219Kb free=119780Kb
 bounds [0x000001f980000000, 0x000001f980270000, 0x000001f987530000]
CodeHeap 'non-nmethods': size=5760Kb used=1265Kb max_used=1281Kb free=4494Kb
 bounds [0x000001f987530000, 0x000001f9877a0000, 0x000001f987ad0000]
 total_blobs=597 nmethods=212 adapters=290
 compilation: enabled
              stopped_count=0, restarted_count=0
 full_count=0

Compilation events (20 events):
Event: 0.083 Thread 0x000001f99535c490 nmethod 201 0x000001f980034c90 code [0x000001f980034e60, 0x000001f9800350e0]
Event: 0.085 Thread 0x000001f99535c490  203       1       java.nio.Buffer::capacity (5 bytes)
Event: 0.085 Thread 0x000001f99535c490 nmethod 203 0x000001f987ae1f90 code [0x000001f987ae2120, 0x000001f987ae21e8]
Event: 0.085 Thread 0x000001f99535c490  204       3       java.io.BufferedWriter::ensureOpen (18 bytes)
Event: 0.085 Thread 0x000001f99535c490 nmethod 204 0x000001f980035210 code [0x000001f9800353c0, 0x000001f980035598]
Event: 0.085 Thread 0x000001f99535c490  206       3       java.nio.Buffer::remaining (20 bytes)
Event: 0.085 Thread 0x000001f99535c490 nmethod 206 0x000001f980035690 code [0x000001f980035840, 0x000001f9800359c8]
Event: 0.085 Thread 0x000001f99535c490  207       3       java.nio.CharBuffer::position (6 bytes)
Event: 0.085 Thread 0x000001f99535c490 nmethod 207 0x000001f980035a90 code [0x000001f980035c40, 0x000001f980035df0]
Event: 0.085 Thread 0x000001f99535c490  205       1       java.nio.charset.CharsetEncoder::maxBytesPerChar (5 bytes)
Event: 0.085 Thread 0x000001f99535c490 nmethod 205 0x000001f987ae2690 code [0x000001f987ae2820, 0x000001f987ae28e8]
Event: 0.088 Thread 0x000001f995359e70  209       4       java.util.concurrent.locks.AbstractQueuedSynchronizer::compareAndSetState (13 bytes)
Event: 0.089 Thread 0x000001f995359e70 nmethod 209 0x000001f987ae2990 code [0x000001f987ae2b20, 0x000001f987ae2bc0]
Event: 0.089 Thread 0x000001f99535c490  210       3       java.nio.charset.CoderResult::isUnderflow (13 bytes)
Event: 0.089 Thread 0x000001f99535c490 nmethod 210 0x000001f980035f10 code [0x000001f9800360a0, 0x000001f980036208]
Event: 0.090 Thread 0x000001f99535c490  211       3       java.nio.ByteBuffer::array (35 bytes)
Event: 0.090 Thread 0x000001f99535c490 nmethod 211 0x000001f980036290 code [0x000001f980036460, 0x000001f9800366e0]
Event: 0.090 Thread 0x000001f99535c490  212       3       java.io.PrintStream::ensureOpen (18 bytes)
Event: 0.090 Thread 0x000001f99535c490 nmethod 212 0x000001f980036810 code [0x000001f9800369c0, 0x000001f980036b98]
Event: 0.106 Thread 0x000001f99535c490  213 %     3       FloodFill.M::Fill @ 88 (571 bytes)

GC Heap History (0 events):
No events

Dll operation events (3 events):
Event: 0.006 Loaded shared library C:\Program Files\Java\jdk-21\bin\java.dll
Event: 0.032 Loaded shared library C:\Program Files\Java\jdk-21\bin\jsvml.dll
Event: 0.059 Loaded shared library C:\Program Files\Java\jdk-21\bin\jimage.dll

Deoptimization events (0 events):
No events

Classes loaded (20 events):
Event: 0.055 Loading class java/io/Reader done
Event: 0.055 Loading class java/io/InputStreamReader done
Event: 0.055 Loading class sun/nio/cs/StreamDecoder
Event: 0.055 Loading class sun/nio/cs/StreamDecoder done
Event: 0.055 Loading class sun/nio/cs/UTF_8$Decoder
Event: 0.055 Loading class sun/nio/cs/UTF_8$Decoder done
Event: 0.055 Loading class java/util/Scanner$PatternLRUCache
Event: 0.055 Loading class java/util/Scanner$PatternLRUCache done
Event: 0.058 Loading class jdk/internal/module/ModulePatcher$PatchedModuleReader
Event: 0.058 Loading class jdk/internal/module/ModulePatcher$PatchedModuleReader done
Event: 0.060 Loading class sun/net/www/protocol/jrt/Handler
Event: 0.060 Loading class sun/net/www/protocol/jrt/Handler done
Event: 0.065 Loading class sun/util/resources/LocaleData$CommonResourceBundleProvider
Event: 0.065 Loading class sun/util/resources/LocaleData$LocaleDataResourceBundleProvider
Event: 0.065 Loading class java/util/spi/ResourceBundleProvider
Event: 0.065 Loading class java/util/spi/ResourceBundleProvider done
Event: 0.065 Loading class sun/util/resources/LocaleData$LocaleDataResourceBundleProvider done
Event: 0.065 Loading class sun/util/resources/LocaleData$CommonResourceBundleProvider done
Event: 0.066 Loading class sun/util/resources/Bundles$2
Event: 0.066 Loading class sun/util/resources/Bundles$2 done

Classes unloaded (0 events):
No events

Classes redefined (0 events):
No events

Internal exceptions (0 events):
No events

ZGC Phase Switch (0 events):
No events

VM Operations (0 events):
No events

Events (11 events):
Event: 0.018 Thread 0x000001f9f3d34730 Thread added: 0x000001f9f3d34730
Event: 0.031 Thread 0x000001f99534c5c0 Thread added: 0x000001f99534c5c0
Event: 0.031 Thread 0x000001f99534d2d0 Thread added: 0x000001f99534d2d0
Event: 0.031 Thread 0x000001f99534ee90 Thread added: 0x000001f99534ee90
Event: 0.031 Thread 0x000001f99534f8e0 Thread added: 0x000001f99534f8e0
Event: 0.031 Thread 0x000001f995350330 Thread added: 0x000001f995350330
Event: 0.031 Thread 0x000001f995350d80 Thread added: 0x000001f995350d80
Event: 0.031 Thread 0x000001f995359e70 Thread added: 0x000001f995359e70
Event: 0.031 Thread 0x000001f99535c490 Thread added: 0x000001f99535c490
Event: 0.043 Thread 0x000001f99563a820 Thread added: 0x000001f99563a820
Event: 0.045 Thread 0x000001f995665390 Thread added: 0x000001f995665390


Dynamic libraries:
0x00007ff70c490000 - 0x00007ff70c4a0000 	C:\Program Files\Java\jdk-21\bin\java.exe
0x00007ffa41250000 - 0x00007ffa41448000 	C:\Windows\SYSTEM32\ntdll.dll
0x00007ffa40c90000 - 0x00007ffa40d52000 	C:\Windows\System32\KERNEL32.DLL
0x00007ffa3ee60000 - 0x00007ffa3f156000 	C:\Windows\System32\KERNELBASE.dll
0x00007ffa3e8b0000 - 0x00007ffa3e9b0000 	C:\Windows\System32\ucrtbase.dll
0x00007ffa376a0000 - 0x00007ffa376bb000 	C:\Program Files\Java\jdk-21\bin\VCRUNTIME140.dll
0x00007ffa36f30000 - 0x00007ffa36f49000 	C:\Program Files\Java\jdk-21\bin\jli.dll
0x00007ffa3ff40000 - 0x00007ffa3fff1000 	C:\Windows\System32\ADVAPI32.dll
0x00007ffa40240000 - 0x00007ffa402de000 	C:\Windows\System32\msvcrt.dll
0x00007ffa3f270000 - 0x00007ffa3f30f000 	C:\Windows\System32\sechost.dll
0x00007ffa402e0000 - 0x00007ffa40400000 	C:\Windows\System32\RPCRT4.dll
0x00007ffa3f160000 - 0x00007ffa3f187000 	C:\Windows\System32\bcrypt.dll
0x00007ffa3fd90000 - 0x00007ffa3ff31000 	C:\Windows\System32\USER32.dll
0x00007ffa3ebb0000 - 0x00007ffa3ebd2000 	C:\Windows\System32\win32u.dll
0x00007ffa2aed0000 - 0x00007ffa2b16b000 	C:\Windows\WinSxS\amd64_microsoft.windows.common-controls_6595b64144ccf1df_6.0.19041.6456_none_60b8a6cb71f64256\COMCTL32.dll
0x00007ffa3f240000 - 0x00007ffa3f26b000 	C:\Windows\System32\GDI32.dll
0x00007ffa3ea90000 - 0x00007ffa3eba9000 	C:\Windows\System32\gdi32full.dll
0x00007ffa3ebe0000 - 0x00007ffa3ec7d000 	C:\Windows\System32\msvcp_win.dll
0x00007ffa34920000 - 0x00007ffa3492a000 	C:\Windows\SYSTEM32\VERSION.dll
0x00007ffa41120000 - 0x00007ffa4114f000 	C:\Windows\System32\IMM32.DLL
0x00007ffa3a9b0000 - 0x00007ffa3a9bc000 	C:\Program Files\Java\jdk-21\bin\vcruntime140_1.dll
0x00007ffa16ee0000 - 0x00007ffa16f6e000 	C:\Program Files\Java\jdk-21\bin\msvcp140.dll
0x00007ff9cf420000 - 0x00007ff9d013a000 	C:\Program Files\Java\jdk-21\bin\server\jvm.dll
0x00007ffa40420000 - 0x00007ffa4048b000 	C:\Windows\System32\WS2_32.dll
0x00007ffa3e2a0000 - 0x00007ffa3e2eb000 	C:\Windows\SYSTEM32\POWRPROF.dll
0x00007ffa323f0000 - 0x00007ffa32417000 	C:\Windows\SYSTEM32\WINMM.dll
0x00007ffa3e280000 - 0x00007ffa3e292000 	C:\Windows\SYSTEM32\UMPDC.dll
0x00007ffa3d080000 - 0x00007ffa3d092000 	C:\Windows\SYSTEM32\kernel.appcore.dll
0x00007ffa397a0000 - 0x00007ffa397aa000 	C:\Program Files\Java\jdk-21\bin\jimage.dll
0x00007ffa3c330000 - 0x00007ffa3c531000 	C:\Windows\SYSTEM32\DBGHELP.DLL
0x00007ffa29f10000 - 0x00007ffa29f44000 	C:\Windows\SYSTEM32\dbgcore.DLL
0x00007ffa3e9b0000 - 0x00007ffa3ea32000 	C:\Windows\System32\bcryptPrimitives.dll
0x00007ffa2ba40000 - 0x00007ffa2ba5f000 	C:\Program Files\Java\jdk-21\bin\java.dll
0x00007ffa3f390000 - 0x00007ffa3fb00000 	C:\Windows\System32\SHELL32.dll
0x00007ffa3c8c0000 - 0x00007ffa3d065000 	C:\Windows\SYSTEM32\windows.storage.dll
0x00007ffa40dc0000 - 0x00007ffa41114000 	C:\Windows\System32\combase.dll
0x00007ffa3e120000 - 0x00007ffa3e14b000 	C:\Windows\SYSTEM32\Wldp.dll
0x00007ffa40b00000 - 0x00007ffa40bcd000 	C:\Windows\System32\OLEAUT32.dll
0x00007ffa40be0000 - 0x00007ffa40c8d000 	C:\Windows\System32\SHCORE.dll
0x00007ffa40980000 - 0x00007ffa409db000 	C:\Windows\System32\shlwapi.dll
0x00007ffa3e7e0000 - 0x00007ffa3e804000 	C:\Windows\SYSTEM32\profapi.dll
0x00007ffa16e00000 - 0x00007ffa16ed7000 	C:\Program Files\Java\jdk-21\bin\jsvml.dll

dbghelp: loaded successfully - version: 4.0.5 - missing functions: none
symbol engine: initialized successfully - sym options: 0x614 - pdb path: .;C:\Program Files\Java\jdk-21\bin;C:\Windows\SYSTEM32;C:\Windows\WinSxS\amd64_microsoft.windows.common-controls_6595b64144ccf1df_6.0.19041.6456_none_60b8a6cb71f64256;C:\Program Files\Java\jdk-21\bin\server

VM Arguments:
jvm_args: -Xverify:none 
java_command: FloodFill.M
java_class_path (initial): Output
Launcher Type: SUN_STANDARD

[Global flags]
     intx CICompilerCount                          = 4                                         {product} {ergonomic}
     uint ConcGCThreads                            = 3                                         {product} {ergonomic}
     uint G1ConcRefinementThreads                  = 10                                        {product} {ergonomic}
   size_t G1HeapRegionSize                         = 2097152                                   {product} {ergonomic}
    uintx GCDrainStackTargetSize                   = 64                                        {product} {ergonomic}
   size_t InitialHeapSize                          = 257949696                                 {product} {ergonomic}
   size_t MarkStackSize                            = 4194304                                   {product} {ergonomic}
   size_t MaxHeapSize                              = 4118806528                                {product} {ergonomic}
   size_t MaxNewSize                               = 2470445056                                {product} {ergonomic}
   size_t MinHeapDeltaBytes                        = 2097152                                   {product} {ergonomic}
   size_t MinHeapSize                              = 8388608                                   {product} {ergonomic}
    uintx NonNMethodCodeHeapSize                   = 5839372                                {pd product} {ergonomic}
    uintx NonProfiledCodeHeapSize                  = 122909434                              {pd product} {ergonomic}
    uintx ProfiledCodeHeapSize                     = 122909434                              {pd product} {ergonomic}
    uintx ReservedCodeCacheSize                    = 251658240                              {pd product} {ergonomic}
     bool SegmentedCodeCache                       = true                                      {product} {ergonomic}
   size_t SoftMaxHeapSize                          = 4118806528                             {manageable} {ergonomic}
     bool UseCompressedOops                        = true                           {product lp64_product} {ergonomic}
     bool UseG1GC                                  = true                                      {product} {ergonomic}
     bool UseLargePagesIndividualAllocation        = false                                  {pd product} {ergonomic}

Logging:
Log output configuration:
 #0: stdout all=warning uptime,level,tags foldmultilines=false
 #1: stderr all=off uptime,level,tags foldmultilines=false

Environment Variables:
CLASSPATH=C:\LINGO64_20\Lingo20.jar
PATH=C:\Program Files\Common Files\Oracle\Java\javapath;C:\VulkanSDK\1.3.275.0\Bin;C:\ProgramData\Oracle\Java\javapath;C:\Windows\system32;C:\Windows;C:\Windows\System32\Wbem;C:\Windows\System32\WindowsPowerShell\v1.0\;C:\Windows\System32\OpenSSH\;C:\Program Files (x86)\dotnet\;C:\Program Files (x86)\HP\Common\HPDestPlgIn\;C:\Program Files\dotnet\;c:\altera\90sp2\quartus\bin;C:\Strawberry\c\bin;C:\Strawberry\perl\site\bin;C:\Strawberry\perl\bin;C:\Program Files\doxygen\bin;C:\Program Files (x86)\NVIDIA Corporation\PhysX\Common;C:\Program Files\Git\cmd;C:\Program Files\NVIDIA Corporation\NVIDIA app\NvDLISR;C:\Program Files\TortoiseHg\;C:\Program Files\PuTTY\;C:\LINGO64_20\;C:\Program Files\nodejs\;C:\Program Files\Docker\Docker\resources\bin;C:\Program Files\MySQL\MySQL Shell 8.0\bin\;C:\Users\Acer\AppData\Local\Programs\Python\Python312\Scripts\;C:\Users\Acer\AppData\Local\Programs\Python\Python312\;C:\Users\Acer\AppData\Local\Microsoft\WindowsApps;C:\Program Files (x86)\HP\Common\HPDestPlgIn\;C:\Program Files\heroku\bin;C:\Program Files\doxygen\bin;C:\Users\Acer\.dotnet\tools;C:\Users\Acer\AppData\Local\GitHubDesktop\bin;C:\Users\Acer\AppData\Local\Programs\Microsoft VS Code\bin;C:\Program Files\apache-maven-3.9.9-bin\apache-maven-3.9.9\bin;C:\Users\Acer\AppData\Roaming\npm;C:\Program Files (x86)\GnuWin32\bin;C:\GnuWin32\bin;C:\Program Files\JetBrains\CLion 2025.3\bin;C:\Program Files\Java\jdk-21\bin;
USERNAME=Acer
OS=Windows_NT
PROCESSOR_IDENTIFIER=AMD64 Family 23 Model 104 Stepping 1, AuthenticAMD
TMP=C:\Users\Acer\AppData\Local\Temp
TEMP=C:\Users\Acer\AppData\Local\Temp




Periodic native trim disabled

---------------  S Y S T E M  ---------------

OS:
 Windows 10 , 64 bit Build 19041 (10.0.19041.5915)
OS uptime: 0 days 8:34 hours
Hyper-V role detected

CPU: total 12 (initial active 12) (12 cores per cpu, 2 threads per core) family 23 model 104 stepping 1 microcode 0x0, cx8, cmov, fxsr, ht, mmx, 3dnowpref, sse, sse2, sse3, ssse3, sse4a, sse4.1, sse4.2, popcnt, lzcnt, tsc, tscinvbit, avx, avx2, aes, clmul, bmi1, bmi2, adx, sha, fma, vzeroupper, clflush, clflushopt, hv, rdtscp, rdpid, f16c
Processor Information for all 12 processors :
  Max Mhz: 2100, Current Mhz: 2100, Mhz Limit: 2100

Memory: 4k page, system-wide physical 15706M (5200M free)
TotalPageFile size 19290M (AvailPageFile size 5088M)
current process WorkingSet (physical memory assigned to process): 39M, peak: 39M
current process commit charge ("private bytes"): 335M, peak: 335M

vm_info: Java HotSpot(TM) 64-Bit Server VM (21.0.6+8-LTS-188) for windows-amd64 JRE (21.0.6+8-LTS-188), built on 2024-12-03T10:50:54Z by "mach5one" with MS VC++ 17.6 (VS2022)

END.
