#
# A fatal error has been detected by the Java Runtime Environment:
#
#  EXCEPTION_ACCESS_VIOLATION (0xc0000005) at pc=0x000001826bf07602, pid=18632, tid=21988
#
# JRE version: Java(TM) SE Runtime Environment (21.0.6+8) (build 21.0.6+8-LTS-188)
# Java VM: Java HotSpot(TM) 64-Bit Server VM (21.0.6+8-LTS-188, mixed mode, sharing, tiered, compressed oops, compressed class ptrs, g1 gc, windows-amd64)
# Problematic frame:
# j  enums.M.main([Ljava/lang/String;)V+4
#
# No core dump will be written. Minidumps are not enabled by default on client versions of Windows
#
# If you would like to submit a bug report, please visit:
#   https://bugreport.java.com/bugreport/crash.jsp
#

---------------  S U M M A R Y ------------

Command Line: -Xverify:none enums.M

Host: AMD Ryzen 5 5500U with Radeon Graphics         , 12 cores, 15G,  Windows 10 , 64 bit Build 19041 (10.0.19041.5915)
Time: Wed Jan 21 22:00:04 2026 RTZ 2 (s 10 , 64 bit Build 19041 (10.0.19041.5915) elapsed time: 0.085142 seconds (0d 0h 0m 0s)

---------------  T H R E A D  ---------------

Current thread (0x000001825a2a0670):  JavaThread "main"             [_thread_in_Java, id=21988, stack(0x0000001fe4d00000,0x0000001fe4e00000) (1024K)]

Stack: [0x0000001fe4d00000,0x0000001fe4e00000],  sp=0x0000001fe4dff2e8,  free space=1020k
Native frames: (J=compiled Java code, j=interpreted, Vv=VM code, C=native code)
C  0x000001826bf07602

The last pc belongs to return (printed below).

siginfo: EXCEPTION_ACCESS_VIOLATION (0xc0000005), reading address 0x00000000e4dff2e8


Registers:
RAX=0x0000000000000000, RBX=0x0000001fe4dff2e0, RCX=0x0000000000000009, RDX=0x00000000e4dff2e0
RSP=0x0000001fe4dff2e8, RBP=0x0000001fe4dff328, RSI=0x000000000000000c, RDI=0x000001826bef8988
R8 =0x00000000000038ce, R9 =0x0000000719c26448, R10=0x00007ff9d0072410, R11=0x0000000719c26454
R12=0x0000000000000000, R13=0x0000018241400207, R14=0x0000001fe4dff340, R15=0x000001825a2a0670
RIP=0x000001826bf07602, EFLAGS=0x0000000000010287


Register to memory mapping:

RAX=0x0 is null
RBX=0x0000001fe4dff2e0 is pointing into the stack for thread: 0x000001825a2a0670
RCX=0x0000000000000009 is an unknown value
RDX=0x00000000e4dff2e0 is an unknown value
RSP=0x0000001fe4dff2e8 is pointing into the stack for thread: 0x000001825a2a0670
RBP=0x0000001fe4dff328 is pointing into the stack for thread: 0x000001825a2a0670
RSI=0x000000000000000c is an unknown value
RDI=0x000001826bef8988 is at code_begin+1480 in an Interpreter codelet
return entry points  [0x000001826bef83c0, 0x000001826bef8f60]  2976 bytes
R8 =0x00000000000038ce is an unknown value
R9 =0x0000000719c26448 is an oop: java.util.concurrent.locks.ReentrantLock$NonfairSync 
{0x0000000719c26448} - klass: 'java/util/concurrent/locks/ReentrantLock$NonfairSync'
 - ---- fields (total size 4 words):
 - private transient 'exclusiveOwnerThread' 'Ljava/lang/Thread;' @12  null (0x00000000)
 - private volatile 'state' 'I' @16  0 (0x00000000)
 - private volatile transient 'head' 'Ljava/util/concurrent/locks/AbstractQueuedSynchronizer$Node;' @20  null (0x00000000)
 - private volatile transient 'tail' 'Ljava/util/concurrent/locks/AbstractQueuedSynchronizer$Node;' @24  null (0x00000000)
R10=0x00007ff9d0072410 jvm.dll
R11=
[error occurred during error reporting (printing register info), id 0xc0000005, EXCEPTION_ACCESS_VIOLATION (0xc0000005) at pc=0x00007ff9cf55d5a1]
R12=0x0 is null
R13=0x0000018241400207 is pointing into metadata
R14=0x0000001fe4dff340 is pointing into the stack for thread: 0x000001825a2a0670
R15=0x000001825a2a0670 is a thread

Top of Stack: (sp=0x0000001fe4dff2e8)
0x0000001fe4dff2e8:   0000018241400204 0000000000000003
0x0000001fe4dff2f8:   0000018241400280 0000000000000000
0x0000001fe4dff308:   0000000719de5fd0 0000018241400208
0x0000001fe4dff318:   0000000000000000 0000001fe4dff340
0x0000001fe4dff328:   0000001fe4dff520 000001826bef100d
0x0000001fe4dff338:   0000000000000000 00000007e4dff2e0
0x0000001fe4dff348:   00007ffa4127b86b 0000000000000000
0x0000001fe4dff358:   000001825a441080 00000182451c7030
0x0000001fe4dff368:   000001825a440000 000001825a4402b4
0x0000001fe4dff378:   000001825a2a0670 0000000000000050
0x0000001fe4dff388:   000001825a440cc0 00000000000001c0
0x0000001fe4dff398:   0000000000000000 0000000000000000
0x0000001fe4dff3a8:   0000000000000050 0000000000000040
0x0000001fe4dff3b8:   0000000000000020 000001825a270000
0x0000001fe4dff3c8:   0000001fe4dff489 0000000000000005
0x0000001fe4dff3d8:   00007ffa4127b3c7 000001825a440000
0x0000001fe4dff3e8:   0000000000000000 0000000000000040
0x0000001fe4dff3f8:   0000001f00000000 0000000000000002
0x0000001fe4dff408:   00007ffa4127b3c7 000000025a440000
0x0000001fe4dff418:   0000000000000001 0000000000000018
0x0000001fe4dff428:   00007ff9cf724b69 0000000000000000
0x0000001fe4dff438:   0000000000000000 0000000200000000
0x0000001fe4dff448:   0000000000000000 0000000000000000
0x0000001fe4dff458:   0000000000000000 0000000000000000
0x0000001fe4dff468:   0000000000000000 0000000000000000
0x0000001fe4dff478:   0000000000000000 0000000000000000
0x0000001fe4dff488:   0000000000000000 0000000000000000
0x0000001fe4dff498:   0000000000000000 0000000000000000
0x0000001fe4dff4a8:   0000000000000000 0000000000000000
0x0000001fe4dff4b8:   0000000000000000 0000000000000000
0x0000001fe4dff4c8:   0000000000000000 0000000000000000
0x0000001fe4dff4d8:   0000000000000000 0000000000000000 

Instructions: (pc=0x000001826bf07602)
0x000001826bf07502:   20 40 f6 c4 0f 0f 84 19 00 00 00 48 83 ec 08 48
0x000001826bf07512:   b8 70 4b 7f cf f9 7f 00 00 ff d0 48 83 c4 08 e9
0x000001826bf07522:   0c 00 00 00 48 b8 70 4b 7f cf f9 7f 00 00 ff d0
0x000001826bf07532:   48 83 c4 20 4c 8b 6d c0 48 8b 55 b8 48 8d 5d b8
0x000001826bf07542:   e9 ca 00 00 00 e8 05 00 00 00 e9 96 00 00 00 48
0x000001826bf07552:   8d 44 24 08 4c 89 6d c0 49 8b cf c5 f8 77 49 89
0x000001826bf07562:   af a8 03 00 00 49 89 87 98 03 00 00 48 83 ec 20
0x000001826bf07572:   40 f6 c4 0f 0f 84 19 00 00 00 48 83 ec 08 48 b8
0x000001826bf07582:   50 78 7f cf f9 7f 00 00 ff d0 48 83 c4 08 e9 0c
0x000001826bf07592:   00 00 00 48 b8 50 78 7f cf f9 7f 00 00 ff d0 48
0x000001826bf075a2:   83 c4 20 49 c7 87 98 03 00 00 00 00 00 00 49 c7
0x000001826bf075b2:   87 a8 03 00 00 00 00 00 00 49 c7 87 a0 03 00 00
0x000001826bf075c2:   00 00 00 00 c5 f8 77 49 83 7f 08 00 0f 84 05 00
0x000001826bf075d2:   00 00 e9 27 99 fe ff 4c 8b 6d c0 4c 8b 75 c8 4e
0x000001826bf075e2:   8d 74 f5 00 c3 48 b9 a0 46 dc cf f9 7f 00 00 48
0x000001826bf075f2:   83 e4 f0 48 b8 b0 28 a4 cf f9 7f 00 00 ff d0 f4
0x000001826bf07602:   48 83 7a 08 00 0f 85 3a ff ff ff 48 83 c2 10 48
0x000001826bf07612:   3b d3 75 ec 49 ba e0 57 04 d0 f9 7f 00 00 41 80
0x000001826bf07622:   3a 00 0f 84 3e 00 00 00 48 8b 55 e8 49 8b cf 48
0x000001826bf07632:   83 ec 20 40 f6 c4 0f 0f 84 19 00 00 00 48 83 ec
0x000001826bf07642:   08 48 b8 80 05 b5 cf f9 7f 00 00 ff d0 48 83 c4
0x000001826bf07652:   08 e9 0c 00 00 00 48 b8 80 05 b5 cf f9 7f 00 00
0x000001826bf07662:   ff d0 48 83 c4 20 48 8b 5d f8 c9 41 5d 48 8b e3
0x000001826bf07672:   49 3b a7 38 05 00 00 72 0b 49 c7 87 38 05 00 00
0x000001826bf07682:   00 00 00 00 41 ff e5 0f 1f 80 00 00 00 00 08 86
0x000001826bf07692:   db cf f9 7f 00 00 10 02 00 00 b2 00 00 00 48 83
0x000001826bf076a2:   ec 08 c5 fa 11 04 24 eb 1f 48 83 ec 10 c5 fb 11
0x000001826bf076b2:   04 24 eb 14 48 83 ec 10 48 89 04 24 48 c7 44 24
0x000001826bf076c2:   08 00 00 00 00 eb 01 50 41 0f b7 55 01 48 8b 4d
0x000001826bf076d2:   d0 c1 e2 02 8b 5c d1 38 c1 eb 10 81 e3 ff 00 00
0x000001826bf076e2:   00 81 fb b2 00 00 00 0f 84 b4 00 00 00 bb b2 00
0x000001826bf076f2:   00 00 e8 05 00 00 00 e9 99 00 00 00 48 8b d3 48 


Stack slot to memory mapping:

stack at sp + 0 slots: 0x0000018241400204 is pointing into metadata
stack at sp + 1 slots: 0x0000000000000003 is an unknown value
stack at sp + 2 slots: 0x0000018241400280 is pointing into metadata
stack at sp + 3 slots: 0x0 is null
stack at sp + 4 slots: 0x0000000719de5fd0 is an oop: java.lang.Class 
{0x0000000719de5fd0} - klass: 'java/lang/Class'
 - ---- fields (total size 14 words):
 - private volatile transient 'classRedefinedCount' 'I' @12  0 (0x00000000)
 - injected 'klass' 'J' @16  1657874155520 (0x0000018201000800)
 - injected 'array_klass' 'J' @24  0 (0x0000000000000000)
 - injected 'oop_size' 'I' @32  14 (0x0000000e)
 - injected 'static_oop_field_count' 'I' @36  0 (0x00000000)
 - private volatile transient 'cachedConstructor' 'Ljava/lang/reflect/Constructor;' @40  null (0x00000000)
 - private transient 'name' 'Ljava/lang/String;' @44  "enums.M"{0x0000000719de6088} (0xe33bcc11)
 - private transient 'module' 'Ljava/lang/Module;' @48  a 'java/lang/Module'{0x0000000719c63b98} (0xe338c773)
 - private final 'classLoader' 'Ljava/lang/ClassLoader;' @52  a 'jdk/internal/loader/ClassLoaders$AppClassLoader'{0x0000000719c639d8} (0xe338c73b)
 - private transient 'classData' 'Ljava/lang/Object;' @56  null (0x00000000)
 - private transient 'packageName' 'Ljava/lang/String;' @60  "enums"{0x0000000719de3958} (0xe33bc72b)
 - private final 'componentType' 'Ljava/lang/Class;' @64  null (0x00000000)
 - private volatile transient 'reflectionData' 'Ljava/lang/ref/SoftReference;' @68  a 'java/lang/ref/SoftReference'{0x0000000719de6300} (0xe33bcc60)
 - private volatile transient 'genericInfo' 'Lsun/reflect/generics/repository/ClassRepository;' @72  null (0x00000000)
 - private volatile transient 'enumConstants' '[Ljava/lang/Object;' @76  null (0x00000000)
 - private volatile transient 'enumConstantDirectory' 'Ljava/util/Map;' @80  null (0x00000000)
 - private volatile transient 'annotationData' 'Ljava/lang/Class$AnnotationData;' @84  null (0x00000000)
 - private volatile transient 'annotationType' 'Lsun/reflect/annotation/AnnotationType;' @88  null (0x00000000)
 - transient 'classValueMap' 'Ljava/lang/ClassValue$ClassValueMap;' @92  null (0x00000000)
 - injected 'protection_domain' 'Ljava/lang/Object;' @96  a 'java/security/ProtectionDomain'{0x0000000719de5920} (0xe33bcb24)
 - injected 'signers_name' 'Ljava/lang/Object;' @100  null (0x00000000)
 - injected 'source_file' 'Ljava/lang/Object;' @104  null (0x00000000)
 - injected '<init_lock>' 'Ljava/lang/Object;' @108  null (0x00000000)
 - signature: Lenums/M;
 - ---- static fields (0):
stack at sp + 5 slots: {method} {0x0000018241400210} 'main' '([Ljava/lang/String;)V' in 'enums/M'
stack at sp + 6 slots: 0x0 is null
stack at sp + 7 slots: 0x0000001fe4dff340 is pointing into the stack for thread: 0x000001825a2a0670

return  177 return  [0x000001826bf07240, 0x000001826bf07690]  1104 bytes
[MachCode]
  0x000001826bf07240: 4883 ec08 | c5fa 1104 | 24eb 1f48 | 83ec 10c5 | fb11 0424 | eb14 4883 | ec10 4889 | 0424 48c7 
  0x000001826bf07260: 4424 0800 | 0000 00eb | 0150 41f6 | 8748 0400 | 0001 0f84 | c400 0000 | 493b a738 | 0500 0076 
  0x000001826bf07280: 0749 89a7 | 3805 0000 | e805 0000 | 00e9 9600 | 0000 488d | 4424 084c | 896d c049 | 8bcf c5f8 
  0x000001826bf072a0: 7749 89af | a803 0000 | 4989 8798 | 0300 0048 | 83ec 2040 | f6c4 0f0f | 8419 0000 | 0048 83ec 
  0x000001826bf072c0: 0848 b8f0 | 327f cff9 | 7f00 00ff | d048 83c4 | 08e9 0c00 | 0000 48b8 | f032 7fcf | f97f 0000 
  0x000001826bf072e0: ffd0 4883 | c420 49c7 | 8798 0300 | 0000 0000 | 0049 c787 | a803 0000 | 0000 0000 | 49c7 87a0 
  0x000001826bf07300: 0300 0000 | 0000 00c5 | f877 4983 | 7f08 000f | 8405 0000 | 00e9 e69b | feff 4c8b | 6dc0 4c8b 
  0x000001826bf07320: 75c8 4e8d | 74f5 00c3 | 493b a738 | 0500 0072 | 0b49 c787 | 3805 0000 | 0000 0000 | 493b af48 
  0x000001826bf07340: 0400 000f | 8705 0000 | 00e9 8000 | 0000 c5f8 | 7749 89af | a803 0000 | 49ba 4e73 | f06b 8201 
  0x000001826bf07360: 0000 4d89 | 97a0 0300 | 0049 89a7 | 9803 0000 | 498b cf48 | 83ec 2040 | f6c4 0f0f | 8419 0000 
  0x000001826bf07380: 0048 83ec | 0848 b820 | 347f cff9 | 7f00 00ff | d048 83c4 | 08e9 0c00 | 0000 48b8 | 2034 7fcf 
  0x000001826bf073a0: f97f 0000 | ffd0 4883 | c420 49c7 | 8798 0300 | 0000 0000 | 0049 c787 | a803 0000 | 0000 0000 
  0x000001826bf073c0: 49c7 87a0 | 0300 0000 | 0000 00c5 | f877 418a | 9f71 0400 | 0041 c687 | 7104 0000 | 0048 8b4d 
  0x000001826bf073e0: e88b 4928 | f6c1 200f | 844d 0100 | 00f6 c3ff | 0f85 2002 | 0000 488d | 55a8 488b | 4208 4885 
  0x000001826bf07400: c00f 85bb | 0000 00e8 | 0500 0000 | e996 0000 | 0048 8d44 | 2408 4c89 | 6dc0 498b | cfc5 f877 
  0x000001826bf07420: 4989 afa8 | 0300 0049 | 8987 9803 | 0000 4883 | ec20 40f6 | c40f 0f84 | 1900 0000 | 4883 ec08 
  0x000001826bf07440: 48b8 5078 | 7fcf f97f | 0000 ffd0 | 4883 c408 | e90c 0000 | 0048 b850 | 787f cff9 | 7f00 00ff 
  0x000001826bf07460: d048 83c4 | 2049 c787 | 9803 0000 | 0000 0000 | 49c7 87a8 | 0300 0000 | 0000 0049 | c787 a003 
  0x000001826bf07480: 0000 0000 | 0000 c5f8 | 7749 837f | 0800 0f84 | 0500 0000 | e967 9afe | ff4c 8b6d | c04c 8b75 
  0x000001826bf074a0: c84e 8d74 | f500 c348 | b9a0 46dc | cff9 7f00 | 0048 83e4 | f048 b8b0 | 28a4 cff9 | 7f00 00ff 
  0x000001826bf074c0: d0f4 4c89 | 6dc0 488d | 024c 8b4a | 0848 c742 | 0800 0000 | 004c 8b00 | 4d85 c00f | 840b 0000 
  0x000001826bf074e0: 00f0 4d0f | b101 0f85 | 0c00 0000 | 49ff 8f48 | 0500 00e9 | 3e00 0000 | 4c89 4a08 | 488b ca48 
  0x000001826bf07500: 83ec 2040 | f6c4 0f0f | 8419 0000 | 0048 83ec | 0848 b870 | 4b7f cff9 | 7f00 00ff | d048 83c4 
  0x000001826bf07520: 08e9 0c00 | 0000 48b8 | 704b 7fcf | f97f 0000 | ffd0 4883 | c420 4c8b | 6dc0 488b | 55b8 488d 
  0x000001826bf07540: 5db8 e9ca | 0000 00e8 | 0500 0000 | e996 0000 | 0048 8d44 | 2408 4c89 | 6dc0 498b | cfc5 f877 
  0x000001826bf07560: 4989 afa8 | 0300 0049 | 8987 9803 | 0000 4883 | ec20 40f6 | c40f 0f84 | 1900 0000 | 4883 ec08 
  0x000001826bf07580: 48b8 5078 | 7fcf f97f | 0000 ffd0 | 4883 c408 | e90c 0000 | 0048 b850 | 787f cff9 | 7f00 00ff 
  0x000001826bf075a0: d048 83c4 | 2049 c787 | 9803 0000 | 0000 0000 | 49c7 87a8 | 0300 0000 | 0000 0049 | c787 a003 
  0x000001826bf075c0: 0000 0000 | 0000 c5f8 | 7749 837f | 0800 0f84 | 0500 0000 | e927 99fe | ff4c 8b6d | c04c 8b75 
  0x000001826bf075e0: c84e 8d74 | f500 c348 | b9a0 46dc | cff9 7f00 | 0048 83e4 | f048 b8b0 | 28a4 cff9 | 7f00 00ff 
  0x000001826bf07600: d0f4 4883 | 7a08 000f | 853a ffff | ff48 83c2 | 1048 3bd3 | 75ec 49ba | e057 04d0 | f97f 0000 
  0x000001826bf07620: 4180 3a00 | 0f84 3e00 | 0000 488b | 55e8 498b | cf48 83ec | 2040 f6c4 | 0f0f 8419 | 0000 0048 
  0x000001826bf07640: 83ec 0848 | b880 05b5 | cff9 7f00 | 00ff d048 | 83c4 08e9 | 0c00 0000 | 48b8 8005 | b5cf f97f 
  0x000001826bf07660: 0000 ffd0 | 4883 c420 | 488b 5df8 | c941 5d48 | 8be3 493b | a738 0500 | 0072 0b49 | c787 3805 
  0x000001826bf07680: 0000 0000 | 0000 41ff | e50f 1f80 | 0000 0000 
[/MachCode]

---------------  P R O C E S S  ---------------

Threads class SMR info:
_java_thread_list=0x000001824527b4d0, length=11, elements={
0x000001825a2a0670, 0x000001827b40edd0, 0x000001827b40fae0, 0x000001827b4116a0,
0x000001827b416100, 0x000001827b41b170, 0x000001827b425e60, 0x000001827b426be0,
0x000001827b42b680, 0x0000018245252ae0, 0x0000018245279750
}

Java Threads: ( => current thread )
=>0x000001825a2a0670 JavaThread "main"                              [_thread_in_Java, id=21988, stack(0x0000001fe4d00000,0x0000001fe4e00000) (1024K)]
  0x000001827b40edd0 JavaThread "Reference Handler"          daemon [_thread_blocked, id=19324, stack(0x0000001fe5500000,0x0000001fe5600000) (1024K)]
  0x000001827b40fae0 JavaThread "Finalizer"                  daemon [_thread_blocked, id=15500, stack(0x0000001fe5600000,0x0000001fe5700000) (1024K)]
  0x000001827b4116a0 JavaThread "Signal Dispatcher"          daemon [_thread_blocked, id=18896, stack(0x0000001fe5700000,0x0000001fe5800000) (1024K)]
  0x000001827b416100 JavaThread "Attach Listener"            daemon [_thread_blocked, id=19244, stack(0x0000001fe5800000,0x0000001fe5900000) (1024K)]
  0x000001827b41b170 JavaThread "Service Thread"             daemon [_thread_blocked, id=20472, stack(0x0000001fe5900000,0x0000001fe5a00000) (1024K)]
  0x000001827b425e60 JavaThread "Monitor Deflation Thread"   daemon [_thread_blocked, id=11520, stack(0x0000001fe5a00000,0x0000001fe5b00000) (1024K)]
  0x000001827b426be0 JavaThread "C2 CompilerThread0"         daemon [_thread_blocked, id=21072, stack(0x0000001fe5b00000,0x0000001fe5c00000) (1024K)]
  0x000001827b42b680 JavaThread "C1 CompilerThread0"         daemon [_thread_blocked, id=22480, stack(0x0000001fe5c00000,0x0000001fe5d00000) (1024K)]
  0x0000018245252ae0 JavaThread "Notification Thread"        daemon [_thread_blocked, id=15296, stack(0x0000001fe5d00000,0x0000001fe5e00000) (1024K)]
  0x0000018245279750 JavaThread "Common-Cleaner"             daemon [_thread_blocked, id=12756, stack(0x0000001fe5e00000,0x0000001fe5f00000) (1024K)]
Total: 11

Other Threads:
  0x000001827b3f38f0 VMThread "VM Thread"                           [id=19428, stack(0x0000001fe5400000,0x0000001fe5500000) (1024K)]
  0x000001827b3e4680 WatcherThread "VM Periodic Task Thread"        [id=19900, stack(0x0000001fe5300000,0x0000001fe5400000) (1024K)]
  0x000001825c592050 WorkerThread "GC Thread#0"                     [id=2080, stack(0x0000001fe4e00000,0x0000001fe4f00000) (1024K)]
  0x000001825c5a33d0 ConcurrentGCThread "G1 Main Marker"            [id=10760, stack(0x0000001fe4f00000,0x0000001fe5000000) (1024K)]
  0x000001825c5a3ce0 WorkerThread "G1 Conc#0"                       [id=14000, stack(0x0000001fe5000000,0x0000001fe5100000) (1024K)]
  0x000001827b2b93b0 ConcurrentGCThread "G1 Refine#0"               [id=4076, stack(0x0000001fe5100000,0x0000001fe5200000) (1024K)]
  0x000001827b2b9940 ConcurrentGCThread "G1 Service"                [id=21408, stack(0x0000001fe5200000,0x0000001fe5300000) (1024K)]
Total: 7

Threads with active compile tasks:
Total: 0

VM state: not at safepoint (normal execution)

VM Mutex/Monitor currently owned by a thread: None

Heap address: 0x000000070a800000, size: 3928 MB, Compressed Oops mode: Zero based, Oop shift amount: 3

CDS archive(s) mapped at: [0x0000018200000000-0x0000018200c90000-0x0000018200c90000), size 13172736, SharedBaseAddress: 0x0000018200000000, ArchiveRelocationMode: 1.
Compressed class space mapped at: 0x0000018201000000-0x0000018241000000, reserved size: 1073741824
Narrow klass base: 0x0000018200000000, Narrow klass shift: 0, Narrow klass range: 0x100000000

GC Precious Log:
 CardTable entry size: 512
 Card Set container configuration: InlinePtr #cards 4 size 8 Array Of Cards #cards 16 size 48 Howl #buckets 8 coarsen threshold 3686 Howl Bitmap #cards 512 size 80 coarsen threshold 460 Card regions per heap region 1 cards per card region 4096
 CPUs: 12 total, 12 available
 Memory: 15706M
 Large Page Support: Disabled
 NUMA Support: Disabled
 Compressed Oops: Enabled (Zero based)
 Heap Region Size: 2M
 Heap Min Capacity: 8M
 Heap Initial Capacity: 246M
 Heap Max Capacity: 3928M
 Pre-touch: Disabled
 Parallel Workers: 10
 Concurrent Workers: 3
 Concurrent Refinement Workers: 10
 Periodic GC: Disabled

Heap:
 garbage-first heap   total 251904K, used 2048K [0x000000070a800000, 0x0000000800000000)
  region size 2048K, 2 young (4096K), 0 survivors (0K)
 Metaspace       used 454K, committed 576K, reserved 1114112K
  class space    used 28K, committed 128K, reserved 1048576K

Heap Regions: E=young(eden), S=young(survivor), O=old, HS=humongous(starts), HC=humongous(continues), CS=collection set, F=free, TAMS=top-at-mark-start, PB=parsable bottom
|   0|0x000000070a800000, 0x000000070a800000, 0x000000070aa00000|  0%| F|  |TAMS 0x000000070a800000| PB 0x000000070a800000| Untracked 
|   1|0x000000070aa00000, 0x000000070aa00000, 0x000000070ac00000|  0%| F|  |TAMS 0x000000070aa00000| PB 0x000000070aa00000| Untracked 
|   2|0x000000070ac00000, 0x000000070ac00000, 0x000000070ae00000|  0%| F|  |TAMS 0x000000070ac00000| PB 0x000000070ac00000| Untracked 
|   3|0x000000070ae00000, 0x000000070ae00000, 0x000000070b000000|  0%| F|  |TAMS 0x000000070ae00000| PB 0x000000070ae00000| Untracked 
|   4|0x000000070b000000, 0x000000070b000000, 0x000000070b200000|  0%| F|  |TAMS 0x000000070b000000| PB 0x000000070b000000| Untracked 
|   5|0x000000070b200000, 0x000000070b200000, 0x000000070b400000|  0%| F|  |TAMS 0x000000070b200000| PB 0x000000070b200000| Untracked 
|   6|0x000000070b400000, 0x000000070b400000, 0x000000070b600000|  0%| F|  |TAMS 0x000000070b400000| PB 0x000000070b400000| Untracked 
|   7|0x000000070b600000, 0x000000070b600000, 0x000000070b800000|  0%| F|  |TAMS 0x000000070b600000| PB 0x000000070b600000| Untracked 
|   8|0x000000070b800000, 0x000000070b800000, 0x000000070ba00000|  0%| F|  |TAMS 0x000000070b800000| PB 0x000000070b800000| Untracked 
|   9|0x000000070ba00000, 0x000000070ba00000, 0x000000070bc00000|  0%| F|  |TAMS 0x000000070ba00000| PB 0x000000070ba00000| Untracked 
|  10|0x000000070bc00000, 0x000000070bc00000, 0x000000070be00000|  0%| F|  |TAMS 0x000000070bc00000| PB 0x000000070bc00000| Untracked 
|  11|0x000000070be00000, 0x000000070be00000, 0x000000070c000000|  0%| F|  |TAMS 0x000000070be00000| PB 0x000000070be00000| Untracked 
|  12|0x000000070c000000, 0x000000070c000000, 0x000000070c200000|  0%| F|  |TAMS 0x000000070c000000| PB 0x000000070c000000| Untracked 
|  13|0x000000070c200000, 0x000000070c200000, 0x000000070c400000|  0%| F|  |TAMS 0x000000070c200000| PB 0x000000070c200000| Untracked 
|  14|0x000000070c400000, 0x000000070c400000, 0x000000070c600000|  0%| F|  |TAMS 0x000000070c400000| PB 0x000000070c400000| Untracked 
|  15|0x000000070c600000, 0x000000070c600000, 0x000000070c800000|  0%| F|  |TAMS 0x000000070c600000| PB 0x000000070c600000| Untracked 
|  16|0x000000070c800000, 0x000000070c800000, 0x000000070ca00000|  0%| F|  |TAMS 0x000000070c800000| PB 0x000000070c800000| Untracked 
|  17|0x000000070ca00000, 0x000000070ca00000, 0x000000070cc00000|  0%| F|  |TAMS 0x000000070ca00000| PB 0x000000070ca00000| Untracked 
|  18|0x000000070cc00000, 0x000000070cc00000, 0x000000070ce00000|  0%| F|  |TAMS 0x000000070cc00000| PB 0x000000070cc00000| Untracked 
|  19|0x000000070ce00000, 0x000000070ce00000, 0x000000070d000000|  0%| F|  |TAMS 0x000000070ce00000| PB 0x000000070ce00000| Untracked 
|  20|0x000000070d000000, 0x000000070d000000, 0x000000070d200000|  0%| F|  |TAMS 0x000000070d000000| PB 0x000000070d000000| Untracked 
|  21|0x000000070d200000, 0x000000070d200000, 0x000000070d400000|  0%| F|  |TAMS 0x000000070d200000| PB 0x000000070d200000| Untracked 
|  22|0x000000070d400000, 0x000000070d400000, 0x000000070d600000|  0%| F|  |TAMS 0x000000070d400000| PB 0x000000070d400000| Untracked 
|  23|0x000000070d600000, 0x000000070d600000, 0x000000070d800000|  0%| F|  |TAMS 0x000000070d600000| PB 0x000000070d600000| Untracked 
|  24|0x000000070d800000, 0x000000070d800000, 0x000000070da00000|  0%| F|  |TAMS 0x000000070d800000| PB 0x000000070d800000| Untracked 
|  25|0x000000070da00000, 0x000000070da00000, 0x000000070dc00000|  0%| F|  |TAMS 0x000000070da00000| PB 0x000000070da00000| Untracked 
|  26|0x000000070dc00000, 0x000000070dc00000, 0x000000070de00000|  0%| F|  |TAMS 0x000000070dc00000| PB 0x000000070dc00000| Untracked 
|  27|0x000000070de00000, 0x000000070de00000, 0x000000070e000000|  0%| F|  |TAMS 0x000000070de00000| PB 0x000000070de00000| Untracked 
|  28|0x000000070e000000, 0x000000070e000000, 0x000000070e200000|  0%| F|  |TAMS 0x000000070e000000| PB 0x000000070e000000| Untracked 
|  29|0x000000070e200000, 0x000000070e200000, 0x000000070e400000|  0%| F|  |TAMS 0x000000070e200000| PB 0x000000070e200000| Untracked 
|  30|0x000000070e400000, 0x000000070e400000, 0x000000070e600000|  0%| F|  |TAMS 0x000000070e400000| PB 0x000000070e400000| Untracked 
|  31|0x000000070e600000, 0x000000070e600000, 0x000000070e800000|  0%| F|  |TAMS 0x000000070e600000| PB 0x000000070e600000| Untracked 
|  32|0x000000070e800000, 0x000000070e800000, 0x000000070ea00000|  0%| F|  |TAMS 0x000000070e800000| PB 0x000000070e800000| Untracked 
|  33|0x000000070ea00000, 0x000000070ea00000, 0x000000070ec00000|  0%| F|  |TAMS 0x000000070ea00000| PB 0x000000070ea00000| Untracked 
|  34|0x000000070ec00000, 0x000000070ec00000, 0x000000070ee00000|  0%| F|  |TAMS 0x000000070ec00000| PB 0x000000070ec00000| Untracked 
|  35|0x000000070ee00000, 0x000000070ee00000, 0x000000070f000000|  0%| F|  |TAMS 0x000000070ee00000| PB 0x000000070ee00000| Untracked 
|  36|0x000000070f000000, 0x000000070f000000, 0x000000070f200000|  0%| F|  |TAMS 0x000000070f000000| PB 0x000000070f000000| Untracked 
|  37|0x000000070f200000, 0x000000070f200000, 0x000000070f400000|  0%| F|  |TAMS 0x000000070f200000| PB 0x000000070f200000| Untracked 
|  38|0x000000070f400000, 0x000000070f400000, 0x000000070f600000|  0%| F|  |TAMS 0x000000070f400000| PB 0x000000070f400000| Untracked 
|  39|0x000000070f600000, 0x000000070f600000, 0x000000070f800000|  0%| F|  |TAMS 0x000000070f600000| PB 0x000000070f600000| Untracked 
|  40|0x000000070f800000, 0x000000070f800000, 0x000000070fa00000|  0%| F|  |TAMS 0x000000070f800000| PB 0x000000070f800000| Untracked 
|  41|0x000000070fa00000, 0x000000070fa00000, 0x000000070fc00000|  0%| F|  |TAMS 0x000000070fa00000| PB 0x000000070fa00000| Untracked 
|  42|0x000000070fc00000, 0x000000070fc00000, 0x000000070fe00000|  0%| F|  |TAMS 0x000000070fc00000| PB 0x000000070fc00000| Untracked 
|  43|0x000000070fe00000, 0x000000070fe00000, 0x0000000710000000|  0%| F|  |TAMS 0x000000070fe00000| PB 0x000000070fe00000| Untracked 
|  44|0x0000000710000000, 0x0000000710000000, 0x0000000710200000|  0%| F|  |TAMS 0x0000000710000000| PB 0x0000000710000000| Untracked 
|  45|0x0000000710200000, 0x0000000710200000, 0x0000000710400000|  0%| F|  |TAMS 0x0000000710200000| PB 0x0000000710200000| Untracked 
|  46|0x0000000710400000, 0x0000000710400000, 0x0000000710600000|  0%| F|  |TAMS 0x0000000710400000| PB 0x0000000710400000| Untracked 
|  47|0x0000000710600000, 0x0000000710600000, 0x0000000710800000|  0%| F|  |TAMS 0x0000000710600000| PB 0x0000000710600000| Untracked 
|  48|0x0000000710800000, 0x0000000710800000, 0x0000000710a00000|  0%| F|  |TAMS 0x0000000710800000| PB 0x0000000710800000| Untracked 
|  49|0x0000000710a00000, 0x0000000710a00000, 0x0000000710c00000|  0%| F|  |TAMS 0x0000000710a00000| PB 0x0000000710a00000| Untracked 
|  50|0x0000000710c00000, 0x0000000710c00000, 0x0000000710e00000|  0%| F|  |TAMS 0x0000000710c00000| PB 0x0000000710c00000| Untracked 
|  51|0x0000000710e00000, 0x0000000710e00000, 0x0000000711000000|  0%| F|  |TAMS 0x0000000710e00000| PB 0x0000000710e00000| Untracked 
|  52|0x0000000711000000, 0x0000000711000000, 0x0000000711200000|  0%| F|  |TAMS 0x0000000711000000| PB 0x0000000711000000| Untracked 
|  53|0x0000000711200000, 0x0000000711200000, 0x0000000711400000|  0%| F|  |TAMS 0x0000000711200000| PB 0x0000000711200000| Untracked 
|  54|0x0000000711400000, 0x0000000711400000, 0x0000000711600000|  0%| F|  |TAMS 0x0000000711400000| PB 0x0000000711400000| Untracked 
|  55|0x0000000711600000, 0x0000000711600000, 0x0000000711800000|  0%| F|  |TAMS 0x0000000711600000| PB 0x0000000711600000| Untracked 
|  56|0x0000000711800000, 0x0000000711800000, 0x0000000711a00000|  0%| F|  |TAMS 0x0000000711800000| PB 0x0000000711800000| Untracked 
|  57|0x0000000711a00000, 0x0000000711a00000, 0x0000000711c00000|  0%| F|  |TAMS 0x0000000711a00000| PB 0x0000000711a00000| Untracked 
|  58|0x0000000711c00000, 0x0000000711c00000, 0x0000000711e00000|  0%| F|  |TAMS 0x0000000711c00000| PB 0x0000000711c00000| Untracked 
|  59|0x0000000711e00000, 0x0000000711e00000, 0x0000000712000000|  0%| F|  |TAMS 0x0000000711e00000| PB 0x0000000711e00000| Untracked 
|  60|0x0000000712000000, 0x0000000712000000, 0x0000000712200000|  0%| F|  |TAMS 0x0000000712000000| PB 0x0000000712000000| Untracked 
|  61|0x0000000712200000, 0x0000000712200000, 0x0000000712400000|  0%| F|  |TAMS 0x0000000712200000| PB 0x0000000712200000| Untracked 
|  62|0x0000000712400000, 0x0000000712400000, 0x0000000712600000|  0%| F|  |TAMS 0x0000000712400000| PB 0x0000000712400000| Untracked 
|  63|0x0000000712600000, 0x0000000712600000, 0x0000000712800000|  0%| F|  |TAMS 0x0000000712600000| PB 0x0000000712600000| Untracked 
|  64|0x0000000712800000, 0x0000000712800000, 0x0000000712a00000|  0%| F|  |TAMS 0x0000000712800000| PB 0x0000000712800000| Untracked 
|  65|0x0000000712a00000, 0x0000000712a00000, 0x0000000712c00000|  0%| F|  |TAMS 0x0000000712a00000| PB 0x0000000712a00000| Untracked 
|  66|0x0000000712c00000, 0x0000000712c00000, 0x0000000712e00000|  0%| F|  |TAMS 0x0000000712c00000| PB 0x0000000712c00000| Untracked 
|  67|0x0000000712e00000, 0x0000000712e00000, 0x0000000713000000|  0%| F|  |TAMS 0x0000000712e00000| PB 0x0000000712e00000| Untracked 
|  68|0x0000000713000000, 0x0000000713000000, 0x0000000713200000|  0%| F|  |TAMS 0x0000000713000000| PB 0x0000000713000000| Untracked 
|  69|0x0000000713200000, 0x0000000713200000, 0x0000000713400000|  0%| F|  |TAMS 0x0000000713200000| PB 0x0000000713200000| Untracked 
|  70|0x0000000713400000, 0x0000000713400000, 0x0000000713600000|  0%| F|  |TAMS 0x0000000713400000| PB 0x0000000713400000| Untracked 
|  71|0x0000000713600000, 0x0000000713600000, 0x0000000713800000|  0%| F|  |TAMS 0x0000000713600000| PB 0x0000000713600000| Untracked 
|  72|0x0000000713800000, 0x0000000713800000, 0x0000000713a00000|  0%| F|  |TAMS 0x0000000713800000| PB 0x0000000713800000| Untracked 
|  73|0x0000000713a00000, 0x0000000713a00000, 0x0000000713c00000|  0%| F|  |TAMS 0x0000000713a00000| PB 0x0000000713a00000| Untracked 
|  74|0x0000000713c00000, 0x0000000713c00000, 0x0000000713e00000|  0%| F|  |TAMS 0x0000000713c00000| PB 0x0000000713c00000| Untracked 
|  75|0x0000000713e00000, 0x0000000713e00000, 0x0000000714000000|  0%| F|  |TAMS 0x0000000713e00000| PB 0x0000000713e00000| Untracked 
|  76|0x0000000714000000, 0x0000000714000000, 0x0000000714200000|  0%| F|  |TAMS 0x0000000714000000| PB 0x0000000714000000| Untracked 
|  77|0x0000000714200000, 0x0000000714200000, 0x0000000714400000|  0%| F|  |TAMS 0x0000000714200000| PB 0x0000000714200000| Untracked 
|  78|0x0000000714400000, 0x0000000714400000, 0x0000000714600000|  0%| F|  |TAMS 0x0000000714400000| PB 0x0000000714400000| Untracked 
|  79|0x0000000714600000, 0x0000000714600000, 0x0000000714800000|  0%| F|  |TAMS 0x0000000714600000| PB 0x0000000714600000| Untracked 
|  80|0x0000000714800000, 0x0000000714800000, 0x0000000714a00000|  0%| F|  |TAMS 0x0000000714800000| PB 0x0000000714800000| Untracked 
|  81|0x0000000714a00000, 0x0000000714a00000, 0x0000000714c00000|  0%| F|  |TAMS 0x0000000714a00000| PB 0x0000000714a00000| Untracked 
|  82|0x0000000714c00000, 0x0000000714c00000, 0x0000000714e00000|  0%| F|  |TAMS 0x0000000714c00000| PB 0x0000000714c00000| Untracked 
|  83|0x0000000714e00000, 0x0000000714e00000, 0x0000000715000000|  0%| F|  |TAMS 0x0000000714e00000| PB 0x0000000714e00000| Untracked 
|  84|0x0000000715000000, 0x0000000715000000, 0x0000000715200000|  0%| F|  |TAMS 0x0000000715000000| PB 0x0000000715000000| Untracked 
|  85|0x0000000715200000, 0x0000000715200000, 0x0000000715400000|  0%| F|  |TAMS 0x0000000715200000| PB 0x0000000715200000| Untracked 
|  86|0x0000000715400000, 0x0000000715400000, 0x0000000715600000|  0%| F|  |TAMS 0x0000000715400000| PB 0x0000000715400000| Untracked 
|  87|0x0000000715600000, 0x0000000715600000, 0x0000000715800000|  0%| F|  |TAMS 0x0000000715600000| PB 0x0000000715600000| Untracked 
|  88|0x0000000715800000, 0x0000000715800000, 0x0000000715a00000|  0%| F|  |TAMS 0x0000000715800000| PB 0x0000000715800000| Untracked 
|  89|0x0000000715a00000, 0x0000000715a00000, 0x0000000715c00000|  0%| F|  |TAMS 0x0000000715a00000| PB 0x0000000715a00000| Untracked 
|  90|0x0000000715c00000, 0x0000000715c00000, 0x0000000715e00000|  0%| F|  |TAMS 0x0000000715c00000| PB 0x0000000715c00000| Untracked 
|  91|0x0000000715e00000, 0x0000000715e00000, 0x0000000716000000|  0%| F|  |TAMS 0x0000000715e00000| PB 0x0000000715e00000| Untracked 
|  92|0x0000000716000000, 0x0000000716000000, 0x0000000716200000|  0%| F|  |TAMS 0x0000000716000000| PB 0x0000000716000000| Untracked 
|  93|0x0000000716200000, 0x0000000716200000, 0x0000000716400000|  0%| F|  |TAMS 0x0000000716200000| PB 0x0000000716200000| Untracked 
|  94|0x0000000716400000, 0x0000000716400000, 0x0000000716600000|  0%| F|  |TAMS 0x0000000716400000| PB 0x0000000716400000| Untracked 
|  95|0x0000000716600000, 0x0000000716600000, 0x0000000716800000|  0%| F|  |TAMS 0x0000000716600000| PB 0x0000000716600000| Untracked 
|  96|0x0000000716800000, 0x0000000716800000, 0x0000000716a00000|  0%| F|  |TAMS 0x0000000716800000| PB 0x0000000716800000| Untracked 
|  97|0x0000000716a00000, 0x0000000716a00000, 0x0000000716c00000|  0%| F|  |TAMS 0x0000000716a00000| PB 0x0000000716a00000| Untracked 
|  98|0x0000000716c00000, 0x0000000716c00000, 0x0000000716e00000|  0%| F|  |TAMS 0x0000000716c00000| PB 0x0000000716c00000| Untracked 
|  99|0x0000000716e00000, 0x0000000716e00000, 0x0000000717000000|  0%| F|  |TAMS 0x0000000716e00000| PB 0x0000000716e00000| Untracked 
| 100|0x0000000717000000, 0x0000000717000000, 0x0000000717200000|  0%| F|  |TAMS 0x0000000717000000| PB 0x0000000717000000| Untracked 
| 101|0x0000000717200000, 0x0000000717200000, 0x0000000717400000|  0%| F|  |TAMS 0x0000000717200000| PB 0x0000000717200000| Untracked 
| 102|0x0000000717400000, 0x0000000717400000, 0x0000000717600000|  0%| F|  |TAMS 0x0000000717400000| PB 0x0000000717400000| Untracked 
| 103|0x0000000717600000, 0x0000000717600000, 0x0000000717800000|  0%| F|  |TAMS 0x0000000717600000| PB 0x0000000717600000| Untracked 
| 104|0x0000000717800000, 0x0000000717800000, 0x0000000717a00000|  0%| F|  |TAMS 0x0000000717800000| PB 0x0000000717800000| Untracked 
| 105|0x0000000717a00000, 0x0000000717a00000, 0x0000000717c00000|  0%| F|  |TAMS 0x0000000717a00000| PB 0x0000000717a00000| Untracked 
| 106|0x0000000717c00000, 0x0000000717c00000, 0x0000000717e00000|  0%| F|  |TAMS 0x0000000717c00000| PB 0x0000000717c00000| Untracked 
| 107|0x0000000717e00000, 0x0000000717e00000, 0x0000000718000000|  0%| F|  |TAMS 0x0000000717e00000| PB 0x0000000717e00000| Untracked 
| 108|0x0000000718000000, 0x0000000718000000, 0x0000000718200000|  0%| F|  |TAMS 0x0000000718000000| PB 0x0000000718000000| Untracked 
| 109|0x0000000718200000, 0x0000000718200000, 0x0000000718400000|  0%| F|  |TAMS 0x0000000718200000| PB 0x0000000718200000| Untracked 
| 110|0x0000000718400000, 0x0000000718400000, 0x0000000718600000|  0%| F|  |TAMS 0x0000000718400000| PB 0x0000000718400000| Untracked 
| 111|0x0000000718600000, 0x0000000718600000, 0x0000000718800000|  0%| F|  |TAMS 0x0000000718600000| PB 0x0000000718600000| Untracked 
| 112|0x0000000718800000, 0x0000000718800000, 0x0000000718a00000|  0%| F|  |TAMS 0x0000000718800000| PB 0x0000000718800000| Untracked 
| 113|0x0000000718a00000, 0x0000000718a00000, 0x0000000718c00000|  0%| F|  |TAMS 0x0000000718a00000| PB 0x0000000718a00000| Untracked 
| 114|0x0000000718c00000, 0x0000000718c00000, 0x0000000718e00000|  0%| F|  |TAMS 0x0000000718c00000| PB 0x0000000718c00000| Untracked 
| 115|0x0000000718e00000, 0x0000000718e00000, 0x0000000719000000|  0%| F|  |TAMS 0x0000000718e00000| PB 0x0000000718e00000| Untracked 
| 116|0x0000000719000000, 0x0000000719000000, 0x0000000719200000|  0%| F|  |TAMS 0x0000000719000000| PB 0x0000000719000000| Untracked 
| 117|0x0000000719200000, 0x0000000719200000, 0x0000000719400000|  0%| F|  |TAMS 0x0000000719200000| PB 0x0000000719200000| Untracked 
| 118|0x0000000719400000, 0x0000000719400000, 0x0000000719600000|  0%| F|  |TAMS 0x0000000719400000| PB 0x0000000719400000| Untracked 
| 119|0x0000000719600000, 0x0000000719600000, 0x0000000719800000|  0%| F|  |TAMS 0x0000000719600000| PB 0x0000000719600000| Untracked 
| 120|0x0000000719800000, 0x0000000719800000, 0x0000000719a00000|  0%| F|  |TAMS 0x0000000719800000| PB 0x0000000719800000| Untracked 
| 121|0x0000000719a00000, 0x0000000719b527f0, 0x0000000719c00000| 66%| E|  |TAMS 0x0000000719a00000| PB 0x0000000719a00000| Complete 
| 122|0x0000000719c00000, 0x0000000719e00000, 0x0000000719e00000|100%| E|CS|TAMS 0x0000000719c00000| PB 0x0000000719c00000| Complete 

Card table byte_map: [0x00000182746d0000,0x0000018274e80000] _byte_map_base: 0x0000018270e7c000

Marking Bits: (CMBitMap*) 0x000001825c593570
 Bits: [0x0000018274e80000, 0x0000018278be0000)

Polling page: 0x000001825bd00000

Metaspace:

Usage:
  Non-class:    425.77 KB used.
      Class:     28.37 KB used.
       Both:    454.14 KB used.

Virtual space:
  Non-class space:       64.00 MB reserved,     448.00 KB ( <1%) committed,  1 nodes.
      Class space:        1.00 GB reserved,     128.00 KB ( <1%) committed,  1 nodes.
             Both:        1.06 GB reserved,     576.00 KB ( <1%) committed. 

Chunk freelists:
   Non-Class:  11.95 MB
       Class:  15.74 MB
        Both:  27.69 MB

MaxMetaspaceSize: unlimited
CompressedClassSpaceSize: 1.00 GB
Initial GC threshold: 21.00 MB
Current GC threshold: 21.00 MB
CDS: on
 - commit_granule_bytes: 65536.
 - commit_granule_words: 8192.
 - virtual_space_node_default_size: 8388608.
 - enlarge_chunks_in_place: 1.
 - use_allocation_guard: 0.


Internal statistics:

num_allocs_failed_limit: 0.
num_arena_births: 10.
num_arena_deaths: 0.
num_vsnodes_births: 2.
num_vsnodes_deaths: 0.
num_space_committed: 9.
num_space_uncommitted: 0.
num_chunks_returned_to_freelist: 0.
num_chunks_taken_from_freelist: 14.
num_chunk_merges: 0.
num_chunk_splits: 8.
num_chunks_enlarged: 3.
num_inconsistent_stats: 0.

CodeHeap 'non-profiled nmethods': size=120000Kb used=65Kb max_used=65Kb free=119934Kb
 bounds [0x000001826c490000, 0x000001826c700000, 0x00000182739c0000]
CodeHeap 'profiled nmethods': size=120000Kb used=191Kb max_used=191Kb free=119808Kb
 bounds [0x00000182649c0000, 0x0000018264c30000, 0x000001826bef0000]
CodeHeap 'non-nmethods': size=5760Kb used=1266Kb max_used=1282Kb free=4493Kb
 bounds [0x000001826bef0000, 0x000001826c160000, 0x000001826c490000]
 total_blobs=567 nmethods=182 adapters=290
 compilation: enabled
              stopped_count=0, restarted_count=0
 full_count=0

Compilation events (20 events):
Event: 0.068 Thread 0x000001827b42b680  170       3       java.lang.ref.Reference::<init> (25 bytes)
Event: 0.068 Thread 0x000001827b42b680 nmethod 170 0x00000182649ec010 code [0x00000182649ec1c0, 0x00000182649ec448]
Event: 0.068 Thread 0x000001827b42b680  171       1       java.lang.invoke.MethodHandle::type (5 bytes)
Event: 0.068 Thread 0x000001827b42b680 nmethod 171 0x000001826c49e110 code [0x000001826c49e2a0, 0x000001826c49e370]
Event: 0.070 Thread 0x000001827b42b680  172       3       java.lang.invoke.MethodType::makeImpl (109 bytes)
Event: 0.071 Thread 0x000001827b42b680 nmethod 172 0x00000182649ec510 code [0x00000182649ec7c0, 0x00000182649ed5f8]
Event: 0.071 Thread 0x000001827b42b680  173       3       java.lang.invoke.MethodType::<init> (15 bytes)
Event: 0.071 Thread 0x000001827b42b680 nmethod 173 0x00000182649eda90 code [0x00000182649edc40, 0x00000182649ede70]
Event: 0.071 Thread 0x000001827b42b680  175       3       java.lang.invoke.MemberName::allFlagsSet (16 bytes)
Event: 0.071 Thread 0x000001827b42b680 nmethod 175 0x00000182649edf10 code [0x00000182649ee0a0, 0x00000182649ee208]
Event: 0.071 Thread 0x000001827b42b680  177       3       java.lang.invoke.MethodType::hashCode (53 bytes)
Event: 0.072 Thread 0x000001827b42b680 nmethod 177 0x00000182649ee290 code [0x00000182649ee460, 0x00000182649ee7f0]
Event: 0.072 Thread 0x000001827b42b680  176       3       java.lang.invoke.MethodType::methodType (69 bytes)
Event: 0.072 Thread 0x000001827b42b680 nmethod 176 0x00000182649ee990 code [0x00000182649eeba0, 0x00000182649ef078]
Event: 0.072 Thread 0x000001827b42b680  179       3       java.lang.invoke.MemberName::initResolved (53 bytes)
Event: 0.072 Thread 0x000001827b42b680 nmethod 179 0x00000182649ef210 code [0x00000182649ef3c0, 0x00000182649ef578]
Event: 0.073 Thread 0x000001827b42b680  180       3       java.lang.StringUTF16::getChar (60 bytes)
Event: 0.073 Thread 0x000001827b42b680 nmethod 180 0x00000182649ef610 code [0x00000182649ef7c0, 0x00000182649ef930]
Event: 0.074 Thread 0x000001827b42b680  182       3       java.lang.Enum::<init> (15 bytes)
Event: 0.074 Thread 0x000001827b42b680 nmethod 182 0x00000182649efa10 code [0x00000182649efbc0, 0x00000182649efd90]

GC Heap History (0 events):
No events

Dll operation events (3 events):
Event: 0.006 Loaded shared library C:\Program Files\Java\jdk-21\bin\java.dll
Event: 0.034 Loaded shared library C:\Program Files\Java\jdk-21\bin\jsvml.dll
Event: 0.060 Loaded shared library C:\Program Files\Java\jdk-21\bin\jimage.dll

Deoptimization events (0 events):
No events

Classes loaded (20 events):
Event: 0.056 Loading class java/io/Reader done
Event: 0.056 Loading class java/io/InputStreamReader done
Event: 0.056 Loading class sun/nio/cs/StreamDecoder
Event: 0.056 Loading class sun/nio/cs/StreamDecoder done
Event: 0.056 Loading class sun/nio/cs/UTF_8$Decoder
Event: 0.056 Loading class sun/nio/cs/UTF_8$Decoder done
Event: 0.056 Loading class java/util/Scanner$PatternLRUCache
Event: 0.056 Loading class java/util/Scanner$PatternLRUCache done
Event: 0.059 Loading class jdk/internal/module/ModulePatcher$PatchedModuleReader
Event: 0.059 Loading class jdk/internal/module/ModulePatcher$PatchedModuleReader done
Event: 0.061 Loading class sun/net/www/protocol/jrt/Handler
Event: 0.061 Loading class sun/net/www/protocol/jrt/Handler done
Event: 0.066 Loading class sun/util/resources/LocaleData$CommonResourceBundleProvider
Event: 0.066 Loading class sun/util/resources/LocaleData$LocaleDataResourceBundleProvider
Event: 0.066 Loading class java/util/spi/ResourceBundleProvider
Event: 0.066 Loading class java/util/spi/ResourceBundleProvider done
Event: 0.066 Loading class sun/util/resources/LocaleData$LocaleDataResourceBundleProvider done
Event: 0.066 Loading class sun/util/resources/LocaleData$CommonResourceBundleProvider done
Event: 0.067 Loading class sun/util/resources/Bundles$2
Event: 0.067 Loading class sun/util/resources/Bundles$2 done

Classes unloaded (0 events):
No events

Classes redefined (0 events):
No events

Internal exceptions (0 events):
No events

ZGC Phase Switch (0 events):
No events

VM Operations (0 events):
No events

Events (11 events):
Event: 0.018 Thread 0x000001825a2a0670 Thread added: 0x000001825a2a0670
Event: 0.032 Thread 0x000001827b40edd0 Thread added: 0x000001827b40edd0
Event: 0.032 Thread 0x000001827b40fae0 Thread added: 0x000001827b40fae0
Event: 0.032 Thread 0x000001827b4116a0 Thread added: 0x000001827b4116a0
Event: 0.032 Thread 0x000001827b416100 Thread added: 0x000001827b416100
Event: 0.032 Thread 0x000001827b41b170 Thread added: 0x000001827b41b170
Event: 0.032 Thread 0x000001827b425e60 Thread added: 0x000001827b425e60
Event: 0.032 Thread 0x000001827b426be0 Thread added: 0x000001827b426be0
Event: 0.032 Thread 0x000001827b42b680 Thread added: 0x000001827b42b680
Event: 0.044 Thread 0x0000018245252ae0 Thread added: 0x0000018245252ae0
Event: 0.046 Thread 0x0000018245279750 Thread added: 0x0000018245279750


Dynamic libraries:
0x00007ff70c490000 - 0x00007ff70c4a0000 	C:\Program Files\Java\jdk-21\bin\java.exe
0x00007ffa41250000 - 0x00007ffa41448000 	C:\Windows\SYSTEM32\ntdll.dll
0x00007ffa40c90000 - 0x00007ffa40d52000 	C:\Windows\System32\KERNEL32.DLL
0x00007ffa3ee60000 - 0x00007ffa3f156000 	C:\Windows\System32\KERNELBASE.dll
0x00007ffa3e8b0000 - 0x00007ffa3e9b0000 	C:\Windows\System32\ucrtbase.dll
0x00007ffa2ba40000 - 0x00007ffa2ba59000 	C:\Program Files\Java\jdk-21\bin\jli.dll
0x00007ffa376a0000 - 0x00007ffa376bb000 	C:\Program Files\Java\jdk-21\bin\VCRUNTIME140.dll
0x00007ffa3ff40000 - 0x00007ffa3fff1000 	C:\Windows\System32\ADVAPI32.dll
0x00007ffa40240000 - 0x00007ffa402de000 	C:\Windows\System32\msvcrt.dll
0x00007ffa3f270000 - 0x00007ffa3f30f000 	C:\Windows\System32\sechost.dll
0x00007ffa402e0000 - 0x00007ffa40400000 	C:\Windows\System32\RPCRT4.dll
0x00007ffa3f160000 - 0x00007ffa3f187000 	C:\Windows\System32\bcrypt.dll
0x00007ffa3fd90000 - 0x00007ffa3ff31000 	C:\Windows\System32\USER32.dll
0x00007ffa2aed0000 - 0x00007ffa2b16b000 	C:\Windows\WinSxS\amd64_microsoft.windows.common-controls_6595b64144ccf1df_6.0.19041.6456_none_60b8a6cb71f64256\COMCTL32.dll
0x00007ffa3ebb0000 - 0x00007ffa3ebd2000 	C:\Windows\System32\win32u.dll
0x00007ffa3f240000 - 0x00007ffa3f26b000 	C:\Windows\System32\GDI32.dll
0x00007ffa3ea90000 - 0x00007ffa3eba9000 	C:\Windows\System32\gdi32full.dll
0x00007ffa3ebe0000 - 0x00007ffa3ec7d000 	C:\Windows\System32\msvcp_win.dll
0x00007ffa34920000 - 0x00007ffa3492a000 	C:\Windows\SYSTEM32\VERSION.dll
0x00007ffa41120000 - 0x00007ffa4114f000 	C:\Windows\System32\IMM32.DLL
0x00007ffa3a650000 - 0x00007ffa3a65c000 	C:\Program Files\Java\jdk-21\bin\vcruntime140_1.dll
0x00007ffa20110000 - 0x00007ffa2019e000 	C:\Program Files\Java\jdk-21\bin\msvcp140.dll
0x00007ff9cf420000 - 0x00007ff9d013a000 	C:\Program Files\Java\jdk-21\bin\server\jvm.dll
0x00007ffa40420000 - 0x00007ffa4048b000 	C:\Windows\System32\WS2_32.dll
0x00007ffa3e2a0000 - 0x00007ffa3e2eb000 	C:\Windows\SYSTEM32\POWRPROF.dll
0x00007ffa323f0000 - 0x00007ffa32417000 	C:\Windows\SYSTEM32\WINMM.dll
0x00007ffa3e280000 - 0x00007ffa3e292000 	C:\Windows\SYSTEM32\UMPDC.dll
0x00007ffa3d080000 - 0x00007ffa3d092000 	C:\Windows\SYSTEM32\kernel.appcore.dll
0x00007ffa397a0000 - 0x00007ffa397aa000 	C:\Program Files\Java\jdk-21\bin\jimage.dll
0x00007ffa3c330000 - 0x00007ffa3c531000 	C:\Windows\SYSTEM32\DBGHELP.DLL
0x00007ffa29f10000 - 0x00007ffa29f44000 	C:\Windows\SYSTEM32\dbgcore.DLL
0x00007ffa3e9b0000 - 0x00007ffa3ea32000 	C:\Windows\System32\bcryptPrimitives.dll
0x00007ffa20220000 - 0x00007ffa2023f000 	C:\Program Files\Java\jdk-21\bin\java.dll
0x00007ffa3f390000 - 0x00007ffa3fb00000 	C:\Windows\System32\SHELL32.dll
0x00007ffa3c8c0000 - 0x00007ffa3d065000 	C:\Windows\SYSTEM32\windows.storage.dll
0x00007ffa40dc0000 - 0x00007ffa41114000 	C:\Windows\System32\combase.dll
0x00007ffa3e120000 - 0x00007ffa3e14b000 	C:\Windows\SYSTEM32\Wldp.dll
0x00007ffa40b00000 - 0x00007ffa40bcd000 	C:\Windows\System32\OLEAUT32.dll
0x00007ffa40be0000 - 0x00007ffa40c8d000 	C:\Windows\System32\SHCORE.dll
0x00007ffa40980000 - 0x00007ffa409db000 	C:\Windows\System32\shlwapi.dll
0x00007ffa3e7e0000 - 0x00007ffa3e804000 	C:\Windows\SYSTEM32\profapi.dll
0x00007ffa16e90000 - 0x00007ffa16f67000 	C:\Program Files\Java\jdk-21\bin\jsvml.dll

dbghelp: loaded successfully - version: 4.0.5 - missing functions: none
symbol engine: initialized successfully - sym options: 0x614 - pdb path: .;C:\Program Files\Java\jdk-21\bin;C:\Windows\SYSTEM32;C:\Windows\WinSxS\amd64_microsoft.windows.common-controls_6595b64144ccf1df_6.0.19041.6456_none_60b8a6cb71f64256;C:\Program Files\Java\jdk-21\bin\server

VM Arguments:
jvm_args: -Xverify:none 
java_command: enums.M
java_class_path (initial): Output
Launcher Type: SUN_STANDARD

[Global flags]
     intx CICompilerCount                          = 4                                         {product} {ergonomic}
     uint ConcGCThreads                            = 3                                         {product} {ergonomic}
     uint G1ConcRefinementThreads                  = 10                                        {product} {ergonomic}
   size_t G1HeapRegionSize                         = 2097152                                   {product} {ergonomic}
    uintx GCDrainStackTargetSize                   = 64                                        {product} {ergonomic}
   size_t InitialHeapSize                          = 257949696                                 {product} {ergonomic}
   size_t MarkStackSize                            = 4194304                                   {product} {ergonomic}
   size_t MaxHeapSize                              = 4118806528                                {product} {ergonomic}
   size_t MaxNewSize                               = 2470445056                                {product} {ergonomic}
   size_t MinHeapDeltaBytes                        = 2097152                                   {product} {ergonomic}
   size_t MinHeapSize                              = 8388608                                   {product} {ergonomic}
    uintx NonNMethodCodeHeapSize                   = 5839372                                {pd product} {ergonomic}
    uintx NonProfiledCodeHeapSize                  = 122909434                              {pd product} {ergonomic}
    uintx ProfiledCodeHeapSize                     = 122909434                              {pd product} {ergonomic}
    uintx ReservedCodeCacheSize                    = 251658240                              {pd product} {ergonomic}
     bool SegmentedCodeCache                       = true                                      {product} {ergonomic}
   size_t SoftMaxHeapSize                          = 4118806528                             {manageable} {ergonomic}
     bool UseCompressedOops                        = true                           {product lp64_product} {ergonomic}
     bool UseG1GC                                  = true                                      {product} {ergonomic}
     bool UseLargePagesIndividualAllocation        = false                                  {pd product} {ergonomic}

Logging:
Log output configuration:
 #0: stdout all=warning uptime,level,tags foldmultilines=false
 #1: stderr all=off uptime,level,tags foldmultilines=false

Environment Variables:
CLASSPATH=C:\LINGO64_20\Lingo20.jar
PATH=C:\Program Files\Common Files\Oracle\Java\javapath;C:\VulkanSDK\1.3.275.0\Bin;C:\ProgramData\Oracle\Java\javapath;C:\Windows\system32;C:\Windows;C:\Windows\System32\Wbem;C:\Windows\System32\WindowsPowerShell\v1.0\;C:\Windows\System32\OpenSSH\;C:\Program Files (x86)\dotnet\;C:\Program Files (x86)\HP\Common\HPDestPlgIn\;C:\Program Files\dotnet\;c:\altera\90sp2\quartus\bin;C:\Strawberry\c\bin;C:\Strawberry\perl\site\bin;C:\Strawberry\perl\bin;C:\Program Files\doxygen\bin;C:\Program Files (x86)\NVIDIA Corporation\PhysX\Common;C:\Program Files\Git\cmd;C:\Program Files\NVIDIA Corporation\NVIDIA app\NvDLISR;C:\Program Files\TortoiseHg\;C:\Program Files\PuTTY\;C:\LINGO64_20\;C:\Program Files\nodejs\;C:\Program Files\Docker\Docker\resources\bin;C:\Program Files\MySQL\MySQL Shell 8.0\bin\;C:\Users\Acer\AppData\Local\Programs\Python\Python312\Scripts\;C:\Users\Acer\AppData\Local\Programs\Python\Python312\;C:\Users\Acer\AppData\Local\Microsoft\WindowsApps;C:\Program Files (x86)\HP\Common\HPDestPlgIn\;C:\Program Files\heroku\bin;C:\Program Files\doxygen\bin;C:\Users\Acer\.dotnet\tools;C:\Users\Acer\AppData\Local\GitHubDesktop\bin;C:\Users\Acer\AppData\Local\Programs\Microsoft VS Code\bin;C:\Program Files\apache-maven-3.9.9-bin\apache-maven-3.9.9\bin;C:\Users\Acer\AppData\Roaming\npm;C:\Program Files (x86)\GnuWin32\bin;C:\GnuWin32\bin;C:\Program Files\JetBrains\CLion 2025.3\bin;C:\Program Files\Java\jdk-21\bin;
USERNAME=Acer
OS=Windows_NT
PROCESSOR_IDENTIFIER=AMD64 Family 23 Model 104 Stepping 1, AuthenticAMD
TMP=C:\Users\Acer\AppData\Local\Temp
TEMP=C:\Users\Acer\AppData\Local\Temp




Periodic native trim disabled

---------------  S Y S T E M  ---------------

OS:
 Windows 10 , 64 bit Build 19041 (10.0.19041.5915)
OS uptime: 0 days 8:13 hours
Hyper-V role detected

CPU: total 12 (initial active 12) (12 cores per cpu, 2 threads per core) family 23 model 104 stepping 1 microcode 0x0, cx8, cmov, fxsr, ht, mmx, 3dnowpref, sse, sse2, sse3, ssse3, sse4a, sse4.1, sse4.2, popcnt, lzcnt, tsc, tscinvbit, avx, avx2, aes, clmul, bmi1, bmi2, adx, sha, fma, vzeroupper, clflush, clflushopt, hv, rdtscp, rdpid, f16c
Processor Information for all 12 processors :
  Max Mhz: 2100, Current Mhz: 2100, Mhz Limit: 2100

Memory: 4k page, system-wide physical 15706M (4661M free)
TotalPageFile size 19290M (AvailPageFile size 4509M)
current process WorkingSet (physical memory assigned to process): 37M, peak: 37M
current process commit charge ("private bytes"): 334M, peak: 334M

vm_info: Java HotSpot(TM) 64-Bit Server VM (21.0.6+8-LTS-188) for windows-amd64 JRE (21.0.6+8-LTS-188), built on 2024-12-03T10:50:54Z by "mach5one" with MS VC++ 17.6 (VS2022)

END.
